INFO - 2024-07-25 10:07:47 --> Session: Class initialized using 'CodeIgniter\Session\Handlers\FileHandler' driver.
INFO - 2024-07-25 10:07:54 --> Session: Class initialized using 'CodeIgniter\Session\Handlers\FileHandler' driver.
INFO - 2024-07-25 10:08:07 --> Session: Class initialized using 'CodeIgniter\Session\Handlers\FileHandler' driver.
INFO - 2024-07-25 10:08:12 --> Session: Class initialized using 'CodeIgniter\Session\Handlers\FileHandler' driver.
INFO - 2024-07-25 10:08:12 --> Session: Class initialized using 'CodeIgniter\Session\Handlers\FileHandler' driver.
INFO - 2024-07-25 10:08:22 --> Session: Class initialized using 'CodeIgniter\Session\Handlers\FileHandler' driver.
INFO - 2024-07-25 10:08:28 --> Session: Class initialized using 'CodeIgniter\Session\Handlers\FileHandler' driver.
INFO - 2024-07-25 10:08:40 --> Session: Class initialized using 'CodeIgniter\Session\Handlers\FileHandler' driver.
INFO - 2024-07-25 15:17:28 --> Session: Class initialized using 'CodeIgniter\Session\Handlers\FileHandler' driver.
INFO - 2024-07-25 15:17:34 --> Session: Class initialized using 'CodeIgniter\Session\Handlers\FileHandler' driver.
INFO - 2024-07-25 15:17:37 --> Session: Class initialized using 'CodeIgniter\Session\Handlers\FileHandler' driver.
INFO - 2024-07-25 15:17:51 --> Session: Class initialized using 'CodeIgniter\Session\Handlers\FileHandler' driver.
INFO - 2024-07-25 15:17:51 --> Session: Class initialized using 'CodeIgniter\Session\Handlers\FileHandler' driver.
INFO - 2024-07-25 15:18:02 --> Session: Class initialized using 'CodeIgniter\Session\Handlers\FileHandler' driver.
INFO - 2024-07-25 15:18:03 --> Session: Class initialized using 'CodeIgniter\Session\Handlers\FileHandler' driver.
INFO - 2024-07-25 15:18:34 --> Session: Class initialized using 'CodeIgniter\Session\Handlers\FileHandler' driver.
INFO - 2024-07-25 15:18:49 --> Session: Class initialized using 'CodeIgniter\Session\Handlers\FileHandler' driver.
INFO - 2024-07-25 15:39:38 --> Session: Class initialized using 'CodeIgniter\Session\Handlers\FileHandler' driver.
INFO - 2024-07-25 15:40:18 --> Session: Class initialized using 'CodeIgniter\Session\Handlers\FileHandler' driver.
INFO - 2024-07-25 17:16:12 --> Session: Class initialized using 'CodeIgniter\Session\Handlers\FileHandler' driver.
INFO - 2024-07-25 17:38:28 --> Session: Class initialized using 'CodeIgniter\Session\Handlers\FileHandler' driver.
INFO - 2024-07-25 17:39:37 --> Session: Class initialized using 'CodeIgniter\Session\Handlers\FileHandler' driver.
INFO - 2024-07-25 17:40:33 --> Session: Class initialized using 'CodeIgniter\Session\Handlers\FileHandler' driver.
INFO - 2024-07-25 17:41:32 --> Session: Class initialized using 'CodeIgniter\Session\Handlers\FileHandler' driver.
INFO - 2024-07-25 17:41:56 --> Session: Class initialized using 'CodeIgniter\Session\Handlers\FileHandler' driver.
CRITICAL - 2024-07-25 17:41:56 --> ErrorException: Undefined property: App\Controllers\PartnerController::$input
[Method: GET, Route: product_favorite]
in APPPATH\Controllers\PartnerController.php on line 50.
 1 APPPATH\Controllers\PartnerController.php(50): CodeIgniter\Debug\Exceptions->errorHandler(2, 'Undefined property: App\\Controllers\\PartnerController::$input', 'C:\\xampp\\htdocs\\happymeds\\app\\Controllers\\PartnerController.php', 50)
 2 SYSTEMPATH\CodeIgniter.php(933): App\Controllers\PartnerController->addFavorite()
 3 SYSTEMPATH\CodeIgniter.php(509): CodeIgniter\CodeIgniter->runController(Object(App\Controllers\PartnerController))
 4 SYSTEMPATH\CodeIgniter.php(355): CodeIgniter\CodeIgniter->handleRequest(null, Object(Config\Cache), false)
 5 SYSTEMPATH\Boot.php(312): CodeIgniter\CodeIgniter->run()
 6 SYSTEMPATH\Boot.php(67): CodeIgniter\Boot::runCodeIgniter(Object(CodeIgniter\CodeIgniter))
 7 FCPATH\index.php(56): CodeIgniter\Boot::bootWeb(Object(Config\Paths))
INFO - 2024-07-25 17:43:06 --> Session: Class initialized using 'CodeIgniter\Session\Handlers\FileHandler' driver.
CRITICAL - 2024-07-25 17:43:06 --> ErrorException: Undefined property: App\Controllers\PartnerController::$Product_model
[Method: GET, Route: product_favorite]
in APPPATH\Controllers\PartnerController.php on line 52.
 1 APPPATH\Controllers\PartnerController.php(52): CodeIgniter\Debug\Exceptions->errorHandler(2, 'Undefined property: App\\Controllers\\PartnerController::$Product_model', 'C:\\xampp\\htdocs\\happymeds\\app\\Controllers\\PartnerController.php', 52)
 2 SYSTEMPATH\CodeIgniter.php(933): App\Controllers\PartnerController->addFavorite()
 3 SYSTEMPATH\CodeIgniter.php(509): CodeIgniter\CodeIgniter->runController(Object(App\Controllers\PartnerController))
 4 SYSTEMPATH\CodeIgniter.php(355): CodeIgniter\CodeIgniter->handleRequest(null, Object(Config\Cache), false)
 5 SYSTEMPATH\Boot.php(312): CodeIgniter\CodeIgniter->run()
 6 SYSTEMPATH\Boot.php(67): CodeIgniter\Boot::runCodeIgniter(Object(CodeIgniter\CodeIgniter))
 7 FCPATH\index.php(56): CodeIgniter\Boot::bootWeb(Object(Config\Paths))
INFO - 2024-07-25 17:43:54 --> Session: Class initialized using 'CodeIgniter\Session\Handlers\FileHandler' driver.
CRITICAL - 2024-07-25 17:43:54 --> ArgumentCountError: Too few arguments to function App\Models\ProductHoldingsModel::updateFavorite(), 1 passed in C:\xampp\htdocs\happymeds\app\Controllers\PartnerController.php on line 52 and exactly 2 expected
[Method: GET, Route: product_favorite]
in APPPATH\Models\ProductHoldingsModel.php on line 26.
 1 APPPATH\Controllers\PartnerController.php(52): App\Models\ProductHoldingsModel->updateFavorite(null)
 2 SYSTEMPATH\CodeIgniter.php(933): App\Controllers\PartnerController->addFavorite()
 3 SYSTEMPATH\CodeIgniter.php(509): CodeIgniter\CodeIgniter->runController(Object(App\Controllers\PartnerController))
 4 SYSTEMPATH\CodeIgniter.php(355): CodeIgniter\CodeIgniter->handleRequest(null, Object(Config\Cache), false)
 5 SYSTEMPATH\Boot.php(312): CodeIgniter\CodeIgniter->run()
 6 SYSTEMPATH\Boot.php(67): CodeIgniter\Boot::runCodeIgniter(Object(CodeIgniter\CodeIgniter))
 7 FCPATH\index.php(56): CodeIgniter\Boot::bootWeb(Object(Config\Paths))
INFO - 2024-07-25 17:44:55 --> Session: Class initialized using 'CodeIgniter\Session\Handlers\FileHandler' driver.
CRITICAL - 2024-07-25 17:44:55 --> Error: Call to undefined method CodeIgniter\Database\MySQLi\Connection::select()
[Method: GET, Route: product_favorite]
in APPPATH\Models\ProductHoldingsModel.php on line 29.
 1 APPPATH\Controllers\PartnerController.php(52): App\Models\ProductHoldingsModel->updateFavorite(null)
 2 SYSTEMPATH\CodeIgniter.php(933): App\Controllers\PartnerController->addFavorite()
 3 SYSTEMPATH\CodeIgniter.php(509): CodeIgniter\CodeIgniter->runController(Object(App\Controllers\PartnerController))
 4 SYSTEMPATH\CodeIgniter.php(355): CodeIgniter\CodeIgniter->handleRequest(null, Object(Config\Cache), false)
 5 SYSTEMPATH\Boot.php(312): CodeIgniter\CodeIgniter->run()
 6 SYSTEMPATH\Boot.php(67): CodeIgniter\Boot::runCodeIgniter(Object(CodeIgniter\CodeIgniter))
 7 FCPATH\index.php(56): CodeIgniter\Boot::bootWeb(Object(Config\Paths))
INFO - 2024-07-25 17:46:12 --> Session: Class initialized using 'CodeIgniter\Session\Handlers\FileHandler' driver.
CRITICAL - 2024-07-25 17:46:12 --> ErrorException: Undefined array key "favorite"
[Method: GET, Route: product_favorite]
in APPPATH\Models\ProductHoldingsModel.php on line 32.
 1 APPPATH\Models\ProductHoldingsModel.php(32): CodeIgniter\Debug\Exceptions->errorHandler(2, 'Undefined array key "favorite"', 'C:\\xampp\\htdocs\\happymeds\\app\\Models\\ProductHoldingsModel.php', 32)
 2 APPPATH\Controllers\PartnerController.php(52): App\Models\ProductHoldingsModel->updateFavorite(null)
 3 SYSTEMPATH\CodeIgniter.php(933): App\Controllers\PartnerController->addFavorite()
 4 SYSTEMPATH\CodeIgniter.php(509): CodeIgniter\CodeIgniter->runController(Object(App\Controllers\PartnerController))
 5 SYSTEMPATH\CodeIgniter.php(355): CodeIgniter\CodeIgniter->handleRequest(null, Object(Config\Cache), false)
 6 SYSTEMPATH\Boot.php(312): CodeIgniter\CodeIgniter->run()
 7 SYSTEMPATH\Boot.php(67): CodeIgniter\Boot::runCodeIgniter(Object(CodeIgniter\CodeIgniter))
 8 FCPATH\index.php(56): CodeIgniter\Boot::bootWeb(Object(Config\Paths))
INFO - 2024-07-25 17:47:58 --> Session: Class initialized using 'CodeIgniter\Session\Handlers\FileHandler' driver.
INFO - 2024-07-25 17:47:58 --> Toggled favorite status for product ID: 
CRITICAL - 2024-07-25 17:47:58 --> ErrorException: Undefined array key "favorite"
[Method: GET, Route: product_favorite]
in APPPATH\Models\ProductHoldingsModel.php on line 32.
 1 APPPATH\Models\ProductHoldingsModel.php(32): CodeIgniter\Debug\Exceptions->errorHandler(2, 'Undefined array key "favorite"', 'C:\\xampp\\htdocs\\happymeds\\app\\Models\\ProductHoldingsModel.php', 32)
 2 APPPATH\Controllers\PartnerController.php(52): App\Models\ProductHoldingsModel->updateFavorite(null)
 3 SYSTEMPATH\CodeIgniter.php(933): App\Controllers\PartnerController->addFavorite()
 4 SYSTEMPATH\CodeIgniter.php(509): CodeIgniter\CodeIgniter->runController(Object(App\Controllers\PartnerController))
 5 SYSTEMPATH\CodeIgniter.php(355): CodeIgniter\CodeIgniter->handleRequest(null, Object(Config\Cache), false)
 6 SYSTEMPATH\Boot.php(312): CodeIgniter\CodeIgniter->run()
 7 SYSTEMPATH\Boot.php(67): CodeIgniter\Boot::runCodeIgniter(Object(CodeIgniter\CodeIgniter))
 8 FCPATH\index.php(56): CodeIgniter\Boot::bootWeb(Object(Config\Paths))
INFO - 2024-07-25 17:48:50 --> Session: Class initialized using 'CodeIgniter\Session\Handlers\FileHandler' driver.
INFO - 2024-07-25 17:48:50 --> Toggled favorite status for product ID: 
CRITICAL - 2024-07-25 17:48:50 --> ErrorException: Undefined array key "favorite"
[Method: GET, Route: product_favorite]
in APPPATH\Models\ProductHoldingsModel.php on line 32.
 1 APPPATH\Models\ProductHoldingsModel.php(32): CodeIgniter\Debug\Exceptions->errorHandler(2, 'Undefined array key "favorite"', 'C:\\xampp\\htdocs\\happymeds\\app\\Models\\ProductHoldingsModel.php', 32)
 2 APPPATH\Controllers\PartnerController.php(52): App\Models\ProductHoldingsModel->updateFavorite(null)
 3 SYSTEMPATH\CodeIgniter.php(933): App\Controllers\PartnerController->addFavorite()
 4 SYSTEMPATH\CodeIgniter.php(509): CodeIgniter\CodeIgniter->runController(Object(App\Controllers\PartnerController))
 5 SYSTEMPATH\CodeIgniter.php(355): CodeIgniter\CodeIgniter->handleRequest(null, Object(Config\Cache), false)
 6 SYSTEMPATH\Boot.php(312): CodeIgniter\CodeIgniter->run()
 7 SYSTEMPATH\Boot.php(67): CodeIgniter\Boot::runCodeIgniter(Object(CodeIgniter\CodeIgniter))
 8 FCPATH\index.php(56): CodeIgniter\Boot::bootWeb(Object(Config\Paths))
INFO - 2024-07-25 17:49:12 --> Session: Class initialized using 'CodeIgniter\Session\Handlers\FileHandler' driver.
INFO - 2024-07-25 17:49:23 --> Session: Class initialized using 'CodeIgniter\Session\Handlers\FileHandler' driver.
INFO - 2024-07-25 17:49:23 --> Toggled favorite status for product ID: 
CRITICAL - 2024-07-25 17:49:23 --> ErrorException: Undefined array key "favorite"
[Method: GET, Route: product_favorite]
in APPPATH\Models\ProductHoldingsModel.php on line 32.
 1 APPPATH\Models\ProductHoldingsModel.php(32): CodeIgniter\Debug\Exceptions->errorHandler(2, 'Undefined array key "favorite"', 'C:\\xampp\\htdocs\\happymeds\\app\\Models\\ProductHoldingsModel.php', 32)
 2 APPPATH\Controllers\PartnerController.php(52): App\Models\ProductHoldingsModel->updateFavorite(null)
 3 SYSTEMPATH\CodeIgniter.php(933): App\Controllers\PartnerController->addFavorite()
 4 SYSTEMPATH\CodeIgniter.php(509): CodeIgniter\CodeIgniter->runController(Object(App\Controllers\PartnerController))
 5 SYSTEMPATH\CodeIgniter.php(355): CodeIgniter\CodeIgniter->handleRequest(null, Object(Config\Cache), false)
 6 SYSTEMPATH\Boot.php(312): CodeIgniter\CodeIgniter->run()
 7 SYSTEMPATH\Boot.php(67): CodeIgniter\Boot::runCodeIgniter(Object(CodeIgniter\CodeIgniter))
 8 FCPATH\index.php(56): CodeIgniter\Boot::bootWeb(Object(Config\Paths))
INFO - 2024-07-25 17:49:36 --> Session: Class initialized using 'CodeIgniter\Session\Handlers\FileHandler' driver.
INFO - 2024-07-25 17:49:36 --> Toggled favorite status for product ID: 
CRITICAL - 2024-07-25 17:49:36 --> ErrorException: Undefined array key "favorite"
[Method: GET, Route: product_favorite]
in APPPATH\Models\ProductHoldingsModel.php on line 32.
 1 APPPATH\Models\ProductHoldingsModel.php(32): CodeIgniter\Debug\Exceptions->errorHandler(2, 'Undefined array key "favorite"', 'C:\\xampp\\htdocs\\happymeds\\app\\Models\\ProductHoldingsModel.php', 32)
 2 APPPATH\Controllers\PartnerController.php(52): App\Models\ProductHoldingsModel->updateFavorite(null)
 3 SYSTEMPATH\CodeIgniter.php(933): App\Controllers\PartnerController->addFavorite()
 4 SYSTEMPATH\CodeIgniter.php(509): CodeIgniter\CodeIgniter->runController(Object(App\Controllers\PartnerController))
 5 SYSTEMPATH\CodeIgniter.php(355): CodeIgniter\CodeIgniter->handleRequest(null, Object(Config\Cache), false)
 6 SYSTEMPATH\Boot.php(312): CodeIgniter\CodeIgniter->run()
 7 SYSTEMPATH\Boot.php(67): CodeIgniter\Boot::runCodeIgniter(Object(CodeIgniter\CodeIgniter))
 8 FCPATH\index.php(56): CodeIgniter\Boot::bootWeb(Object(Config\Paths))
INFO - 2024-07-25 17:50:42 --> Session: Class initialized using 'CodeIgniter\Session\Handlers\FileHandler' driver.
INFO - 2024-07-25 17:51:15 --> Session: Class initialized using 'CodeIgniter\Session\Handlers\FileHandler' driver.
INFO - 2024-07-25 17:51:15 --> Toggled favorite status for product ID: 
CRITICAL - 2024-07-25 17:51:15 --> ErrorException: Undefined array key "favorite"
[Method: GET, Route: product_favorite]
in APPPATH\Models\ProductHoldingsModel.php on line 32.
 1 APPPATH\Models\ProductHoldingsModel.php(32): CodeIgniter\Debug\Exceptions->errorHandler(2, 'Undefined array key "favorite"', 'C:\\xampp\\htdocs\\happymeds\\app\\Models\\ProductHoldingsModel.php', 32)
 2 APPPATH\Controllers\PartnerController.php(52): App\Models\ProductHoldingsModel->updateFavorite(null)
 3 SYSTEMPATH\CodeIgniter.php(933): App\Controllers\PartnerController->addFavorite()
 4 SYSTEMPATH\CodeIgniter.php(509): CodeIgniter\CodeIgniter->runController(Object(App\Controllers\PartnerController))
 5 SYSTEMPATH\CodeIgniter.php(355): CodeIgniter\CodeIgniter->handleRequest(null, Object(Config\Cache), false)
 6 SYSTEMPATH\Boot.php(312): CodeIgniter\CodeIgniter->run()
 7 SYSTEMPATH\Boot.php(67): CodeIgniter\Boot::runCodeIgniter(Object(CodeIgniter\CodeIgniter))
 8 FCPATH\index.php(56): CodeIgniter\Boot::bootWeb(Object(Config\Paths))
INFO - 2024-07-25 17:51:31 --> Session: Class initialized using 'CodeIgniter\Session\Handlers\FileHandler' driver.
INFO - 2024-07-25 17:51:31 --> Toggled favorite status for product ID: 
CRITICAL - 2024-07-25 17:51:31 --> ErrorException: Undefined array key "favorite"
[Method: GET, Route: product_favorite]
in APPPATH\Models\ProductHoldingsModel.php on line 32.
 1 APPPATH\Models\ProductHoldingsModel.php(32): CodeIgniter\Debug\Exceptions->errorHandler(2, 'Undefined array key "favorite"', 'C:\\xampp\\htdocs\\happymeds\\app\\Models\\ProductHoldingsModel.php', 32)
 2 APPPATH\Controllers\PartnerController.php(52): App\Models\ProductHoldingsModel->updateFavorite(null)
 3 SYSTEMPATH\CodeIgniter.php(933): App\Controllers\PartnerController->addFavorite()
 4 SYSTEMPATH\CodeIgniter.php(509): CodeIgniter\CodeIgniter->runController(Object(App\Controllers\PartnerController))
 5 SYSTEMPATH\CodeIgniter.php(355): CodeIgniter\CodeIgniter->handleRequest(null, Object(Config\Cache), false)
 6 SYSTEMPATH\Boot.php(312): CodeIgniter\CodeIgniter->run()
 7 SYSTEMPATH\Boot.php(67): CodeIgniter\Boot::runCodeIgniter(Object(CodeIgniter\CodeIgniter))
 8 FCPATH\index.php(56): CodeIgniter\Boot::bootWeb(Object(Config\Paths))
INFO - 2024-07-25 17:52:42 --> Session: Class initialized using 'CodeIgniter\Session\Handlers\FileHandler' driver.
INFO - 2024-07-25 17:52:42 --> Toggled favorite status for product ID: 
ERROR - 2024-07-25 17:52:42 --> The 'favorite' key does not exist for product ID: .
INFO - 2024-07-25 17:52:54 --> Session: Class initialized using 'CodeIgniter\Session\Handlers\FileHandler' driver.
INFO - 2024-07-25 17:53:06 --> Session: Class initialized using 'CodeIgniter\Session\Handlers\FileHandler' driver.
INFO - 2024-07-25 17:53:06 --> Toggled favorite status for product ID: 
ERROR - 2024-07-25 17:53:06 --> The 'favorite' key does not exist for product ID: .
INFO - 2024-07-25 17:58:53 --> Session: Class initialized using 'CodeIgniter\Session\Handlers\FileHandler' driver.
INFO - 2024-07-25 17:58:53 --> Toggled favorite status for product ID: 
ERROR - 2024-07-25 17:58:53 --> The 'favorite' key does not exist for product ID: .
INFO - 2024-07-25 18:02:55 --> Session: Class initialized using 'CodeIgniter\Session\Handlers\FileHandler' driver.
INFO - 2024-07-25 18:03:06 --> Session: Class initialized using 'CodeIgniter\Session\Handlers\FileHandler' driver.
INFO - 2024-07-25 18:03:06 --> Toggled favorite status for product ID: 1
INFO - 2024-07-25 18:03:32 --> Session: Class initialized using 'CodeIgniter\Session\Handlers\FileHandler' driver.
INFO - 2024-07-25 18:03:32 --> Toggled favorite status for product ID: 1
INFO - 2024-07-25 18:03:41 --> Session: Class initialized using 'CodeIgniter\Session\Handlers\FileHandler' driver.
INFO - 2024-07-25 18:03:41 --> Toggled favorite status for product ID: 2
INFO - 2024-07-25 18:06:01 --> Session: Class initialized using 'CodeIgniter\Session\Handlers\FileHandler' driver.
INFO - 2024-07-25 18:06:07 --> Session: Class initialized using 'CodeIgniter\Session\Handlers\FileHandler' driver.
INFO - 2024-07-25 18:06:07 --> Toggled favorite status for product ID: 1
INFO - 2024-07-25 18:08:01 --> Session: Class initialized using 'CodeIgniter\Session\Handlers\FileHandler' driver.
INFO - 2024-07-25 18:08:31 --> Session: Class initialized using 'CodeIgniter\Session\Handlers\FileHandler' driver.
INFO - 2024-07-25 18:08:38 --> Session: Class initialized using 'CodeIgniter\Session\Handlers\FileHandler' driver.
INFO - 2024-07-25 18:08:38 --> Toggled favorite status for product ID: 1
INFO - 2024-07-25 18:08:44 --> Session: Class initialized using 'CodeIgniter\Session\Handlers\FileHandler' driver.
INFO - 2024-07-25 18:08:44 --> Toggled favorite status for product ID: 1
INFO - 2024-07-25 18:08:47 --> Session: Class initialized using 'CodeIgniter\Session\Handlers\FileHandler' driver.
INFO - 2024-07-25 18:08:47 --> Toggled favorite status for product ID: 2
INFO - 2024-07-25 18:08:52 --> Session: Class initialized using 'CodeIgniter\Session\Handlers\FileHandler' driver.
INFO - 2024-07-25 18:08:52 --> Toggled favorite status for product ID: 5
INFO - 2024-07-25 18:08:58 --> Session: Class initialized using 'CodeIgniter\Session\Handlers\FileHandler' driver.
INFO - 2024-07-25 18:08:58 --> Toggled favorite status for product ID: 4
INFO - 2024-07-25 18:09:03 --> Session: Class initialized using 'CodeIgniter\Session\Handlers\FileHandler' driver.
INFO - 2024-07-25 18:09:03 --> Toggled favorite status for product ID: 4
INFO - 2024-07-25 18:09:37 --> Session: Class initialized using 'CodeIgniter\Session\Handlers\FileHandler' driver.
INFO - 2024-07-25 18:09:44 --> Session: Class initialized using 'CodeIgniter\Session\Handlers\FileHandler' driver.
INFO - 2024-07-25 18:09:44 --> Toggled favorite status for product ID: 1
INFO - 2024-07-25 18:09:45 --> Session: Class initialized using 'CodeIgniter\Session\Handlers\FileHandler' driver.
INFO - 2024-07-25 18:09:45 --> Toggled favorite status for product ID: 1
INFO - 2024-07-25 18:09:47 --> Session: Class initialized using 'CodeIgniter\Session\Handlers\FileHandler' driver.
INFO - 2024-07-25 18:09:47 --> Toggled favorite status for product ID: 1
INFO - 2024-07-25 18:12:44 --> Session: Class initialized using 'CodeIgniter\Session\Handlers\FileHandler' driver.
INFO - 2024-07-25 18:12:53 --> Session: Class initialized using 'CodeIgniter\Session\Handlers\FileHandler' driver.
INFO - 2024-07-25 18:12:53 --> Toggled favorite status for product ID: 1
INFO - 2024-07-25 18:12:54 --> Session: Class initialized using 'CodeIgniter\Session\Handlers\FileHandler' driver.
INFO - 2024-07-25 18:12:54 --> Toggled favorite status for product ID: 1
INFO - 2024-07-25 18:12:55 --> Session: Class initialized using 'CodeIgniter\Session\Handlers\FileHandler' driver.
INFO - 2024-07-25 18:12:55 --> Toggled favorite status for product ID: 1
INFO - 2024-07-25 18:12:55 --> Session: Class initialized using 'CodeIgniter\Session\Handlers\FileHandler' driver.
INFO - 2024-07-25 18:12:55 --> Toggled favorite status for product ID: 1
INFO - 2024-07-25 18:12:55 --> Session: Class initialized using 'CodeIgniter\Session\Handlers\FileHandler' driver.
INFO - 2024-07-25 18:12:55 --> Toggled favorite status for product ID: 1
INFO - 2024-07-25 18:12:56 --> Session: Class initialized using 'CodeIgniter\Session\Handlers\FileHandler' driver.
INFO - 2024-07-25 18:12:56 --> Toggled favorite status for product ID: 1
INFO - 2024-07-25 18:14:28 --> Session: Class initialized using 'CodeIgniter\Session\Handlers\FileHandler' driver.
INFO - 2024-07-25 18:14:33 --> Session: Class initialized using 'CodeIgniter\Session\Handlers\FileHandler' driver.
INFO - 2024-07-25 18:14:33 --> Toggled favorite status for product ID: 1
INFO - 2024-07-25 18:14:34 --> Session: Class initialized using 'CodeIgniter\Session\Handlers\FileHandler' driver.
INFO - 2024-07-25 18:14:34 --> Toggled favorite status for product ID: 2
INFO - 2024-07-25 18:14:35 --> Session: Class initialized using 'CodeIgniter\Session\Handlers\FileHandler' driver.
INFO - 2024-07-25 18:14:35 --> Toggled favorite status for product ID: 3
INFO - 2024-07-25 18:14:36 --> Session: Class initialized using 'CodeIgniter\Session\Handlers\FileHandler' driver.
INFO - 2024-07-25 18:14:36 --> Toggled favorite status for product ID: 4
INFO - 2024-07-25 18:14:36 --> Session: Class initialized using 'CodeIgniter\Session\Handlers\FileHandler' driver.
INFO - 2024-07-25 18:14:36 --> Toggled favorite status for product ID: 4
INFO - 2024-07-25 18:14:36 --> Session: Class initialized using 'CodeIgniter\Session\Handlers\FileHandler' driver.
INFO - 2024-07-25 18:14:36 --> Toggled favorite status for product ID: 4
INFO - 2024-07-25 18:14:36 --> Session: Class initialized using 'CodeIgniter\Session\Handlers\FileHandler' driver.
INFO - 2024-07-25 18:14:36 --> Toggled favorite status for product ID: 4
INFO - 2024-07-25 18:14:37 --> Session: Class initialized using 'CodeIgniter\Session\Handlers\FileHandler' driver.
INFO - 2024-07-25 18:14:37 --> Toggled favorite status for product ID: 4
INFO - 2024-07-25 18:14:37 --> Session: Class initialized using 'CodeIgniter\Session\Handlers\FileHandler' driver.
INFO - 2024-07-25 18:14:37 --> Toggled favorite status for product ID: 4
INFO - 2024-07-25 18:15:32 --> Session: Class initialized using 'CodeIgniter\Session\Handlers\FileHandler' driver.
INFO - 2024-07-25 18:15:32 --> Toggled favorite status for product ID: 2
INFO - 2024-07-25 18:15:34 --> Session: Class initialized using 'CodeIgniter\Session\Handlers\FileHandler' driver.
INFO - 2024-07-25 18:15:34 --> Toggled favorite status for product ID: 2
INFO - 2024-07-25 18:15:35 --> Session: Class initialized using 'CodeIgniter\Session\Handlers\FileHandler' driver.
INFO - 2024-07-25 18:15:35 --> Toggled favorite status for product ID: 2
INFO - 2024-07-25 18:15:35 --> Session: Class initialized using 'CodeIgniter\Session\Handlers\FileHandler' driver.
INFO - 2024-07-25 18:15:35 --> Toggled favorite status for product ID: 2
INFO - 2024-07-25 18:16:00 --> Session: Class initialized using 'CodeIgniter\Session\Handlers\FileHandler' driver.
INFO - 2024-07-25 18:16:10 --> Session: Class initialized using 'CodeIgniter\Session\Handlers\FileHandler' driver.
INFO - 2024-07-25 18:16:20 --> Session: Class initialized using 'CodeIgniter\Session\Handlers\FileHandler' driver.
INFO - 2024-07-25 18:16:20 --> Toggled favorite status for product ID: 1
INFO - 2024-07-25 18:16:21 --> Session: Class initialized using 'CodeIgniter\Session\Handlers\FileHandler' driver.
INFO - 2024-07-25 18:16:21 --> Toggled favorite status for product ID: 2
INFO - 2024-07-25 18:16:27 --> Session: Class initialized using 'CodeIgniter\Session\Handlers\FileHandler' driver.
INFO - 2024-07-25 18:16:27 --> Toggled favorite status for product ID: 1
INFO - 2024-07-25 18:21:20 --> Session: Class initialized using 'CodeIgniter\Session\Handlers\FileHandler' driver.
INFO - 2024-07-25 18:21:48 --> Session: Class initialized using 'CodeIgniter\Session\Handlers\FileHandler' driver.
INFO - 2024-07-25 18:21:56 --> Session: Class initialized using 'CodeIgniter\Session\Handlers\FileHandler' driver.
INFO - 2024-07-25 18:21:56 --> Toggled favorite status for product ID: 1
INFO - 2024-07-25 18:22:01 --> Session: Class initialized using 'CodeIgniter\Session\Handlers\FileHandler' driver.
INFO - 2024-07-25 18:22:01 --> Toggled favorite status for product ID: 1
INFO - 2024-07-25 18:22:43 --> Session: Class initialized using 'CodeIgniter\Session\Handlers\FileHandler' driver.
INFO - 2024-07-25 18:22:51 --> Session: Class initialized using 'CodeIgniter\Session\Handlers\FileHandler' driver.
INFO - 2024-07-25 18:22:51 --> Toggled favorite status for product ID: 1
INFO - 2024-07-25 18:26:14 --> Session: Class initialized using 'CodeIgniter\Session\Handlers\FileHandler' driver.
INFO - 2024-07-25 18:26:21 --> Session: Class initialized using 'CodeIgniter\Session\Handlers\FileHandler' driver.
INFO - 2024-07-25 18:26:21 --> Toggled favorite status for product ID: 1
INFO - 2024-07-25 18:26:29 --> Session: Class initialized using 'CodeIgniter\Session\Handlers\FileHandler' driver.
INFO - 2024-07-25 18:26:29 --> Toggled favorite status for product ID: 1
INFO - 2024-07-25 18:26:34 --> Session: Class initialized using 'CodeIgniter\Session\Handlers\FileHandler' driver.
INFO - 2024-07-25 18:26:34 --> Toggled favorite status for product ID: 2
INFO - 2024-07-25 18:26:39 --> Session: Class initialized using 'CodeIgniter\Session\Handlers\FileHandler' driver.
INFO - 2024-07-25 18:26:39 --> Toggled favorite status for product ID: 2
INFO - 2024-07-25 18:26:46 --> Session: Class initialized using 'CodeIgniter\Session\Handlers\FileHandler' driver.
INFO - 2024-07-25 18:28:35 --> Session: Class initialized using 'CodeIgniter\Session\Handlers\FileHandler' driver.
INFO - 2024-07-25 18:28:42 --> Session: Class initialized using 'CodeIgniter\Session\Handlers\FileHandler' driver.
INFO - 2024-07-25 18:28:42 --> Toggled favorite status for product ID: 1
INFO - 2024-07-25 18:28:45 --> Session: Class initialized using 'CodeIgniter\Session\Handlers\FileHandler' driver.
INFO - 2024-07-25 18:28:45 --> Toggled favorite status for product ID: 1
INFO - 2024-07-25 18:28:53 --> Session: Class initialized using 'CodeIgniter\Session\Handlers\FileHandler' driver.
INFO - 2024-07-25 18:28:53 --> Toggled favorite status for product ID: 1
INFO - 2024-07-25 18:28:55 --> Session: Class initialized using 'CodeIgniter\Session\Handlers\FileHandler' driver.
INFO - 2024-07-25 18:28:55 --> Toggled favorite status for product ID: 1
INFO - 2024-07-25 18:28:56 --> Session: Class initialized using 'CodeIgniter\Session\Handlers\FileHandler' driver.
INFO - 2024-07-25 18:28:56 --> Toggled favorite status for product ID: 1
INFO - 2024-07-25 18:32:00 --> Session: Class initialized using 'CodeIgniter\Session\Handlers\FileHandler' driver.
CRITICAL - 2024-07-25 18:32:00 --> ErrorException: Undefined array key "is_favorite"
[Method: GET, Route: portfolio]
in APPPATH\Views\partner\dashboard\portfolio.php on line 182.
 1 APPPATH\Views\partner\dashboard\portfolio.php(182): CodeIgniter\Debug\Exceptions->errorHandler(2, 'Undefined array key "is_favorite"', 'C:\\xampp\\htdocs\\happymeds\\app\\Views\\partner\\dashboard\\portfolio.php', 182)
 2 SYSTEMPATH\View\View.php(234): include('C:\\xampp\\htdocs\\happymeds\\app\\Views\\partner\\dashboard\\portfolio.php')
 3 SYSTEMPATH\View\View.php(237): CodeIgniter\View\View->CodeIgniter\View\{closure}()
 4 SYSTEMPATH\Common.php(1171): CodeIgniter\View\View->render('partner/dashboard/portfolio', [], true)
 5 APPPATH\Controllers\PartnerController.php(289): view('partner/dashboard/portfolio', [...])
 6 APPPATH\Controllers\PartnerController.php(273): App\Controllers\PartnerController->App\Controllers\{closure}()
 7 APPPATH\Controllers\PartnerController.php(279): App\Controllers\PartnerController->renderCache('portfolio_view', Object(Closure))
 8 APPPATH\Controllers\PartnerController.php(173): App\Controllers\PartnerController->renderView('portfolio_view', 'partner/dashboard/portfolio', [...])
 9 SYSTEMPATH\CodeIgniter.php(933): App\Controllers\PartnerController->Portfolio()
10 SYSTEMPATH\CodeIgniter.php(509): CodeIgniter\CodeIgniter->runController(Object(App\Controllers\PartnerController))
11 SYSTEMPATH\CodeIgniter.php(355): CodeIgniter\CodeIgniter->handleRequest(null, Object(Config\Cache), false)
12 SYSTEMPATH\Boot.php(312): CodeIgniter\CodeIgniter->run()
13 SYSTEMPATH\Boot.php(67): CodeIgniter\Boot::runCodeIgniter(Object(CodeIgniter\CodeIgniter))
14 FCPATH\index.php(56): CodeIgniter\Boot::bootWeb(Object(Config\Paths))
INFO - 2024-07-25 18:32:45 --> Session: Class initialized using 'CodeIgniter\Session\Handlers\FileHandler' driver.
INFO - 2024-07-25 18:32:57 --> Session: Class initialized using 'CodeIgniter\Session\Handlers\FileHandler' driver.
INFO - 2024-07-25 18:33:30 --> Session: Class initialized using 'CodeIgniter\Session\Handlers\FileHandler' driver.
INFO - 2024-07-25 18:33:30 --> Toggled favorite status for product ID: 1
INFO - 2024-07-25 18:33:35 --> Session: Class initialized using 'CodeIgniter\Session\Handlers\FileHandler' driver.
INFO - 2024-07-25 18:34:02 --> Session: Class initialized using 'CodeIgniter\Session\Handlers\FileHandler' driver.
INFO - 2024-07-25 18:34:02 --> Toggled favorite status for product ID: 1
INFO - 2024-07-25 18:34:04 --> Session: Class initialized using 'CodeIgniter\Session\Handlers\FileHandler' driver.
INFO - 2024-07-25 18:35:27 --> Session: Class initialized using 'CodeIgniter\Session\Handlers\FileHandler' driver.
INFO - 2024-07-25 18:35:49 --> Session: Class initialized using 'CodeIgniter\Session\Handlers\FileHandler' driver.
INFO - 2024-07-25 18:35:55 --> Session: Class initialized using 'CodeIgniter\Session\Handlers\FileHandler' driver.
INFO - 2024-07-25 18:35:55 --> Toggled favorite status for product ID: 1
INFO - 2024-07-25 18:36:32 --> Session: Class initialized using 'CodeIgniter\Session\Handlers\FileHandler' driver.
INFO - 2024-07-25 18:37:16 --> Session: Class initialized using 'CodeIgniter\Session\Handlers\FileHandler' driver.
INFO - 2024-07-25 18:37:42 --> Session: Class initialized using 'CodeIgniter\Session\Handlers\FileHandler' driver.
INFO - 2024-07-25 18:38:03 --> Session: Class initialized using 'CodeIgniter\Session\Handlers\FileHandler' driver.
INFO - 2024-07-25 18:38:03 --> Toggled favorite status for product ID: 1
INFO - 2024-07-25 18:38:07 --> Session: Class initialized using 'CodeIgniter\Session\Handlers\FileHandler' driver.
INFO - 2024-07-25 18:39:28 --> Session: Class initialized using 'CodeIgniter\Session\Handlers\FileHandler' driver.
INFO - 2024-07-25 18:39:36 --> Session: Class initialized using 'CodeIgniter\Session\Handlers\FileHandler' driver.
INFO - 2024-07-25 18:39:36 --> Toggled favorite status for product ID: 2
INFO - 2024-07-25 18:39:37 --> Session: Class initialized using 'CodeIgniter\Session\Handlers\FileHandler' driver.
INFO - 2024-07-25 18:39:37 --> Toggled favorite status for product ID: 2
INFO - 2024-07-25 18:39:38 --> Session: Class initialized using 'CodeIgniter\Session\Handlers\FileHandler' driver.
INFO - 2024-07-25 18:39:38 --> Toggled favorite status for product ID: 2
INFO - 2024-07-25 18:39:38 --> Session: Class initialized using 'CodeIgniter\Session\Handlers\FileHandler' driver.
INFO - 2024-07-25 18:39:38 --> Toggled favorite status for product ID: 2
INFO - 2024-07-25 18:43:35 --> Session: Class initialized using 'CodeIgniter\Session\Handlers\FileHandler' driver.
INFO - 2024-07-25 18:44:40 --> Session: Class initialized using 'CodeIgniter\Session\Handlers\FileHandler' driver.
INFO - 2024-07-25 18:44:40 --> Toggled favorite status for product ID: 5
INFO - 2024-07-25 18:44:43 --> Session: Class initialized using 'CodeIgniter\Session\Handlers\FileHandler' driver.
INFO - 2024-07-25 18:44:51 --> Session: Class initialized using 'CodeIgniter\Session\Handlers\FileHandler' driver.
INFO - 2024-07-25 18:44:51 --> Toggled favorite status for product ID: 1
INFO - 2024-07-25 18:44:54 --> Session: Class initialized using 'CodeIgniter\Session\Handlers\FileHandler' driver.
INFO - 2024-07-25 18:45:01 --> Session: Class initialized using 'CodeIgniter\Session\Handlers\FileHandler' driver.
INFO - 2024-07-25 18:45:01 --> Toggled favorite status for product ID: 3
INFO - 2024-07-25 18:45:06 --> Session: Class initialized using 'CodeIgniter\Session\Handlers\FileHandler' driver.
INFO - 2024-07-25 18:45:12 --> Session: Class initialized using 'CodeIgniter\Session\Handlers\FileHandler' driver.
INFO - 2024-07-25 18:45:12 --> Toggled favorite status for product ID: 4
INFO - 2024-07-25 18:45:17 --> Session: Class initialized using 'CodeIgniter\Session\Handlers\FileHandler' driver.
INFO - 2024-07-25 18:45:17 --> Toggled favorite status for product ID: 4
INFO - 2024-07-25 18:45:20 --> Session: Class initialized using 'CodeIgniter\Session\Handlers\FileHandler' driver.
INFO - 2024-07-25 18:45:20 --> Toggled favorite status for product ID: 1
INFO - 2024-07-25 18:45:22 --> Session: Class initialized using 'CodeIgniter\Session\Handlers\FileHandler' driver.
INFO - 2024-07-25 18:45:22 --> Toggled favorite status for product ID: 1
INFO - 2024-07-25 18:45:23 --> Session: Class initialized using 'CodeIgniter\Session\Handlers\FileHandler' driver.
INFO - 2024-07-25 18:45:23 --> Toggled favorite status for product ID: 2
INFO - 2024-07-25 18:45:24 --> Session: Class initialized using 'CodeIgniter\Session\Handlers\FileHandler' driver.
INFO - 2024-07-25 18:45:24 --> Toggled favorite status for product ID: 2
INFO - 2024-07-25 18:45:25 --> Session: Class initialized using 'CodeIgniter\Session\Handlers\FileHandler' driver.
INFO - 2024-07-25 18:45:25 --> Toggled favorite status for product ID: 3
INFO - 2024-07-25 18:45:25 --> Session: Class initialized using 'CodeIgniter\Session\Handlers\FileHandler' driver.
INFO - 2024-07-25 18:45:25 --> Toggled favorite status for product ID: 3
INFO - 2024-07-25 18:45:27 --> Session: Class initialized using 'CodeIgniter\Session\Handlers\FileHandler' driver.
INFO - 2024-07-25 18:45:27 --> Toggled favorite status for product ID: 5
INFO - 2024-07-25 18:45:27 --> Session: Class initialized using 'CodeIgniter\Session\Handlers\FileHandler' driver.
INFO - 2024-07-25 18:45:27 --> Toggled favorite status for product ID: 5
INFO - 2024-07-25 18:45:29 --> Session: Class initialized using 'CodeIgniter\Session\Handlers\FileHandler' driver.
INFO - 2024-07-25 18:48:47 --> Session: Class initialized using 'CodeIgniter\Session\Handlers\FileHandler' driver.
INFO - 2024-07-25 18:48:55 --> Session: Class initialized using 'CodeIgniter\Session\Handlers\FileHandler' driver.
INFO - 2024-07-25 18:48:55 --> Toggled favorite status for product ID: 3
INFO - 2024-07-25 18:48:57 --> Session: Class initialized using 'CodeIgniter\Session\Handlers\FileHandler' driver.
INFO - 2024-07-25 18:51:16 --> Session: Class initialized using 'CodeIgniter\Session\Handlers\FileHandler' driver.
INFO - 2024-07-25 18:51:16 --> Toggled favorite status for product ID: 4
