INFO - 2024-09-25 13:02:17 --> Session: Class initialized using 'CodeIgniter\Session\Handlers\FileHandler' driver.
INFO - 2024-09-25 13:02:55 --> Session: Class initialized using 'CodeIgniter\Session\Handlers\FileHandler' driver.
INFO - 2024-09-25 13:03:15 --> Session: Class initialized using 'CodeIgniter\Session\Handlers\FileHandler' driver.
INFO - 2024-09-25 13:03:32 --> Session: Class initialized using 'CodeIgniter\Session\Handlers\FileHandler' driver.
INFO - 2024-09-25 13:03:33 --> Session: Class initialized using 'CodeIgniter\Session\Handlers\FileHandler' driver.
INFO - 2024-09-25 13:14:38 --> Session: Class initialized using 'CodeIgniter\Session\Handlers\FileHandler' driver.
INFO - 2024-09-25 13:14:44 --> Session: Class initialized using 'CodeIgniter\Session\Handlers\FileHandler' driver.
INFO - 2024-09-25 14:14:52 --> Session: Class initialized using 'CodeIgniter\Session\Handlers\FileHandler' driver.
INFO - 2024-09-25 14:15:23 --> Session: Class initialized using 'CodeIgniter\Session\Handlers\FileHandler' driver.
CRITICAL - 2024-09-25 14:15:24 --> ErrorException: Undefined array key "product_id"
[Method: GET, Route: ProductInvest/checkDuplicate/2/2]
in APPPATH\Views\partner\product\product_invest.php on line 5.
 1 APPPATH\Views\partner\product\product_invest.php(5): CodeIgniter\Debug\Exceptions->errorHandler(2, 'Undefined array key "product_id"', 'C:\\xampp\\htdocs\\happymeds\\app\\Views\\partner\\product\\product_invest.php', 5)
 2 SYSTEMPATH\View\View.php(234): include('C:\\xampp\\htdocs\\happymeds\\app\\Views\\partner\\product\\product_invest.php')
 3 SYSTEMPATH\View\View.php(237): CodeIgniter\View\View->CodeIgniter\View\{closure}()
 4 SYSTEMPATH\Common.php(1171): CodeIgniter\View\View->render('partner/product/product_invest', [], true)
 5 APPPATH\Controllers\PartnerController.php(337): view('partner/product/product_invest', [...])
 6 APPPATH\Controllers\PartnerController.php(314): App\Controllers\PartnerController->App\Controllers\{closure}()
 7 APPPATH\Controllers\PartnerController.php(329): App\Controllers\PartnerController->renderCache('banking_view', Object(Closure))
 8 APPPATH\Controllers\PartnerController.php(135): App\Controllers\PartnerController->renderView('banking_view', 'partner/product/product_invest', [...])
 9 SYSTEMPATH\CodeIgniter.php(933): App\Controllers\PartnerController->checkDuplicate(null, '2')
10 SYSTEMPATH\CodeIgniter.php(509): CodeIgniter\CodeIgniter->runController(Object(App\Controllers\PartnerController))
11 SYSTEMPATH\CodeIgniter.php(355): CodeIgniter\CodeIgniter->handleRequest(null, Object(Config\Cache), false)
12 SYSTEMPATH\Boot.php(312): CodeIgniter\CodeIgniter->run()
13 SYSTEMPATH\Boot.php(67): CodeIgniter\Boot::runCodeIgniter(Object(CodeIgniter\CodeIgniter))
14 FCPATH\index.php(56): CodeIgniter\Boot::bootWeb(Object(Config\Paths))
INFO - 2024-09-25 14:20:47 --> Session: Class initialized using 'CodeIgniter\Session\Handlers\FileHandler' driver.
CRITICAL - 2024-09-25 14:20:47 --> ErrorException: Undefined array key "product_id"
[Method: GET, Route: ProductInvest/checkDuplicate/2/2]
in APPPATH\Views\partner\product\product_invest.php on line 5.
 1 APPPATH\Views\partner\product\product_invest.php(5): CodeIgniter\Debug\Exceptions->errorHandler(2, 'Undefined array key "product_id"', 'C:\\xampp\\htdocs\\happymeds\\app\\Views\\partner\\product\\product_invest.php', 5)
 2 SYSTEMPATH\View\View.php(234): include('C:\\xampp\\htdocs\\happymeds\\app\\Views\\partner\\product\\product_invest.php')
 3 SYSTEMPATH\View\View.php(237): CodeIgniter\View\View->CodeIgniter\View\{closure}()
 4 SYSTEMPATH\Common.php(1171): CodeIgniter\View\View->render('partner/product/product_invest', [], true)
 5 APPPATH\Controllers\PartnerController.php(337): view('partner/product/product_invest', [...])
 6 APPPATH\Controllers\PartnerController.php(314): App\Controllers\PartnerController->App\Controllers\{closure}()
 7 APPPATH\Controllers\PartnerController.php(329): App\Controllers\PartnerController->renderCache('banking_view', Object(Closure))
 8 APPPATH\Controllers\PartnerController.php(135): App\Controllers\PartnerController->renderView('banking_view', 'partner/product/product_invest', [...])
 9 SYSTEMPATH\CodeIgniter.php(933): App\Controllers\PartnerController->checkDuplicate(null, '2')
10 SYSTEMPATH\CodeIgniter.php(509): CodeIgniter\CodeIgniter->runController(Object(App\Controllers\PartnerController))
11 SYSTEMPATH\CodeIgniter.php(355): CodeIgniter\CodeIgniter->handleRequest(null, Object(Config\Cache), false)
12 SYSTEMPATH\Boot.php(312): CodeIgniter\CodeIgniter->run()
13 SYSTEMPATH\Boot.php(67): CodeIgniter\Boot::runCodeIgniter(Object(CodeIgniter\CodeIgniter))
14 FCPATH\index.php(56): CodeIgniter\Boot::bootWeb(Object(Config\Paths))
INFO - 2024-09-25 14:20:53 --> Session: Class initialized using 'CodeIgniter\Session\Handlers\FileHandler' driver.
INFO - 2024-09-25 14:21:00 --> Session: Class initialized using 'CodeIgniter\Session\Handlers\FileHandler' driver.
INFO - 2024-09-25 14:21:10 --> Session: Class initialized using 'CodeIgniter\Session\Handlers\FileHandler' driver.
CRITICAL - 2024-09-25 14:21:11 --> ErrorException: Undefined array key "product_id"
[Method: GET, Route: ProductInvest/checkDuplicate/2/2]
in APPPATH\Views\partner\product\product_invest.php on line 5.
 1 APPPATH\Views\partner\product\product_invest.php(5): CodeIgniter\Debug\Exceptions->errorHandler(2, 'Undefined array key "product_id"', 'C:\\xampp\\htdocs\\happymeds\\app\\Views\\partner\\product\\product_invest.php', 5)
 2 SYSTEMPATH\View\View.php(234): include('C:\\xampp\\htdocs\\happymeds\\app\\Views\\partner\\product\\product_invest.php')
 3 SYSTEMPATH\View\View.php(237): CodeIgniter\View\View->CodeIgniter\View\{closure}()
 4 SYSTEMPATH\Common.php(1171): CodeIgniter\View\View->render('partner/product/product_invest', [], true)
 5 APPPATH\Controllers\PartnerController.php(337): view('partner/product/product_invest', [...])
 6 APPPATH\Controllers\PartnerController.php(314): App\Controllers\PartnerController->App\Controllers\{closure}()
 7 APPPATH\Controllers\PartnerController.php(329): App\Controllers\PartnerController->renderCache('banking_view', Object(Closure))
 8 APPPATH\Controllers\PartnerController.php(135): App\Controllers\PartnerController->renderView('banking_view', 'partner/product/product_invest', [...])
 9 SYSTEMPATH\CodeIgniter.php(933): App\Controllers\PartnerController->checkDuplicate(null, '2')
10 SYSTEMPATH\CodeIgniter.php(509): CodeIgniter\CodeIgniter->runController(Object(App\Controllers\PartnerController))
11 SYSTEMPATH\CodeIgniter.php(355): CodeIgniter\CodeIgniter->handleRequest(null, Object(Config\Cache), false)
12 SYSTEMPATH\Boot.php(312): CodeIgniter\CodeIgniter->run()
13 SYSTEMPATH\Boot.php(67): CodeIgniter\Boot::runCodeIgniter(Object(CodeIgniter\CodeIgniter))
14 FCPATH\index.php(56): CodeIgniter\Boot::bootWeb(Object(Config\Paths))
INFO - 2024-09-25 14:22:01 --> Session: Class initialized using 'CodeIgniter\Session\Handlers\FileHandler' driver.
CRITICAL - 2024-09-25 14:22:02 --> ErrorException: Undefined array key "product_id"
[Method: GET, Route: ProductInvest/checkDuplicate/2/2]
in APPPATH\Views\partner\product\product_invest.php on line 5.
 1 APPPATH\Views\partner\product\product_invest.php(5): CodeIgniter\Debug\Exceptions->errorHandler(2, 'Undefined array key "product_id"', 'C:\\xampp\\htdocs\\happymeds\\app\\Views\\partner\\product\\product_invest.php', 5)
 2 SYSTEMPATH\View\View.php(234): include('C:\\xampp\\htdocs\\happymeds\\app\\Views\\partner\\product\\product_invest.php')
 3 SYSTEMPATH\View\View.php(237): CodeIgniter\View\View->CodeIgniter\View\{closure}()
 4 SYSTEMPATH\Common.php(1171): CodeIgniter\View\View->render('partner/product/product_invest', [], true)
 5 APPPATH\Controllers\PartnerController.php(337): view('partner/product/product_invest', [...])
 6 APPPATH\Controllers\PartnerController.php(314): App\Controllers\PartnerController->App\Controllers\{closure}()
 7 APPPATH\Controllers\PartnerController.php(329): App\Controllers\PartnerController->renderCache('banking_view', Object(Closure))
 8 APPPATH\Controllers\PartnerController.php(135): App\Controllers\PartnerController->renderView('banking_view', 'partner/product/product_invest', [...])
 9 SYSTEMPATH\CodeIgniter.php(933): App\Controllers\PartnerController->checkDuplicate(null, '2')
10 SYSTEMPATH\CodeIgniter.php(509): CodeIgniter\CodeIgniter->runController(Object(App\Controllers\PartnerController))
11 SYSTEMPATH\CodeIgniter.php(355): CodeIgniter\CodeIgniter->handleRequest(null, Object(Config\Cache), false)
12 SYSTEMPATH\Boot.php(312): CodeIgniter\CodeIgniter->run()
13 SYSTEMPATH\Boot.php(67): CodeIgniter\Boot::runCodeIgniter(Object(CodeIgniter\CodeIgniter))
14 FCPATH\index.php(56): CodeIgniter\Boot::bootWeb(Object(Config\Paths))
INFO - 2024-09-25 14:22:08 --> Session: Class initialized using 'CodeIgniter\Session\Handlers\FileHandler' driver.
INFO - 2024-09-25 14:22:21 --> Session: Class initialized using 'CodeIgniter\Session\Handlers\FileHandler' driver.
CRITICAL - 2024-09-25 14:22:21 --> ErrorException: Undefined array key "product_id"
[Method: GET, Route: ProductInvest/checkDuplicate/2/2]
in APPPATH\Views\partner\product\product_invest.php on line 5.
 1 APPPATH\Views\partner\product\product_invest.php(5): CodeIgniter\Debug\Exceptions->errorHandler(2, 'Undefined array key "product_id"', 'C:\\xampp\\htdocs\\happymeds\\app\\Views\\partner\\product\\product_invest.php', 5)
 2 SYSTEMPATH\View\View.php(234): include('C:\\xampp\\htdocs\\happymeds\\app\\Views\\partner\\product\\product_invest.php')
 3 SYSTEMPATH\View\View.php(237): CodeIgniter\View\View->CodeIgniter\View\{closure}()
 4 SYSTEMPATH\Common.php(1171): CodeIgniter\View\View->render('partner/product/product_invest', [], true)
 5 APPPATH\Controllers\PartnerController.php(337): view('partner/product/product_invest', [...])
 6 APPPATH\Controllers\PartnerController.php(314): App\Controllers\PartnerController->App\Controllers\{closure}()
 7 APPPATH\Controllers\PartnerController.php(329): App\Controllers\PartnerController->renderCache('banking_view', Object(Closure))
 8 APPPATH\Controllers\PartnerController.php(135): App\Controllers\PartnerController->renderView('banking_view', 'partner/product/product_invest', [...])
 9 SYSTEMPATH\CodeIgniter.php(933): App\Controllers\PartnerController->checkDuplicate(null, '2')
10 SYSTEMPATH\CodeIgniter.php(509): CodeIgniter\CodeIgniter->runController(Object(App\Controllers\PartnerController))
11 SYSTEMPATH\CodeIgniter.php(355): CodeIgniter\CodeIgniter->handleRequest(null, Object(Config\Cache), false)
12 SYSTEMPATH\Boot.php(312): CodeIgniter\CodeIgniter->run()
13 SYSTEMPATH\Boot.php(67): CodeIgniter\Boot::runCodeIgniter(Object(CodeIgniter\CodeIgniter))
14 FCPATH\index.php(56): CodeIgniter\Boot::bootWeb(Object(Config\Paths))
INFO - 2024-09-25 14:28:23 --> Session: Class initialized using 'CodeIgniter\Session\Handlers\FileHandler' driver.
INFO - 2024-09-25 14:28:29 --> Session: Class initialized using 'CodeIgniter\Session\Handlers\FileHandler' driver.
INFO - 2024-09-25 14:28:41 --> Session: Class initialized using 'CodeIgniter\Session\Handlers\FileHandler' driver.
CRITICAL - 2024-09-25 14:28:41 --> ErrorException: Undefined array key "product_id"
[Method: GET, Route: ProductInvest/checkDuplicate/2/2]
in APPPATH\Views\partner\product\product_invest.php on line 5.
 1 APPPATH\Views\partner\product\product_invest.php(5): CodeIgniter\Debug\Exceptions->errorHandler(2, 'Undefined array key "product_id"', 'C:\\xampp\\htdocs\\happymeds\\app\\Views\\partner\\product\\product_invest.php', 5)
 2 SYSTEMPATH\View\View.php(234): include('C:\\xampp\\htdocs\\happymeds\\app\\Views\\partner\\product\\product_invest.php')
 3 SYSTEMPATH\View\View.php(237): CodeIgniter\View\View->CodeIgniter\View\{closure}()
 4 SYSTEMPATH\Common.php(1171): CodeIgniter\View\View->render('partner/product/product_invest', [], true)
 5 APPPATH\Controllers\PartnerController.php(337): view('partner/product/product_invest', [...])
 6 APPPATH\Controllers\PartnerController.php(314): App\Controllers\PartnerController->App\Controllers\{closure}()
 7 APPPATH\Controllers\PartnerController.php(329): App\Controllers\PartnerController->renderCache('banking_view', Object(Closure))
 8 APPPATH\Controllers\PartnerController.php(135): App\Controllers\PartnerController->renderView('banking_view', 'partner/product/product_invest', [...])
 9 SYSTEMPATH\CodeIgniter.php(933): App\Controllers\PartnerController->checkDuplicate(null, '2')
10 SYSTEMPATH\CodeIgniter.php(509): CodeIgniter\CodeIgniter->runController(Object(App\Controllers\PartnerController))
11 SYSTEMPATH\CodeIgniter.php(355): CodeIgniter\CodeIgniter->handleRequest(null, Object(Config\Cache), false)
12 SYSTEMPATH\Boot.php(312): CodeIgniter\CodeIgniter->run()
13 SYSTEMPATH\Boot.php(67): CodeIgniter\Boot::runCodeIgniter(Object(CodeIgniter\CodeIgniter))
14 FCPATH\index.php(56): CodeIgniter\Boot::bootWeb(Object(Config\Paths))
INFO - 2024-09-25 14:30:26 --> Session: Class initialized using 'CodeIgniter\Session\Handlers\FileHandler' driver.
INFO - 2024-09-25 14:30:33 --> Session: Class initialized using 'CodeIgniter\Session\Handlers\FileHandler' driver.
CRITICAL - 2024-09-25 14:30:33 --> ErrorException: Undefined array key "product_id"
[Method: GET, Route: ProductInvest/checkDuplicate/2/2]
in APPPATH\Views\partner\product\product_invest.php on line 5.
 1 APPPATH\Views\partner\product\product_invest.php(5): CodeIgniter\Debug\Exceptions->errorHandler(2, 'Undefined array key "product_id"', 'C:\\xampp\\htdocs\\happymeds\\app\\Views\\partner\\product\\product_invest.php', 5)
 2 SYSTEMPATH\View\View.php(234): include('C:\\xampp\\htdocs\\happymeds\\app\\Views\\partner\\product\\product_invest.php')
 3 SYSTEMPATH\View\View.php(237): CodeIgniter\View\View->CodeIgniter\View\{closure}()
 4 SYSTEMPATH\Common.php(1171): CodeIgniter\View\View->render('partner/product/product_invest', [], true)
 5 APPPATH\Controllers\PartnerController.php(338): view('partner/product/product_invest', [...])
 6 APPPATH\Controllers\PartnerController.php(315): App\Controllers\PartnerController->App\Controllers\{closure}()
 7 APPPATH\Controllers\PartnerController.php(330): App\Controllers\PartnerController->renderCache('banking_view', Object(Closure))
 8 APPPATH\Controllers\PartnerController.php(136): App\Controllers\PartnerController->renderView('banking_view', 'partner/product/product_invest', [...])
 9 SYSTEMPATH\CodeIgniter.php(933): App\Controllers\PartnerController->checkDuplicate(null, '2')
10 SYSTEMPATH\CodeIgniter.php(509): CodeIgniter\CodeIgniter->runController(Object(App\Controllers\PartnerController))
11 SYSTEMPATH\CodeIgniter.php(355): CodeIgniter\CodeIgniter->handleRequest(null, Object(Config\Cache), false)
12 SYSTEMPATH\Boot.php(312): CodeIgniter\CodeIgniter->run()
13 SYSTEMPATH\Boot.php(67): CodeIgniter\Boot::runCodeIgniter(Object(CodeIgniter\CodeIgniter))
14 FCPATH\index.php(56): CodeIgniter\Boot::bootWeb(Object(Config\Paths))
INFO - 2024-09-25 14:31:20 --> Session: Class initialized using 'CodeIgniter\Session\Handlers\FileHandler' driver.
INFO - 2024-09-25 14:31:26 --> Session: Class initialized using 'CodeIgniter\Session\Handlers\FileHandler' driver.
INFO - 2024-09-25 14:31:31 --> Session: Class initialized using 'CodeIgniter\Session\Handlers\FileHandler' driver.
INFO - 2024-09-25 14:31:36 --> Session: Class initialized using 'CodeIgniter\Session\Handlers\FileHandler' driver.
CRITICAL - 2024-09-25 14:31:36 --> ErrorException: Undefined array key "product_id"
[Method: GET, Route: ProductInvest/checkDuplicate/7/2]
in APPPATH\Views\partner\product\product_invest.php on line 5.
 1 APPPATH\Views\partner\product\product_invest.php(5): CodeIgniter\Debug\Exceptions->errorHandler(2, 'Undefined array key "product_id"', 'C:\\xampp\\htdocs\\happymeds\\app\\Views\\partner\\product\\product_invest.php', 5)
 2 SYSTEMPATH\View\View.php(234): include('C:\\xampp\\htdocs\\happymeds\\app\\Views\\partner\\product\\product_invest.php')
 3 SYSTEMPATH\View\View.php(237): CodeIgniter\View\View->CodeIgniter\View\{closure}()
 4 SYSTEMPATH\Common.php(1171): CodeIgniter\View\View->render('partner/product/product_invest', [], true)
 5 APPPATH\Controllers\PartnerController.php(338): view('partner/product/product_invest', [...])
 6 APPPATH\Controllers\PartnerController.php(315): App\Controllers\PartnerController->App\Controllers\{closure}()
 7 APPPATH\Controllers\PartnerController.php(330): App\Controllers\PartnerController->renderCache('banking_view', Object(Closure))
 8 APPPATH\Controllers\PartnerController.php(136): App\Controllers\PartnerController->renderView('banking_view', 'partner/product/product_invest', [...])
 9 SYSTEMPATH\CodeIgniter.php(933): App\Controllers\PartnerController->checkDuplicate(null, '2')
10 SYSTEMPATH\CodeIgniter.php(509): CodeIgniter\CodeIgniter->runController(Object(App\Controllers\PartnerController))
11 SYSTEMPATH\CodeIgniter.php(355): CodeIgniter\CodeIgniter->handleRequest(null, Object(Config\Cache), false)
12 SYSTEMPATH\Boot.php(312): CodeIgniter\CodeIgniter->run()
13 SYSTEMPATH\Boot.php(67): CodeIgniter\Boot::runCodeIgniter(Object(CodeIgniter\CodeIgniter))
14 FCPATH\index.php(56): CodeIgniter\Boot::bootWeb(Object(Config\Paths))
INFO - 2024-09-25 14:31:49 --> Session: Class initialized using 'CodeIgniter\Session\Handlers\FileHandler' driver.
INFO - 2024-09-25 14:52:20 --> Session: Class initialized using 'CodeIgniter\Session\Handlers\FileHandler' driver.
INFO - 2024-09-25 14:52:28 --> Session: Class initialized using 'CodeIgniter\Session\Handlers\FileHandler' driver.
INFO - 2024-09-25 14:54:05 --> Session: Class initialized using 'CodeIgniter\Session\Handlers\FileHandler' driver.
INFO - 2024-09-25 14:54:57 --> Session: Class initialized using 'CodeIgniter\Session\Handlers\FileHandler' driver.
INFO - 2024-09-25 14:59:22 --> Session: Class initialized using 'CodeIgniter\Session\Handlers\FileHandler' driver.
CRITICAL - 2024-09-25 14:59:23 --> ErrorException: Undefined array key "product_id"
[Method: GET, Route: ProductInvest/checkDuplicate/12/2]
in APPPATH\Views\partner\product\product_invest.php on line 5.
 1 APPPATH\Views\partner\product\product_invest.php(5): CodeIgniter\Debug\Exceptions->errorHandler(2, 'Undefined array key "product_id"', 'C:\\xampp\\htdocs\\happymeds\\app\\Views\\partner\\product\\product_invest.php', 5)
 2 SYSTEMPATH\View\View.php(234): include('C:\\xampp\\htdocs\\happymeds\\app\\Views\\partner\\product\\product_invest.php')
 3 SYSTEMPATH\View\View.php(237): CodeIgniter\View\View->CodeIgniter\View\{closure}()
 4 SYSTEMPATH\Common.php(1171): CodeIgniter\View\View->render('partner/product/product_invest', [], true)
 5 APPPATH\Controllers\PartnerController.php(336): view('partner/product/product_invest', [...])
 6 APPPATH\Controllers\PartnerController.php(313): App\Controllers\PartnerController->App\Controllers\{closure}()
 7 APPPATH\Controllers\PartnerController.php(328): App\Controllers\PartnerController->renderCache('banking_view', Object(Closure))
 8 APPPATH\Controllers\PartnerController.php(134): App\Controllers\PartnerController->renderView('banking_view', 'partner/product/product_invest', [...])
 9 SYSTEMPATH\CodeIgniter.php(933): App\Controllers\PartnerController->checkDuplicate(null, '2')
10 SYSTEMPATH\CodeIgniter.php(509): CodeIgniter\CodeIgniter->runController(Object(App\Controllers\PartnerController))
11 SYSTEMPATH\CodeIgniter.php(355): CodeIgniter\CodeIgniter->handleRequest(null, Object(Config\Cache), false)
12 SYSTEMPATH\Boot.php(312): CodeIgniter\CodeIgniter->run()
13 SYSTEMPATH\Boot.php(67): CodeIgniter\Boot::runCodeIgniter(Object(CodeIgniter\CodeIgniter))
14 FCPATH\index.php(56): CodeIgniter\Boot::bootWeb(Object(Config\Paths))
INFO - 2024-09-25 16:12:49 --> Session: Class initialized using 'CodeIgniter\Session\Handlers\FileHandler' driver.
INFO - 2024-09-25 16:13:26 --> Session: Class initialized using 'CodeIgniter\Session\Handlers\FileHandler' driver.
CRITICAL - 2024-09-25 16:13:27 --> Error: Call to undefined function form_open_multipart()
[Method: GET, Route: upload_kyc]
in APPPATH\Views\public\upload_kyc.php on line 19.
 1 SYSTEMPATH\View\View.php(234): include()
 2 SYSTEMPATH\View\View.php(237): CodeIgniter\View\View->CodeIgniter\View\{closure}()
 3 SYSTEMPATH\Common.php(1171): CodeIgniter\View\View->render('public/upload_kyc', [], true)
 4 APPPATH\Controllers\PartnerController.php(343): view('public/upload_kyc', [...])
 5 APPPATH\Controllers\PartnerController.php(320): App\Controllers\PartnerController->App\Controllers\{closure}()
 6 APPPATH\Controllers\PartnerController.php(335): App\Controllers\PartnerController->renderCache('upload_kyc', Object(Closure))
 7 APPPATH\Controllers\PartnerController.php(143): App\Controllers\PartnerController->renderView('upload_kyc', 'public/upload_kyc')
 8 SYSTEMPATH\CodeIgniter.php(933): App\Controllers\PartnerController->upload_kyc()
 9 SYSTEMPATH\CodeIgniter.php(509): CodeIgniter\CodeIgniter->runController(Object(App\Controllers\PartnerController))
10 SYSTEMPATH\CodeIgniter.php(355): CodeIgniter\CodeIgniter->handleRequest(null, Object(Config\Cache), false)
11 SYSTEMPATH\Boot.php(312): CodeIgniter\CodeIgniter->run()
12 SYSTEMPATH\Boot.php(67): CodeIgniter\Boot::runCodeIgniter(Object(CodeIgniter\CodeIgniter))
13 FCPATH\index.php(56): CodeIgniter\Boot::bootWeb(Object(Config\Paths))
INFO - 2024-09-25 16:13:49 --> Session: Class initialized using 'CodeIgniter\Session\Handlers\FileHandler' driver.
CRITICAL - 2024-09-25 16:13:49 --> Error: Call to undefined function set_value()
[Method: GET, Route: upload_kyc]
in APPPATH\Views\public\upload_kyc.php on line 22.
 1 SYSTEMPATH\View\View.php(234): include()
 2 SYSTEMPATH\View\View.php(237): CodeIgniter\View\View->CodeIgniter\View\{closure}()
 3 SYSTEMPATH\Common.php(1171): CodeIgniter\View\View->render('public/upload_kyc', [], true)
 4 APPPATH\Controllers\PartnerController.php(343): view('public/upload_kyc', [...])
 5 APPPATH\Controllers\PartnerController.php(320): App\Controllers\PartnerController->App\Controllers\{closure}()
 6 APPPATH\Controllers\PartnerController.php(335): App\Controllers\PartnerController->renderCache('upload_kyc', Object(Closure))
 7 APPPATH\Controllers\PartnerController.php(143): App\Controllers\PartnerController->renderView('upload_kyc', 'public/upload_kyc')
 8 SYSTEMPATH\CodeIgniter.php(933): App\Controllers\PartnerController->upload_kyc()
 9 SYSTEMPATH\CodeIgniter.php(509): CodeIgniter\CodeIgniter->runController(Object(App\Controllers\PartnerController))
10 SYSTEMPATH\CodeIgniter.php(355): CodeIgniter\CodeIgniter->handleRequest(null, Object(Config\Cache), false)
11 SYSTEMPATH\Boot.php(312): CodeIgniter\CodeIgniter->run()
12 SYSTEMPATH\Boot.php(67): CodeIgniter\Boot::runCodeIgniter(Object(CodeIgniter\CodeIgniter))
13 FCPATH\index.php(56): CodeIgniter\Boot::bootWeb(Object(Config\Paths))
INFO - 2024-09-25 16:15:19 --> Session: Class initialized using 'CodeIgniter\Session\Handlers\FileHandler' driver.
INFO - 2024-09-25 16:16:11 --> Session: Class initialized using 'CodeIgniter\Session\Handlers\FileHandler' driver.
INFO - 2024-09-25 16:18:05 --> Session: Class initialized using 'CodeIgniter\Session\Handlers\FileHandler' driver.
INFO - 2024-09-25 16:20:03 --> Session: Class initialized using 'CodeIgniter\Session\Handlers\FileHandler' driver.
INFO - 2024-09-25 16:20:33 --> Session: Class initialized using 'CodeIgniter\Session\Handlers\FileHandler' driver.
INFO - 2024-09-25 16:57:12 --> Session: Class initialized using 'CodeIgniter\Session\Handlers\FileHandler' driver.
INFO - 2024-09-25 17:03:33 --> Session: Class initialized using 'CodeIgniter\Session\Handlers\FileHandler' driver.
INFO - 2024-09-25 17:03:47 --> Session: Class initialized using 'CodeIgniter\Session\Handlers\FileHandler' driver.
