INFO - 2024-10-08 15:25:42 --> Session: Class initialized using 'CodeIgniter\Session\Handlers\FileHandler' driver.
INFO - 2024-10-08 15:25:47 --> Session: Class initialized using 'CodeIgniter\Session\Handlers\FileHandler' driver.
INFO - 2024-10-08 15:28:21 --> Session: Class initialized using 'CodeIgniter\Session\Handlers\FileHandler' driver.
INFO - 2024-10-08 15:28:30 --> Session: Class initialized using 'CodeIgniter\Session\Handlers\FileHandler' driver.
INFO - 2024-10-08 15:28:32 --> Session: Class initialized using 'CodeIgniter\Session\Handlers\FileHandler' driver.
INFO - 2024-10-08 15:28:48 --> Session: Class initialized using 'CodeIgniter\Session\Handlers\FileHandler' driver.
INFO - 2024-10-08 15:28:48 --> Session: Class initialized using 'CodeIgniter\Session\Handlers\FileHandler' driver.
INFO - 2024-10-08 15:28:59 --> Session: Class initialized using 'CodeIgniter\Session\Handlers\FileHandler' driver.
INFO - 2024-10-08 15:29:04 --> Session: Class initialized using 'CodeIgniter\Session\Handlers\FileHandler' driver.
INFO - 2024-10-08 15:29:11 --> Session: Class initialized using 'CodeIgniter\Session\Handlers\FileHandler' driver.
INFO - 2024-10-08 15:29:11 --> Investment Check - User ID: 2, Product ID: 2
INFO - 2024-10-08 15:29:12 --> Investment Check - User ID: 2, Product ID: 2, Is Invested: Yes
INFO - 2024-10-08 15:29:14 --> Session: Class initialized using 'CodeIgniter\Session\Handlers\FileHandler' driver.
INFO - 2024-10-08 15:33:47 --> Session: Class initialized using 'CodeIgniter\Session\Handlers\FileHandler' driver.
INFO - 2024-10-08 15:34:49 --> Session: Class initialized using 'CodeIgniter\Session\Handlers\FileHandler' driver.
INFO - 2024-10-08 15:35:54 --> Session: Class initialized using 'CodeIgniter\Session\Handlers\FileHandler' driver.
INFO - 2024-10-08 15:40:20 --> Session: Class initialized using 'CodeIgniter\Session\Handlers\FileHandler' driver.
INFO - 2024-10-08 15:41:33 --> Session: Class initialized using 'CodeIgniter\Session\Handlers\FileHandler' driver.
INFO - 2024-10-08 15:41:46 --> Session: Class initialized using 'CodeIgniter\Session\Handlers\FileHandler' driver.
INFO - 2024-10-08 15:47:45 --> Session: Class initialized using 'CodeIgniter\Session\Handlers\FileHandler' driver.
INFO - 2024-10-08 15:48:09 --> Session: Class initialized using 'CodeIgniter\Session\Handlers\FileHandler' driver.
INFO - 2024-10-08 15:48:22 --> Session: Class initialized using 'CodeIgniter\Session\Handlers\FileHandler' driver.
INFO - 2024-10-08 15:49:35 --> submitKyc request received.
INFO - 2024-10-08 15:49:35 --> POST Data: {"full_name":"","address":"","phone_no":"","csrf_test_name":"be13f0e9ab6cbe3d5802cbc9167d6706"}
ERROR - 2024-10-08 15:49:35 --> Validation Errors: {"full_name":"The full_name field is required.","address":"The address field is required.","phone_no":"The phone_no field is required.","document":"document is not a valid uploaded file."}
INFO - 2024-10-08 15:49:36 --> submitKyc request received.
INFO - 2024-10-08 15:49:36 --> POST Data: {"full_name":"","address":"","phone_no":"","csrf_test_name":"be13f0e9ab6cbe3d5802cbc9167d6706"}
ERROR - 2024-10-08 15:49:36 --> Validation Errors: {"full_name":"The full_name field is required.","address":"The address field is required.","phone_no":"The phone_no field is required.","document":"document is not a valid uploaded file."}
INFO - 2024-10-08 15:49:37 --> submitKyc request received.
INFO - 2024-10-08 15:49:37 --> POST Data: {"full_name":"","address":"","phone_no":"","csrf_test_name":"be13f0e9ab6cbe3d5802cbc9167d6706"}
ERROR - 2024-10-08 15:49:37 --> Validation Errors: {"full_name":"The full_name field is required.","address":"The address field is required.","phone_no":"The phone_no field is required.","document":"document is not a valid uploaded file."}
INFO - 2024-10-08 15:49:37 --> submitKyc request received.
INFO - 2024-10-08 15:49:37 --> POST Data: {"full_name":"","address":"","phone_no":"","csrf_test_name":"be13f0e9ab6cbe3d5802cbc9167d6706"}
ERROR - 2024-10-08 15:49:37 --> Validation Errors: {"full_name":"The full_name field is required.","address":"The address field is required.","phone_no":"The phone_no field is required.","document":"document is not a valid uploaded file."}
INFO - 2024-10-08 15:49:38 --> Session: Class initialized using 'CodeIgniter\Session\Handlers\FileHandler' driver.
INFO - 2024-10-08 15:49:43 --> submitKyc request received.
INFO - 2024-10-08 15:49:43 --> POST Data: {"full_name":"","address":"","phone_no":"","csrf_test_name":"be13f0e9ab6cbe3d5802cbc9167d6706"}
ERROR - 2024-10-08 15:49:43 --> Validation Errors: {"full_name":"The full_name field is required.","address":"The address field is required.","phone_no":"The phone_no field is required.","document":"document is not a valid uploaded file."}
INFO - 2024-10-08 15:49:43 --> submitKyc request received.
INFO - 2024-10-08 15:49:43 --> POST Data: {"full_name":"","address":"","phone_no":"","csrf_test_name":"be13f0e9ab6cbe3d5802cbc9167d6706"}
ERROR - 2024-10-08 15:49:43 --> Validation Errors: {"full_name":"The full_name field is required.","address":"The address field is required.","phone_no":"The phone_no field is required.","document":"document is not a valid uploaded file."}
INFO - 2024-10-08 15:49:43 --> submitKyc request received.
INFO - 2024-10-08 15:49:43 --> POST Data: {"full_name":"","address":"","phone_no":"","csrf_test_name":"be13f0e9ab6cbe3d5802cbc9167d6706"}
ERROR - 2024-10-08 15:49:43 --> Validation Errors: {"full_name":"The full_name field is required.","address":"The address field is required.","phone_no":"The phone_no field is required.","document":"document is not a valid uploaded file."}
INFO - 2024-10-08 15:49:43 --> submitKyc request received.
INFO - 2024-10-08 15:49:43 --> POST Data: {"full_name":"","address":"","phone_no":"","csrf_test_name":"be13f0e9ab6cbe3d5802cbc9167d6706"}
ERROR - 2024-10-08 15:49:44 --> Validation Errors: {"full_name":"The full_name field is required.","address":"The address field is required.","phone_no":"The phone_no field is required.","document":"document is not a valid uploaded file."}
INFO - 2024-10-08 15:49:44 --> submitKyc request received.
INFO - 2024-10-08 15:49:44 --> POST Data: {"full_name":"","address":"","phone_no":"","csrf_test_name":"be13f0e9ab6cbe3d5802cbc9167d6706"}
ERROR - 2024-10-08 15:49:44 --> Validation Errors: {"full_name":"The full_name field is required.","address":"The address field is required.","phone_no":"The phone_no field is required.","document":"document is not a valid uploaded file."}
INFO - 2024-10-08 15:49:45 --> submitKyc request received.
INFO - 2024-10-08 15:49:45 --> POST Data: {"full_name":"","address":"","phone_no":"","csrf_test_name":"be13f0e9ab6cbe3d5802cbc9167d6706"}
ERROR - 2024-10-08 15:49:45 --> Validation Errors: {"full_name":"The full_name field is required.","address":"The address field is required.","phone_no":"The phone_no field is required.","document":"document is not a valid uploaded file."}
INFO - 2024-10-08 15:49:49 --> submitKyc request received.
INFO - 2024-10-08 15:49:49 --> POST Data: {"full_name":"","address":"","phone_no":"","csrf_test_name":"be13f0e9ab6cbe3d5802cbc9167d6706"}
ERROR - 2024-10-08 15:49:49 --> Validation Errors: {"full_name":"The full_name field is required.","address":"The address field is required.","phone_no":"The phone_no field is required.","document":"document is not a valid uploaded file."}
INFO - 2024-10-08 15:49:56 --> submitKyc request received.
INFO - 2024-10-08 15:49:56 --> POST Data: {"full_name":"","address":"","phone_no":"","csrf_test_name":"be13f0e9ab6cbe3d5802cbc9167d6706"}
ERROR - 2024-10-08 15:49:56 --> Validation Errors: {"full_name":"The full_name field is required.","address":"The address field is required.","phone_no":"The phone_no field is required.","document":"document is not a valid uploaded file."}
INFO - 2024-10-08 15:50:03 --> Session: Class initialized using 'CodeIgniter\Session\Handlers\FileHandler' driver.
INFO - 2024-10-08 15:50:10 --> submitKyc request received.
INFO - 2024-10-08 15:50:10 --> POST Data: {"full_name":"","address":"","phone_no":"","csrf_test_name":"be13f0e9ab6cbe3d5802cbc9167d6706"}
ERROR - 2024-10-08 15:50:10 --> Validation Errors: {"full_name":"The full_name field is required.","address":"The address field is required.","phone_no":"The phone_no field is required.","document":"document is not a valid uploaded file."}
INFO - 2024-10-08 15:55:30 --> submitKyc request received.
INFO - 2024-10-08 15:55:30 --> POST Data: {"full_name":"","address":"","phone_no":"","csrf_test_name":"be13f0e9ab6cbe3d5802cbc9167d6706"}
ERROR - 2024-10-08 15:55:30 --> Validation Errors: {"full_name":"The full_name field is required.","address":"The address field is required.","phone_no":"The phone_no field is required.","document":"document is not a valid uploaded file."}
INFO - 2024-10-08 15:55:33 --> submitKyc request received.
INFO - 2024-10-08 15:55:33 --> POST Data: {"full_name":"","address":"","phone_no":"","csrf_test_name":"be13f0e9ab6cbe3d5802cbc9167d6706"}
ERROR - 2024-10-08 15:55:33 --> Validation Errors: {"full_name":"The full_name field is required.","address":"The address field is required.","phone_no":"The phone_no field is required.","document":"document is not a valid uploaded file."}
INFO - 2024-10-08 16:05:45 --> Session: Class initialized using 'CodeIgniter\Session\Handlers\FileHandler' driver.
INFO - 2024-10-08 16:05:53 --> submitKyc request received.
INFO - 2024-10-08 16:05:53 --> POST Data: {"full_name":"","address":"","phone_no":"","csrf_test_name":"be13f0e9ab6cbe3d5802cbc9167d6706"}
ERROR - 2024-10-08 16:05:53 --> Validation Errors: {"full_name":"The full_name field is required.","address":"The address field is required.","phone_no":"The phone_no field is required.","document":"document is not a valid uploaded file."}
INFO - 2024-10-08 16:05:55 --> submitKyc request received.
INFO - 2024-10-08 16:05:55 --> POST Data: {"full_name":"","address":"","phone_no":"","csrf_test_name":"be13f0e9ab6cbe3d5802cbc9167d6706"}
ERROR - 2024-10-08 16:05:55 --> Validation Errors: {"full_name":"The full_name field is required.","address":"The address field is required.","phone_no":"The phone_no field is required.","document":"document is not a valid uploaded file."}
INFO - 2024-10-08 16:06:58 --> Session: Class initialized using 'CodeIgniter\Session\Handlers\FileHandler' driver.
INFO - 2024-10-08 16:07:23 --> Session: Class initialized using 'CodeIgniter\Session\Handlers\FileHandler' driver.
INFO - 2024-10-08 16:07:33 --> Session: Class initialized using 'CodeIgniter\Session\Handlers\FileHandler' driver.
INFO - 2024-10-08 16:07:57 --> submitKyc request received.
INFO - 2024-10-08 16:07:57 --> POST Data: {"full_name":"Aswin Ramesh","address":"Thadathil Maroli House, Kudakkalam\r\nPO Eranholi","phone_no":"9400790206","csrf_test_name":"be13f0e9ab6cbe3d5802cbc9167d6706"}
INFO - 2024-10-08 16:07:57 --> Duplicate submission for phone number: 9400790206
INFO - 2024-10-08 16:08:39 --> Session: Class initialized using 'CodeIgniter\Session\Handlers\FileHandler' driver.
INFO - 2024-10-08 16:12:40 --> Session: Class initialized using 'CodeIgniter\Session\Handlers\FileHandler' driver.
INFO - 2024-10-08 16:13:12 --> Session: Class initialized using 'CodeIgniter\Session\Handlers\FileHandler' driver.
INFO - 2024-10-08 16:14:22 --> Session: Class initialized using 'CodeIgniter\Session\Handlers\FileHandler' driver.
INFO - 2024-10-08 16:15:46 --> Session: Class initialized using 'CodeIgniter\Session\Handlers\FileHandler' driver.
INFO - 2024-10-08 16:16:23 --> Session: Class initialized using 'CodeIgniter\Session\Handlers\FileHandler' driver.
INFO - 2024-10-08 16:16:39 --> submitKyc request received.
INFO - 2024-10-08 16:16:39 --> POST Data: {"full_name":"Aswin Ramesh","address":"Thadathil Maroli, Kudakkalam\r\nPO Eranholi","phone_no":"9400790206"}
INFO - 2024-10-08 16:16:39 --> Duplicate submission for phone number: 9400790206
INFO - 2024-10-08 16:16:47 --> submitKyc request received.
INFO - 2024-10-08 16:16:47 --> POST Data: {"full_name":"Aswin Ramesh","address":"Thadathil Maroli, Kudakkalam\r\nPO Eranholi","phone_no":"9400790206"}
INFO - 2024-10-08 16:16:47 --> Duplicate submission for phone number: 9400790206
INFO - 2024-10-08 16:16:48 --> submitKyc request received.
INFO - 2024-10-08 16:16:48 --> POST Data: {"full_name":"Aswin Ramesh","address":"Thadathil Maroli, Kudakkalam\r\nPO Eranholi","phone_no":"9400790206"}
INFO - 2024-10-08 16:16:48 --> Duplicate submission for phone number: 9400790206
INFO - 2024-10-08 16:16:51 --> submitKyc request received.
INFO - 2024-10-08 16:16:51 --> POST Data: {"full_name":"Aswin Ramesh","address":"Thadathil Maroli, Kudakkalam\r\nPO Eranholi","phone_no":"9400790206"}
INFO - 2024-10-08 16:16:51 --> Duplicate submission for phone number: 9400790206
INFO - 2024-10-08 16:17:16 --> Session: Class initialized using 'CodeIgniter\Session\Handlers\FileHandler' driver.
INFO - 2024-10-08 16:17:31 --> submitKyc request received.
INFO - 2024-10-08 16:17:31 --> POST Data: {"full_name":"Aswin Ramesh","address":"Thadathil Maroli, Kudakkalam\r\nPO Eranholi","phone_no":"9400790206"}
INFO - 2024-10-08 16:17:31 --> Duplicate submission for phone number: 9400790206
INFO - 2024-10-08 16:18:09 --> Session: Class initialized using 'CodeIgniter\Session\Handlers\FileHandler' driver.
INFO - 2024-10-08 16:18:22 --> submitKyc request received.
INFO - 2024-10-08 16:18:22 --> POST Data: {"full_name":"Aswin Ramesh","address":"Thadathil Maroli, Kudakkalam\r\nPO Eranholi","phone_no":"9400790204"}
ERROR - 2024-10-08 16:18:22 --> Validation Errors: {"document":"document is too large of a file."}
INFO - 2024-10-08 16:18:27 --> submitKyc request received.
INFO - 2024-10-08 16:18:27 --> POST Data: {"full_name":"Aswin Ramesh","address":"Thadathil Maroli, Kudakkalam\r\nPO Eranholi","phone_no":"9400790204"}
ERROR - 2024-10-08 16:18:27 --> Validation Errors: {"document":"document is too large of a file."}
INFO - 2024-10-08 16:20:52 --> Session: Class initialized using 'CodeIgniter\Session\Handlers\FileHandler' driver.
INFO - 2024-10-08 16:21:07 --> submitKyc request received.
INFO - 2024-10-08 16:21:07 --> POST Data: {"full_name":"Anantha Krishnan P","address":"Thadathil Maroli House, Kudakkalam\r\nPO Eranholi","phone_no":"9400790206"}
INFO - 2024-10-08 16:21:07 --> Duplicate submission for phone number: 9400790206
INFO - 2024-10-08 16:21:09 --> submitKyc request received.
INFO - 2024-10-08 16:21:09 --> POST Data: {"full_name":"Anantha Krishnan P","address":"Thadathil Maroli House, Kudakkalam\r\nPO Eranholi","phone_no":"9400790206"}
INFO - 2024-10-08 16:21:09 --> Duplicate submission for phone number: 9400790206
INFO - 2024-10-08 16:21:10 --> submitKyc request received.
INFO - 2024-10-08 16:21:10 --> POST Data: {"full_name":"Anantha Krishnan P","address":"Thadathil Maroli House, Kudakkalam\r\nPO Eranholi","phone_no":"9400790206"}
INFO - 2024-10-08 16:21:10 --> Duplicate submission for phone number: 9400790206
INFO - 2024-10-08 16:21:11 --> submitKyc request received.
INFO - 2024-10-08 16:21:11 --> POST Data: {"full_name":"Anantha Krishnan P","address":"Thadathil Maroli House, Kudakkalam\r\nPO Eranholi","phone_no":"9400790206"}
INFO - 2024-10-08 16:21:11 --> Duplicate submission for phone number: 9400790206
INFO - 2024-10-08 16:21:12 --> submitKyc request received.
INFO - 2024-10-08 16:21:12 --> POST Data: {"full_name":"Anantha Krishnan P","address":"Thadathil Maroli House, Kudakkalam\r\nPO Eranholi","phone_no":"9400790206"}
INFO - 2024-10-08 16:21:12 --> Duplicate submission for phone number: 9400790206
INFO - 2024-10-08 16:21:13 --> submitKyc request received.
INFO - 2024-10-08 16:21:13 --> POST Data: {"full_name":"Anantha Krishnan P","address":"Thadathil Maroli House, Kudakkalam\r\nPO Eranholi","phone_no":"9400790206"}
INFO - 2024-10-08 16:21:13 --> Duplicate submission for phone number: 9400790206
INFO - 2024-10-08 16:21:13 --> submitKyc request received.
INFO - 2024-10-08 16:21:13 --> POST Data: {"full_name":"Anantha Krishnan P","address":"Thadathil Maroli House, Kudakkalam\r\nPO Eranholi","phone_no":"9400790206"}
INFO - 2024-10-08 16:21:13 --> Duplicate submission for phone number: 9400790206
INFO - 2024-10-08 16:21:14 --> submitKyc request received.
INFO - 2024-10-08 16:21:14 --> POST Data: {"full_name":"Anantha Krishnan P","address":"Thadathil Maroli House, Kudakkalam\r\nPO Eranholi","phone_no":"9400790206"}
INFO - 2024-10-08 16:21:14 --> Duplicate submission for phone number: 9400790206
INFO - 2024-10-08 16:21:15 --> submitKyc request received.
INFO - 2024-10-08 16:21:15 --> POST Data: {"full_name":"Anantha Krishnan P","address":"Thadathil Maroli House, Kudakkalam\r\nPO Eranholi","phone_no":"9400790206"}
INFO - 2024-10-08 16:21:15 --> Duplicate submission for phone number: 9400790206
INFO - 2024-10-08 16:21:18 --> submitKyc request received.
INFO - 2024-10-08 16:21:18 --> POST Data: {"full_name":"Anantha Krishnan P","address":"Thadathil Maroli House, Kudakkalam\r\nPO Eranholi","phone_no":"9400790206"}
INFO - 2024-10-08 16:21:18 --> Duplicate submission for phone number: 9400790206
INFO - 2024-10-08 16:21:19 --> submitKyc request received.
INFO - 2024-10-08 16:21:19 --> POST Data: {"full_name":"Anantha Krishnan P","address":"Thadathil Maroli House, Kudakkalam\r\nPO Eranholi","phone_no":"9400790206"}
INFO - 2024-10-08 16:21:19 --> Duplicate submission for phone number: 9400790206
INFO - 2024-10-08 16:22:16 --> Session: Class initialized using 'CodeIgniter\Session\Handlers\FileHandler' driver.
INFO - 2024-10-08 16:22:47 --> Session: Class initialized using 'CodeIgniter\Session\Handlers\FileHandler' driver.
INFO - 2024-10-08 16:22:59 --> Session: Class initialized using 'CodeIgniter\Session\Handlers\FileHandler' driver.
INFO - 2024-10-08 16:23:10 --> Session: Class initialized using 'CodeIgniter\Session\Handlers\FileHandler' driver.
INFO - 2024-10-08 16:23:40 --> Session: Class initialized using 'CodeIgniter\Session\Handlers\FileHandler' driver.
INFO - 2024-10-08 16:27:08 --> Session: Class initialized using 'CodeIgniter\Session\Handlers\FileHandler' driver.
INFO - 2024-10-08 16:27:14 --> Session: Class initialized using 'CodeIgniter\Session\Handlers\FileHandler' driver.
INFO - 2024-10-08 16:27:38 --> Session: Class initialized using 'CodeIgniter\Session\Handlers\FileHandler' driver.
INFO - 2024-10-08 16:28:15 --> Session: Class initialized using 'CodeIgniter\Session\Handlers\FileHandler' driver.
INFO - 2024-10-08 16:28:23 --> Session: Class initialized using 'CodeIgniter\Session\Handlers\FileHandler' driver.
INFO - 2024-10-08 16:28:29 --> Session: Class initialized using 'CodeIgniter\Session\Handlers\FileHandler' driver.
INFO - 2024-10-08 16:28:29 --> Portfolio Data: Array
(
    [userProfile] => Array
        (
            [user_id] => 2
            [user_name] => arjunreddy
            [email] => demo@gmail.com
            [phone] => 7788559966
            [password] => $2y$10$ThvyiQoTKKCLK2EKpoLSL.DoEC21uTepLhBzuBrJ0cx0rfPNKcU8W
            [company_name] => Arjun Reddy
            [otp] => 
            [user_type] => partner
            [created_date] => 2024-06-09 22:24:40
            [firstname] => Arjun
            [lastname] => Reddy
            [designation] => Doctor
            [skills] => MBBS, Cardiology
            [gender] => male
            [dob] => 0000-00-00
            [country] => india
            [city] => krasnodar
            [about_me] => Dr. Arjun Reddy, a surgeon of exceptional skill and unwavering dedication, leverages his brilliance in complex procedures to achieve optimal patient outcomes, though his unconventional approach might require further discussion.
            [profile_photo] => 1717954468_b27f872bceb3ceb2bdf5.jpg
            [language] => English,Hindi
            [age] => 34
            [experience] => 12
            [location] => Banglore
            [login_oauth_uid] => -
        )

    [product_holdings] => Array
        (
            [0] => Array
                (
                    [holding_id] => 1
                    [product_id] => 1
                    [product_name] => HealthPlus
                    [holding_value] => 2385.50
                    [change_percentage] => 5.32
                    [week_change] => 4.25
                    [favorite] => 1
                    [user_id] => 2
                    [investment_amount] => 0
                    [date_of_investment] => 2000-01-01 00:00:00
                    [icon] => https://cdn-icons-png.flaticon.com/512/2906/2906533.png
                    [ProductName] => ACEBRO-P
                )

            [1] => Array
                (
                    [holding_id] => 3
                    [product_id] => 3
                    [product_name] => NanoHealth
                    [holding_value] => 7518.20
                    [change_percentage] => -2.15
                    [week_change] => -1.75
                    [favorite] => 1
                    [user_id] => 2
                    [investment_amount] => 0
                    [date_of_investment] => 2000-01-01 00:00:00
                    [icon] => https://cdn-icons-png.flaticon.com/512/2873/2873078.png
                    [ProductName] => AMBRO LS
                )

            [2] => Array
                (
                    [holding_id] => 4
                    [product_id] => 4
                    [product_name] => BioTech Innovations
                    [holding_value] => 4021.00
                    [change_percentage] => 3.50
                    [week_change] => 2.95
                    [favorite] => 0
                    [user_id] => 2
                    [investment_amount] => 0
                    [date_of_investment] => 2000-01-01 00:00:00
                    [icon] => https://thumb.ac-illust.com/b6/b6d5b82115663429eda41b910d544fd5_t.jpeg
                    [ProductName] => BRO EE
                )

            [3] => Array
                (
                    [holding_id] => 6
                    [product_id] => 2
                    [product_name] => 
                    [holding_value] => 1000.00
                    [change_percentage] => 5.00
                    [week_change] => 1.00
                    [favorite] => 0
                    [user_id] => 2
                    [investment_amount] => 5000
                    [date_of_investment] => 2024-09-24 15:28:10
                    [icon] => https://cdn.pixabay.com/photo/2017/05/15/23/47/stethoscope-icon-2316460_1280.png
                    [ProductName] => ALSTOCLAV 625
                )

        )

    [recent_activity_yesterday] => Array
        (
        )

    [recent_activity] => Array
        (
        )

    [investment_requests] => Array
        (
            [0] => Array
                (
                    [id] => 1
                    [user_id] => 2
                    [product_id] => 2
                    [plan] => STANDARD
                    [status] => rejected
                    [time_stamp] => 2024-09-24 13:56:46
                    [productName] => ALSTOCLAV 625
                )

            [1] => Array
                (
                    [id] => 2
                    [user_id] => 2
                    [product_id] => 7
                    [plan] => STANDARD
                    [status] => 
                    [time_stamp] => 2024-10-04 16:11:42
                    [productName] => BROCEF PLUS
                )

            [2] => Array
                (
                    [id] => 3
                    [user_id] => 2
                    [product_id] => 8
                    [plan] => STANDARD
                    [status] => 
                    [time_stamp] => 2024-10-07 09:49:12
                    [productName] => BROCEF SS
                )

            [3] => Array
                (
                    [id] => 4
                    [user_id] => 2
                    [product_id] => 8
                    [plan] => BASIC
                    [status] => 
                    [time_stamp] => 2024-10-07 09:51:14
                    [productName] => BROCEF SS
                )

            [4] => Array
                (
                    [id] => 5
                    [user_id] => 2
                    [product_id] => 8
                    [plan] => BASIC
                    [status] => 
                    [time_stamp] => 2024-10-07 09:51:16
                    [productName] => BROCEF SS
                )

        )

)

INFO - 2024-10-08 16:28:40 --> Session: Class initialized using 'CodeIgniter\Session\Handlers\FileHandler' driver.
INFO - 2024-10-08 16:28:43 --> Session: Class initialized using 'CodeIgniter\Session\Handlers\FileHandler' driver.
INFO - 2024-10-08 16:28:45 --> Session: Class initialized using 'CodeIgniter\Session\Handlers\FileHandler' driver.
INFO - 2024-10-08 16:28:52 --> Session: Class initialized using 'CodeIgniter\Session\Handlers\FileHandler' driver.
INFO - 2024-10-08 16:28:52 --> Session: Class initialized using 'CodeIgniter\Session\Handlers\FileHandler' driver.
INFO - 2024-10-08 16:29:01 --> Session: Class initialized using 'CodeIgniter\Session\Handlers\FileHandler' driver.
INFO - 2024-10-08 16:29:19 --> Session: Class initialized using 'CodeIgniter\Session\Handlers\FileHandler' driver.
INFO - 2024-10-08 16:29:27 --> Session: Class initialized using 'CodeIgniter\Session\Handlers\FileHandler' driver.
INFO - 2024-10-08 16:29:47 --> Session: Class initialized using 'CodeIgniter\Session\Handlers\FileHandler' driver.
INFO - 2024-10-08 16:29:51 --> submitKyc request received.
INFO - 2024-10-08 16:29:51 --> POST Data: {"full_name":"","address":"","phone_no":""}
ERROR - 2024-10-08 16:29:51 --> Validation Errors: {"full_name":"The full_name field is required.","address":"The address field is required.","phone_no":"The phone_no field is required.","document":"document is not a valid uploaded file."}
INFO - 2024-10-08 16:29:52 --> submitKyc request received.
INFO - 2024-10-08 16:29:52 --> POST Data: {"full_name":"","address":"","phone_no":""}
ERROR - 2024-10-08 16:29:52 --> Validation Errors: {"full_name":"The full_name field is required.","address":"The address field is required.","phone_no":"The phone_no field is required.","document":"document is not a valid uploaded file."}
INFO - 2024-10-08 16:29:53 --> submitKyc request received.
INFO - 2024-10-08 16:29:53 --> POST Data: {"full_name":"","address":"","phone_no":""}
ERROR - 2024-10-08 16:29:53 --> Validation Errors: {"full_name":"The full_name field is required.","address":"The address field is required.","phone_no":"The phone_no field is required.","document":"document is not a valid uploaded file."}
INFO - 2024-10-08 16:30:37 --> Session: Class initialized using 'CodeIgniter\Session\Handlers\FileHandler' driver.
INFO - 2024-10-08 16:30:48 --> submitKyc request received.
INFO - 2024-10-08 16:30:48 --> POST Data: {"full_name":"Anantha Krishnan P","address":"Thadathil Maroli House, Kudakkalam\r\nPO Eranholi","phone_no":"9400790206"}
INFO - 2024-10-08 16:30:48 --> Duplicate submission for phone number: 9400790206
INFO - 2024-10-08 16:30:50 --> submitKyc request received.
INFO - 2024-10-08 16:30:50 --> POST Data: {"full_name":"Anantha Krishnan P","address":"Thadathil Maroli House, Kudakkalam\r\nPO Eranholi","phone_no":"9400790206"}
INFO - 2024-10-08 16:30:50 --> Duplicate submission for phone number: 9400790206
INFO - 2024-10-08 16:30:52 --> submitKyc request received.
INFO - 2024-10-08 16:30:52 --> POST Data: {"full_name":"Anantha Krishnan P","address":"Thadathil Maroli House, Kudakkalam\r\nPO Eranholi","phone_no":"9400790206"}
INFO - 2024-10-08 16:30:52 --> Duplicate submission for phone number: 9400790206
INFO - 2024-10-08 16:30:53 --> submitKyc request received.
INFO - 2024-10-08 16:30:53 --> POST Data: {"full_name":"Anantha Krishnan P","address":"Thadathil Maroli House, Kudakkalam\r\nPO Eranholi","phone_no":"9400790206"}
INFO - 2024-10-08 16:30:53 --> Duplicate submission for phone number: 9400790206
INFO - 2024-10-08 16:30:54 --> submitKyc request received.
INFO - 2024-10-08 16:30:54 --> POST Data: {"full_name":"Anantha Krishnan P","address":"Thadathil Maroli House, Kudakkalam\r\nPO Eranholi","phone_no":"9400790206"}
INFO - 2024-10-08 16:30:54 --> Duplicate submission for phone number: 9400790206
INFO - 2024-10-08 16:31:21 --> Session: Class initialized using 'CodeIgniter\Session\Handlers\FileHandler' driver.
INFO - 2024-10-08 16:31:33 --> submitKyc request received.
INFO - 2024-10-08 16:31:33 --> POST Data: {"full_name":"Anantha Krishnan P","address":"Thadathil Maroli House, Kudakkalam\r\nPO Eranholi","phone_no":"9400790206"}
INFO - 2024-10-08 16:31:33 --> Duplicate submission for phone number: 9400790206
INFO - 2024-10-08 16:31:35 --> submitKyc request received.
INFO - 2024-10-08 16:31:35 --> POST Data: {"full_name":"Anantha Krishnan P","address":"Thadathil Maroli House, Kudakkalam\r\nPO Eranholi","phone_no":"9400790206"}
INFO - 2024-10-08 16:31:35 --> Duplicate submission for phone number: 9400790206
INFO - 2024-10-08 16:32:34 --> Session: Class initialized using 'CodeIgniter\Session\Handlers\FileHandler' driver.
INFO - 2024-10-08 16:32:47 --> Session: Class initialized using 'CodeIgniter\Session\Handlers\FileHandler' driver.
INFO - 2024-10-08 16:32:56 --> submitKyc request received.
INFO - 2024-10-08 16:32:56 --> POST Data: {"full_name":"Anantha Krishnan P","address":"Thadathil Maroli House, Kudakkalam\r\nPO Eranholi","phone_no":"9400790204"}
ERROR - 2024-10-08 16:32:56 --> Validation Errors: {"document":"document is too large of a file."}
INFO - 2024-10-08 16:32:59 --> submitKyc request received.
INFO - 2024-10-08 16:32:59 --> POST Data: {"full_name":"Anantha Krishnan P","address":"Thadathil Maroli House, Kudakkalam\r\nPO Eranholi","phone_no":"9400790204"}
ERROR - 2024-10-08 16:32:59 --> Validation Errors: {"document":"document is too large of a file."}
INFO - 2024-10-08 16:33:01 --> submitKyc request received.
INFO - 2024-10-08 16:33:01 --> POST Data: {"full_name":"Anantha Krishnan P","address":"Thadathil Maroli House, Kudakkalam\r\nPO Eranholi","phone_no":"9400790204"}
ERROR - 2024-10-08 16:33:01 --> Validation Errors: {"document":"document is too large of a file."}
INFO - 2024-10-08 16:33:06 --> Session: Class initialized using 'CodeIgniter\Session\Handlers\FileHandler' driver.
INFO - 2024-10-08 16:33:24 --> submitKyc request received.
INFO - 2024-10-08 16:33:24 --> POST Data: {"full_name":"","address":"","phone_no":""}
ERROR - 2024-10-08 16:33:24 --> Validation Errors: {"full_name":"The full_name field is required.","address":"The address field is required.","phone_no":"The phone_no field is required.","document":"document is not a valid uploaded file."}
INFO - 2024-10-08 16:33:32 --> submitKyc request received.
INFO - 2024-10-08 16:33:32 --> POST Data: {"full_name":"Anantha Krishnan P","address":"Thadathil Maroli House, Kudakkalam\r\nPO Eranholi","phone_no":"9400790204"}
INFO - 2024-10-08 16:33:32 --> Duplicate submission for phone number: 9400790204
INFO - 2024-10-08 16:33:34 --> submitKyc request received.
INFO - 2024-10-08 16:33:34 --> POST Data: {"full_name":"Anantha Krishnan P","address":"Thadathil Maroli House, Kudakkalam\r\nPO Eranholi","phone_no":"9400790204"}
INFO - 2024-10-08 16:33:34 --> Duplicate submission for phone number: 9400790204
INFO - 2024-10-08 16:34:29 --> Session: Class initialized using 'CodeIgniter\Session\Handlers\FileHandler' driver.
INFO - 2024-10-08 16:35:09 --> Session: Class initialized using 'CodeIgniter\Session\Handlers\FileHandler' driver.
INFO - 2024-10-08 16:35:22 --> submitKyc request received.
INFO - 2024-10-08 16:35:22 --> POST Data: {"full_name":"Anantha Krishnan P","address":"Thadathil Maroli House, Kudakkalam\r\nPO Eranholi","phone_no":"9400790204"}
INFO - 2024-10-08 16:35:22 --> Duplicate submission for phone number: 9400790204
INFO - 2024-10-08 16:36:15 --> Session: Class initialized using 'CodeIgniter\Session\Handlers\FileHandler' driver.
INFO - 2024-10-08 16:36:25 --> submitKyc request received.
INFO - 2024-10-08 16:36:25 --> POST Data: {"full_name":"Anantha Krishnan P","address":"Thadathil Maroli House, Kudakkalam\r\nPO Eranholi","phone_no":"9400790204"}
ERROR - 2024-10-08 16:36:25 --> Validation Errors: {"document":"document is too large of a file."}
INFO - 2024-10-08 16:36:27 --> submitKyc request received.
INFO - 2024-10-08 16:36:27 --> POST Data: {"full_name":"Anantha Krishnan P","address":"Thadathil Maroli House, Kudakkalam\r\nPO Eranholi","phone_no":"9400790204"}
ERROR - 2024-10-08 16:36:27 --> Validation Errors: {"document":"document is too large of a file."}
INFO - 2024-10-08 16:36:28 --> submitKyc request received.
INFO - 2024-10-08 16:36:28 --> POST Data: {"full_name":"Anantha Krishnan P","address":"Thadathil Maroli House, Kudakkalam\r\nPO Eranholi","phone_no":"9400790204"}
ERROR - 2024-10-08 16:36:28 --> Validation Errors: {"document":"document is too large of a file."}
INFO - 2024-10-08 16:36:30 --> Session: Class initialized using 'CodeIgniter\Session\Handlers\FileHandler' driver.
INFO - 2024-10-08 16:36:40 --> submitKyc request received.
INFO - 2024-10-08 16:36:40 --> POST Data: {"full_name":"Aswin Ramesh","address":"Thadathil Maroli, Kudakkalam\r\nPO Eranholi","phone_no":"9400790204"}
INFO - 2024-10-08 16:36:40 --> Duplicate submission for phone number: 9400790204
INFO - 2024-10-08 16:36:56 --> Session: Class initialized using 'CodeIgniter\Session\Handlers\FileHandler' driver.
INFO - 2024-10-08 16:37:28 --> submitKyc request received.
INFO - 2024-10-08 16:37:28 --> POST Data: {"full_name":"Anantha Krishnan P","address":"Thadathil Maroli House, Kudakkalam\r\nPO Eranholi","phone_no":"9400790204"}
INFO - 2024-10-08 16:37:28 --> Duplicate submission for phone number: 9400790204
INFO - 2024-10-08 16:38:09 --> Session: Class initialized using 'CodeIgniter\Session\Handlers\FileHandler' driver.
INFO - 2024-10-08 16:38:32 --> submitKyc request received.
INFO - 2024-10-08 16:38:32 --> POST Data: {"full_name":"Anantha Krishnan P","address":"Thadathil Maroli House, Kudakkalam\r\nPO Eranholi","phone_no":"9400790204"}
ERROR - 2024-10-08 16:38:32 --> Validation Errors: {"document":"document is too large of a file."}
INFO - 2024-10-08 16:38:34 --> submitKyc request received.
INFO - 2024-10-08 16:38:34 --> POST Data: {"full_name":"Anantha Krishnan P","address":"Thadathil Maroli House, Kudakkalam\r\nPO Eranholi","phone_no":"9400790204"}
ERROR - 2024-10-08 16:38:34 --> Validation Errors: {"document":"document is too large of a file."}
INFO - 2024-10-08 16:38:35 --> Session: Class initialized using 'CodeIgniter\Session\Handlers\FileHandler' driver.
INFO - 2024-10-08 16:38:46 --> submitKyc request received.
INFO - 2024-10-08 16:38:46 --> POST Data: {"full_name":"Aswin Ramesh","address":"Thadathil Maroli, Kudakkalam\r\nPO Eranholi","phone_no":"9400790204"}
ERROR - 2024-10-08 16:38:46 --> Validation Errors: {"document":"document is too large of a file."}
INFO - 2024-10-08 16:38:50 --> submitKyc request received.
INFO - 2024-10-08 16:38:50 --> POST Data: {"full_name":"Aswin Ramesh","address":"Thadathil Maroli, Kudakkalam\r\nPO Eranholi","phone_no":"9400790204"}
INFO - 2024-10-08 16:38:50 --> Duplicate submission for phone number: 9400790204
INFO - 2024-10-08 16:38:54 --> submitKyc request received.
INFO - 2024-10-08 16:38:54 --> POST Data: {"full_name":"Aswin Ramesh","address":"Thadathil Maroli, Kudakkalam\r\nPO Eranholi","phone_no":"9400790204"}
INFO - 2024-10-08 16:38:54 --> Duplicate submission for phone number: 9400790204
INFO - 2024-10-08 16:41:19 --> Session: Class initialized using 'CodeIgniter\Session\Handlers\FileHandler' driver.
INFO - 2024-10-08 16:41:45 --> submitKyc request received.
INFO - 2024-10-08 16:41:45 --> POST Data: {"full_name":"Anantha Krishnan P","address":"Thadathil Maroli House, Kudakkalam\r\nPO Eranholi","phone_no":"9400790204"}
INFO - 2024-10-08 16:41:45 --> Duplicate submission for phone number: 9400790204
INFO - 2024-10-08 16:42:10 --> Session: Class initialized using 'CodeIgniter\Session\Handlers\FileHandler' driver.
INFO - 2024-10-08 16:43:23 --> submitKyc request received.
INFO - 2024-10-08 16:43:23 --> POST Data: {"full_name":"","address":"","phone_no":""}
ERROR - 2024-10-08 16:43:23 --> Validation Errors: {"full_name":"The full_name field is required.","address":"The address field is required.","phone_no":"The phone_no field is required.","document":"document is not a valid uploaded file."}
INFO - 2024-10-08 16:46:36 --> Session: Class initialized using 'CodeIgniter\Session\Handlers\FileHandler' driver.
INFO - 2024-10-08 16:46:40 --> Session: Class initialized using 'CodeIgniter\Session\Handlers\FileHandler' driver.
INFO - 2024-10-08 16:46:43 --> Session: Class initialized using 'CodeIgniter\Session\Handlers\FileHandler' driver.
INFO - 2024-10-08 16:46:50 --> Session: Class initialized using 'CodeIgniter\Session\Handlers\FileHandler' driver.
INFO - 2024-10-08 16:46:51 --> Session: Class initialized using 'CodeIgniter\Session\Handlers\FileHandler' driver.
INFO - 2024-10-08 16:47:34 --> Session: Class initialized using 'CodeIgniter\Session\Handlers\FileHandler' driver.
INFO - 2024-10-08 16:47:38 --> Session: Class initialized using 'CodeIgniter\Session\Handlers\FileHandler' driver.
INFO - 2024-10-08 16:47:49 --> Session: Class initialized using 'CodeIgniter\Session\Handlers\FileHandler' driver.
INFO - 2024-10-08 16:47:53 --> Session: Class initialized using 'CodeIgniter\Session\Handlers\FileHandler' driver.
INFO - 2024-10-08 18:05:44 --> Session: Class initialized using 'CodeIgniter\Session\Handlers\FileHandler' driver.
CRITICAL - 2024-10-08 18:05:46 --> ErrorException: Undefined array key "kyc_verify"
[Method: GET, Route: product_details_view]
in APPPATH\Views\partner\product\product_details_view.php on line 172.
 1 APPPATH\Views\partner\product\product_details_view.php(172): CodeIgniter\Debug\Exceptions->errorHandler(2, 'Undefined array key "kyc_verify"', 'C:\\xampp\\htdocs\\happymeds\\app\\Views\\partner\\product\\product_details_view.php', 172)
 2 SYSTEMPATH\View\View.php(234): include('C:\\xampp\\htdocs\\happymeds\\app\\Views\\partner\\product\\product_details_view.php')
 3 SYSTEMPATH\View\View.php(237): CodeIgniter\View\View->CodeIgniter\View\{closure}()
 4 SYSTEMPATH\Common.php(1171): CodeIgniter\View\View->render('partner/product/product_details_view', [], true)
 5 APPPATH\Controllers\PartnerController.php(359): view('partner/product/product_details_view', [...])
 6 APPPATH\Controllers\PartnerController.php(336): App\Controllers\PartnerController->App\Controllers\{closure}()
 7 APPPATH\Controllers\PartnerController.php(351): App\Controllers\PartnerController->renderCache('banking_view', Object(Closure))
 8 APPPATH\Controllers\PartnerController.php(182): App\Controllers\PartnerController->renderView('banking_view', 'partner/product/product_details_view', [...])
 9 SYSTEMPATH\CodeIgniter.php(933): App\Controllers\PartnerController->ProductDetailsView()
10 SYSTEMPATH\CodeIgniter.php(509): CodeIgniter\CodeIgniter->runController(Object(App\Controllers\PartnerController))
11 SYSTEMPATH\CodeIgniter.php(355): CodeIgniter\CodeIgniter->handleRequest(null, Object(Config\Cache), false)
12 SYSTEMPATH\Boot.php(312): CodeIgniter\CodeIgniter->run()
13 SYSTEMPATH\Boot.php(67): CodeIgniter\Boot::runCodeIgniter(Object(CodeIgniter\CodeIgniter))
14 FCPATH\index.php(56): CodeIgniter\Boot::bootWeb(Object(Config\Paths))
INFO - 2024-10-08 18:07:31 --> Session: Class initialized using 'CodeIgniter\Session\Handlers\FileHandler' driver.
CRITICAL - 2024-10-08 18:07:31 --> ErrorException: Undefined array key "kyc_verify"
[Method: GET, Route: product_details_view]
in APPPATH\Views\partner\product\product_details_view.php on line 172.
 1 APPPATH\Views\partner\product\product_details_view.php(172): CodeIgniter\Debug\Exceptions->errorHandler(2, 'Undefined array key "kyc_verify"', 'C:\\xampp\\htdocs\\happymeds\\app\\Views\\partner\\product\\product_details_view.php', 172)
 2 SYSTEMPATH\View\View.php(234): include('C:\\xampp\\htdocs\\happymeds\\app\\Views\\partner\\product\\product_details_view.php')
 3 SYSTEMPATH\View\View.php(237): CodeIgniter\View\View->CodeIgniter\View\{closure}()
 4 SYSTEMPATH\Common.php(1171): CodeIgniter\View\View->render('partner/product/product_details_view', [], true)
 5 APPPATH\Controllers\PartnerController.php(359): view('partner/product/product_details_view', [...])
 6 APPPATH\Controllers\PartnerController.php(336): App\Controllers\PartnerController->App\Controllers\{closure}()
 7 APPPATH\Controllers\PartnerController.php(351): App\Controllers\PartnerController->renderCache('banking_view', Object(Closure))
 8 APPPATH\Controllers\PartnerController.php(182): App\Controllers\PartnerController->renderView('banking_view', 'partner/product/product_details_view', [...])
 9 SYSTEMPATH\CodeIgniter.php(933): App\Controllers\PartnerController->ProductDetailsView()
10 SYSTEMPATH\CodeIgniter.php(509): CodeIgniter\CodeIgniter->runController(Object(App\Controllers\PartnerController))
11 SYSTEMPATH\CodeIgniter.php(355): CodeIgniter\CodeIgniter->handleRequest(null, Object(Config\Cache), false)
12 SYSTEMPATH\Boot.php(312): CodeIgniter\CodeIgniter->run()
13 SYSTEMPATH\Boot.php(67): CodeIgniter\Boot::runCodeIgniter(Object(CodeIgniter\CodeIgniter))
14 FCPATH\index.php(56): CodeIgniter\Boot::bootWeb(Object(Config\Paths))
INFO - 2024-10-08 18:07:37 --> Session: Class initialized using 'CodeIgniter\Session\Handlers\FileHandler' driver.
CRITICAL - 2024-10-08 18:07:37 --> ErrorException: Undefined array key "kyc_verify"
[Method: GET, Route: product_details_view]
in APPPATH\Views\partner\product\product_details_view.php on line 172.
 1 APPPATH\Views\partner\product\product_details_view.php(172): CodeIgniter\Debug\Exceptions->errorHandler(2, 'Undefined array key "kyc_verify"', 'C:\\xampp\\htdocs\\happymeds\\app\\Views\\partner\\product\\product_details_view.php', 172)
 2 SYSTEMPATH\View\View.php(234): include('C:\\xampp\\htdocs\\happymeds\\app\\Views\\partner\\product\\product_details_view.php')
 3 SYSTEMPATH\View\View.php(237): CodeIgniter\View\View->CodeIgniter\View\{closure}()
 4 SYSTEMPATH\Common.php(1171): CodeIgniter\View\View->render('partner/product/product_details_view', [], true)
 5 APPPATH\Controllers\PartnerController.php(359): view('partner/product/product_details_view', [...])
 6 APPPATH\Controllers\PartnerController.php(336): App\Controllers\PartnerController->App\Controllers\{closure}()
 7 APPPATH\Controllers\PartnerController.php(351): App\Controllers\PartnerController->renderCache('banking_view', Object(Closure))
 8 APPPATH\Controllers\PartnerController.php(182): App\Controllers\PartnerController->renderView('banking_view', 'partner/product/product_details_view', [...])
 9 SYSTEMPATH\CodeIgniter.php(933): App\Controllers\PartnerController->ProductDetailsView()
10 SYSTEMPATH\CodeIgniter.php(509): CodeIgniter\CodeIgniter->runController(Object(App\Controllers\PartnerController))
11 SYSTEMPATH\CodeIgniter.php(355): CodeIgniter\CodeIgniter->handleRequest(null, Object(Config\Cache), false)
12 SYSTEMPATH\Boot.php(312): CodeIgniter\CodeIgniter->run()
13 SYSTEMPATH\Boot.php(67): CodeIgniter\Boot::runCodeIgniter(Object(CodeIgniter\CodeIgniter))
14 FCPATH\index.php(56): CodeIgniter\Boot::bootWeb(Object(Config\Paths))
INFO - 2024-10-08 18:13:48 --> Session: Class initialized using 'CodeIgniter\Session\Handlers\FileHandler' driver.
INFO - 2024-10-08 18:13:54 --> Session: Class initialized using 'CodeIgniter\Session\Handlers\FileHandler' driver.
CRITICAL - 2024-10-08 18:13:54 --> ErrorException: Undefined array key "kyc_verify"
[Method: GET, Route: product_details_view]
in APPPATH\Views\partner\product\product_details_view.php on line 172.
 1 APPPATH\Views\partner\product\product_details_view.php(172): CodeIgniter\Debug\Exceptions->errorHandler(2, 'Undefined array key "kyc_verify"', 'C:\\xampp\\htdocs\\happymeds\\app\\Views\\partner\\product\\product_details_view.php', 172)
 2 SYSTEMPATH\View\View.php(234): include('C:\\xampp\\htdocs\\happymeds\\app\\Views\\partner\\product\\product_details_view.php')
 3 SYSTEMPATH\View\View.php(237): CodeIgniter\View\View->CodeIgniter\View\{closure}()
 4 SYSTEMPATH\Common.php(1171): CodeIgniter\View\View->render('partner/product/product_details_view', [], true)
 5 APPPATH\Controllers\PartnerController.php(359): view('partner/product/product_details_view', [...])
 6 APPPATH\Controllers\PartnerController.php(336): App\Controllers\PartnerController->App\Controllers\{closure}()
 7 APPPATH\Controllers\PartnerController.php(351): App\Controllers\PartnerController->renderCache('banking_view', Object(Closure))
 8 APPPATH\Controllers\PartnerController.php(182): App\Controllers\PartnerController->renderView('banking_view', 'partner/product/product_details_view', [...])
 9 SYSTEMPATH\CodeIgniter.php(933): App\Controllers\PartnerController->ProductDetailsView()
10 SYSTEMPATH\CodeIgniter.php(509): CodeIgniter\CodeIgniter->runController(Object(App\Controllers\PartnerController))
11 SYSTEMPATH\CodeIgniter.php(355): CodeIgniter\CodeIgniter->handleRequest(null, Object(Config\Cache), false)
12 SYSTEMPATH\Boot.php(312): CodeIgniter\CodeIgniter->run()
13 SYSTEMPATH\Boot.php(67): CodeIgniter\Boot::runCodeIgniter(Object(CodeIgniter\CodeIgniter))
14 FCPATH\index.php(56): CodeIgniter\Boot::bootWeb(Object(Config\Paths))
INFO - 2024-10-08 18:18:19 --> Session: Class initialized using 'CodeIgniter\Session\Handlers\FileHandler' driver.
CRITICAL - 2024-10-08 18:18:20 --> ErrorException: Undefined array key "kyc_verify"
[Method: GET, Route: product_details]
in APPPATH\Views\partner\partner_header.php on line 928.
 1 APPPATH\Views\partner\partner_header.php(928): CodeIgniter\Debug\Exceptions->errorHandler(2, 'Undefined array key "kyc_verify"', 'C:\\xampp\\htdocs\\happymeds\\app\\Views\\partner\\partner_header.php', 928)
 2 SYSTEMPATH\View\View.php(234): include('C:\\xampp\\htdocs\\happymeds\\app\\Views\\partner\\partner_header.php')
 3 SYSTEMPATH\View\View.php(237): CodeIgniter\View\View->CodeIgniter\View\{closure}()
 4 SYSTEMPATH\Common.php(1171): CodeIgniter\View\View->render('partner/partner_header', [], true)
 5 APPPATH\Controllers\PartnerController.php(357): view('partner/partner_header', [...])
 6 APPPATH\Controllers\PartnerController.php(336): App\Controllers\PartnerController->App\Controllers\{closure}()
 7 APPPATH\Controllers\PartnerController.php(351): App\Controllers\PartnerController->renderCache('product_details_view', Object(Closure))
 8 APPPATH\Controllers\PartnerController.php(195): App\Controllers\PartnerController->renderView('product_details_view', 'partner/product/product_details', [...])
 9 SYSTEMPATH\CodeIgniter.php(933): App\Controllers\PartnerController->productDetails()
10 SYSTEMPATH\CodeIgniter.php(509): CodeIgniter\CodeIgniter->runController(Object(App\Controllers\PartnerController))
11 SYSTEMPATH\CodeIgniter.php(355): CodeIgniter\CodeIgniter->handleRequest(null, Object(Config\Cache), false)
12 SYSTEMPATH\Boot.php(312): CodeIgniter\CodeIgniter->run()
13 SYSTEMPATH\Boot.php(67): CodeIgniter\Boot::runCodeIgniter(Object(CodeIgniter\CodeIgniter))
14 FCPATH\index.php(56): CodeIgniter\Boot::bootWeb(Object(Config\Paths))
INFO - 2024-10-08 18:18:36 --> Session: Class initialized using 'CodeIgniter\Session\Handlers\FileHandler' driver.
CRITICAL - 2024-10-08 18:18:36 --> ErrorException: Undefined array key "kyc_verify"
[Method: GET, Route: product_details]
in APPPATH\Views\partner\partner_header.php on line 928.
 1 APPPATH\Views\partner\partner_header.php(928): CodeIgniter\Debug\Exceptions->errorHandler(2, 'Undefined array key "kyc_verify"', 'C:\\xampp\\htdocs\\happymeds\\app\\Views\\partner\\partner_header.php', 928)
 2 SYSTEMPATH\View\View.php(234): include('C:\\xampp\\htdocs\\happymeds\\app\\Views\\partner\\partner_header.php')
 3 SYSTEMPATH\View\View.php(237): CodeIgniter\View\View->CodeIgniter\View\{closure}()
 4 SYSTEMPATH\Common.php(1171): CodeIgniter\View\View->render('partner/partner_header', [], true)
 5 APPPATH\Controllers\PartnerController.php(357): view('partner/partner_header', [...])
 6 APPPATH\Controllers\PartnerController.php(336): App\Controllers\PartnerController->App\Controllers\{closure}()
 7 APPPATH\Controllers\PartnerController.php(351): App\Controllers\PartnerController->renderCache('product_details_view', Object(Closure))
 8 APPPATH\Controllers\PartnerController.php(195): App\Controllers\PartnerController->renderView('product_details_view', 'partner/product/product_details', [...])
 9 SYSTEMPATH\CodeIgniter.php(933): App\Controllers\PartnerController->productDetails()
10 SYSTEMPATH\CodeIgniter.php(509): CodeIgniter\CodeIgniter->runController(Object(App\Controllers\PartnerController))
11 SYSTEMPATH\CodeIgniter.php(355): CodeIgniter\CodeIgniter->handleRequest(null, Object(Config\Cache), false)
12 SYSTEMPATH\Boot.php(312): CodeIgniter\CodeIgniter->run()
13 SYSTEMPATH\Boot.php(67): CodeIgniter\Boot::runCodeIgniter(Object(CodeIgniter\CodeIgniter))
14 FCPATH\index.php(56): CodeIgniter\Boot::bootWeb(Object(Config\Paths))
INFO - 2024-10-08 18:18:49 --> Session: Class initialized using 'CodeIgniter\Session\Handlers\FileHandler' driver.
INFO - 2024-10-08 18:18:54 --> Session: Class initialized using 'CodeIgniter\Session\Handlers\FileHandler' driver.
INFO - 2024-10-08 18:18:56 --> Session: Class initialized using 'CodeIgniter\Session\Handlers\FileHandler' driver.
INFO - 2024-10-08 18:19:06 --> Session: Class initialized using 'CodeIgniter\Session\Handlers\FileHandler' driver.
INFO - 2024-10-08 18:19:06 --> Session: Class initialized using 'CodeIgniter\Session\Handlers\FileHandler' driver.
INFO - 2024-10-08 18:19:13 --> Session: Class initialized using 'CodeIgniter\Session\Handlers\FileHandler' driver.
INFO - 2024-10-08 18:19:17 --> Session: Class initialized using 'CodeIgniter\Session\Handlers\FileHandler' driver.
INFO - 2024-10-08 18:19:27 --> Session: Class initialized using 'CodeIgniter\Session\Handlers\FileHandler' driver.
INFO - 2024-10-08 18:19:48 --> Session: Class initialized using 'CodeIgniter\Session\Handlers\FileHandler' driver.
