INFO - 2024-07-23 16:21:23 --> Session: Class initialized using 'CodeIgniter\Session\Handlers\FileHandler' driver.
INFO - 2024-07-23 16:24:29 --> Session: Class initialized using 'CodeIgniter\Session\Handlers\FileHandler' driver.
INFO - 2024-07-23 16:24:31 --> Session: Class initialized using 'CodeIgniter\Session\Handlers\FileHandler' driver.
ERROR - 2024-07-23 16:24:36 --> Error connecting to the database: mysqli_sql_exception: Access denied for user 'root'@'localhost' (using password: YES) in C:\xampp\htdocs\happymeds\system\Database\MySQLi\Connection.php:186
Stack trace:
#0 C:\xampp\htdocs\happymeds\system\Database\MySQLi\Connection.php(186): mysqli->real_connect('localhost', 'root', Object(SensitiveParameterValue), 'lammygkk_aranea', 3306, '', 0)
#1 C:\xampp\htdocs\happymeds\system\Database\BaseConnection.php(421): CodeIgniter\Database\MySQLi\Connection->connect(false)
#2 C:\xampp\htdocs\happymeds\system\Database\BaseConnection.php(604): CodeIgniter\Database\BaseConnection->initialize()
#3 C:\xampp\htdocs\happymeds\system\Database\BaseBuilder.php(1629): CodeIgniter\Database\BaseConnection->query('SELECT *\nFROM `...', Array, false)
#4 C:\xampp\htdocs\happymeds\app\Models\RegistrationModel.php(111): CodeIgniter\Database\BaseBuilder->get()
#5 C:\xampp\htdocs\happymeds\app\Models\RegistrationModel.php(88): App\Models\RegistrationModel->getUserByPhoneOrEmail('demo@gmail.com')
#6 C:\xampp\htdocs\happymeds\app\Controllers\PublicController.php(171): App\Models\RegistrationModel->customerLogin('demo@gmail.com', 'demo')
#7 C:\xampp\htdocs\happymeds\system\CodeIgniter.php(933): App\Controllers\PublicController->loginProcess()
#8 C:\xampp\htdocs\happymeds\system\CodeIgniter.php(509): CodeIgniter\CodeIgniter->runController(Object(App\Controllers\PublicController))
#9 C:\xampp\htdocs\happymeds\system\CodeIgniter.php(355): CodeIgniter\CodeIgniter->handleRequest(NULL, Object(Config\Cache), false)
#10 C:\xampp\htdocs\happymeds\system\Boot.php(312): CodeIgniter\CodeIgniter->run()
#11 C:\xampp\htdocs\happymeds\system\Boot.php(67): CodeIgniter\Boot::runCodeIgniter(Object(CodeIgniter\CodeIgniter))
#12 C:\xampp\htdocs\happymeds\index.php(56): CodeIgniter\Boot::bootWeb(Object(Config\Paths))
#13 {main}

Next CodeIgniter\Database\Exceptions\DatabaseException: Access denied for user '****'@'localhost' (using password: YES) in C:\xampp\htdocs\happymeds\system\Database\MySQLi\Connection.php:231
Stack trace:
#0 C:\xampp\htdocs\happymeds\system\Database\BaseConnection.php(421): CodeIgniter\Database\MySQLi\Connection->connect(false)
#1 C:\xampp\htdocs\happymeds\system\Database\BaseConnection.php(604): CodeIgniter\Database\BaseConnection->initialize()
#2 C:\xampp\htdocs\happymeds\system\Database\BaseBuilder.php(1629): CodeIgniter\Database\BaseConnection->query('SELECT *\nFROM `...', Array, false)
#3 C:\xampp\htdocs\happymeds\app\Models\RegistrationModel.php(111): CodeIgniter\Database\BaseBuilder->get()
#4 C:\xampp\htdocs\happymeds\app\Models\RegistrationModel.php(88): App\Models\RegistrationModel->getUserByPhoneOrEmail('demo@gmail.com')
#5 C:\xampp\htdocs\happymeds\app\Controllers\PublicController.php(171): App\Models\RegistrationModel->customerLogin('demo@gmail.com', 'demo')
#6 C:\xampp\htdocs\happymeds\system\CodeIgniter.php(933): App\Controllers\PublicController->loginProcess()
#7 C:\xampp\htdocs\happymeds\system\CodeIgniter.php(509): CodeIgniter\CodeIgniter->runController(Object(App\Controllers\PublicController))
#8 C:\xampp\htdocs\happymeds\system\CodeIgniter.php(355): CodeIgniter\CodeIgniter->handleRequest(NULL, Object(Config\Cache), false)
#9 C:\xampp\htdocs\happymeds\system\Boot.php(312): CodeIgniter\CodeIgniter->run()
#10 C:\xampp\htdocs\happymeds\system\Boot.php(67): CodeIgniter\Boot::runCodeIgniter(Object(CodeIgniter\CodeIgniter))
#11 C:\xampp\htdocs\happymeds\index.php(56): CodeIgniter\Boot::bootWeb(Object(Config\Paths))
#12 {main}
CRITICAL - 2024-07-23 16:24:36 --> CodeIgniter\Database\Exceptions\DatabaseException: Unable to connect to the database.
Main connection [MySQLi]: Access denied for user '****'@'localhost' (using password: YES)
[Method: POST, Route: login_process]
in SYSTEMPATH\Database\BaseConnection.php on line 457.
 1 SYSTEMPATH\Database\BaseConnection.php(604): CodeIgniter\Database\BaseConnection->initialize()
 2 SYSTEMPATH\Database\BaseBuilder.php(1629): CodeIgniter\Database\BaseConnection->query('SELECT *
FROM `users`
WHERE `phone` = :phone:
OR `email` = :email:', [...], false)
 3 APPPATH\Models\RegistrationModel.php(111): CodeIgniter\Database\BaseBuilder->get()
 4 APPPATH\Models\RegistrationModel.php(88): App\Models\RegistrationModel->getUserByPhoneOrEmail('demo@gmail.com')
 5 APPPATH\Controllers\PublicController.php(171): App\Models\RegistrationModel->customerLogin('demo@gmail.com', 'demo')
 6 SYSTEMPATH\CodeIgniter.php(933): App\Controllers\PublicController->loginProcess()
 7 SYSTEMPATH\CodeIgniter.php(509): CodeIgniter\CodeIgniter->runController(Object(App\Controllers\PublicController))
 8 SYSTEMPATH\CodeIgniter.php(355): CodeIgniter\CodeIgniter->handleRequest(null, Object(Config\Cache), false)
 9 SYSTEMPATH\Boot.php(312): CodeIgniter\CodeIgniter->run()
10 SYSTEMPATH\Boot.php(67): CodeIgniter\Boot::runCodeIgniter(Object(CodeIgniter\CodeIgniter))
11 FCPATH\index.php(56): CodeIgniter\Boot::bootWeb(Object(Config\Paths))
INFO - 2024-07-23 16:26:07 --> Session: Class initialized using 'CodeIgniter\Session\Handlers\FileHandler' driver.
INFO - 2024-07-23 16:26:07 --> Session: Class initialized using 'CodeIgniter\Session\Handlers\FileHandler' driver.
INFO - 2024-07-23 16:26:21 --> Session: Class initialized using 'CodeIgniter\Session\Handlers\FileHandler' driver.
INFO - 2024-07-23 16:26:29 --> Session: Class initialized using 'CodeIgniter\Session\Handlers\FileHandler' driver.
INFO - 2024-07-23 16:28:05 --> Session: Class initialized using 'CodeIgniter\Session\Handlers\FileHandler' driver.
INFO - 2024-07-23 16:28:19 --> Session: Class initialized using 'CodeIgniter\Session\Handlers\FileHandler' driver.
INFO - 2024-07-23 16:29:00 --> Session: Class initialized using 'CodeIgniter\Session\Handlers\FileHandler' driver.
INFO - 2024-07-23 16:29:25 --> Session: Class initialized using 'CodeIgniter\Session\Handlers\FileHandler' driver.
INFO - 2024-07-23 16:31:38 --> Session: Class initialized using 'CodeIgniter\Session\Handlers\FileHandler' driver.
INFO - 2024-07-23 16:31:53 --> Session: Class initialized using 'CodeIgniter\Session\Handlers\FileHandler' driver.
INFO - 2024-07-23 16:37:43 --> Session: Class initialized using 'CodeIgniter\Session\Handlers\FileHandler' driver.
INFO - 2024-07-23 16:37:59 --> Session: Class initialized using 'CodeIgniter\Session\Handlers\FileHandler' driver.
INFO - 2024-07-23 16:41:03 --> Session: Class initialized using 'CodeIgniter\Session\Handlers\FileHandler' driver.
INFO - 2024-07-23 16:42:33 --> Session: Class initialized using 'CodeIgniter\Session\Handlers\FileHandler' driver.
INFO - 2024-07-23 16:42:34 --> Session: Class initialized using 'CodeIgniter\Session\Handlers\FileHandler' driver.
INFO - 2024-07-23 16:42:34 --> Session: Class initialized using 'CodeIgniter\Session\Handlers\FileHandler' driver.
INFO - 2024-07-23 16:50:30 --> Session: Class initialized using 'CodeIgniter\Session\Handlers\FileHandler' driver.
INFO - 2024-07-23 16:53:36 --> Session: Class initialized using 'CodeIgniter\Session\Handlers\FileHandler' driver.
ERROR - 2024-07-23 16:53:36 --> mysqli_sql_exception: Table 'lammygkk_aranea.product_holdings' doesn't exist in C:\xampp\htdocs\happymeds\system\Database\MySQLi\Connection.php:308
Stack trace:
#0 C:\xampp\htdocs\happymeds\system\Database\MySQLi\Connection.php(308): mysqli->query('SELECT `product...', 0)
#1 C:\xampp\htdocs\happymeds\system\Database\BaseConnection.php(722): CodeIgniter\Database\MySQLi\Connection->execute('SELECT `product...')
#2 C:\xampp\htdocs\happymeds\system\Database\BaseConnection.php(636): CodeIgniter\Database\BaseConnection->simpleQuery('SELECT `product...')
#3 C:\xampp\htdocs\happymeds\system\Database\BaseBuilder.php(1629): CodeIgniter\Database\BaseConnection->query('SELECT `product...', Array, false)
#4 C:\xampp\htdocs\happymeds\app\Models\ProductHoldingsModel.php(18): CodeIgniter\Database\BaseBuilder->get()
#5 C:\xampp\htdocs\happymeds\app\Controllers\PartnerController.php(148): App\Models\ProductHoldingsModel->getProductHoldingsWithIcons()
#6 C:\xampp\htdocs\happymeds\system\CodeIgniter.php(933): App\Controllers\PartnerController->Portfolio()
#7 C:\xampp\htdocs\happymeds\system\CodeIgniter.php(509): CodeIgniter\CodeIgniter->runController(Object(App\Controllers\PartnerController))
#8 C:\xampp\htdocs\happymeds\system\CodeIgniter.php(355): CodeIgniter\CodeIgniter->handleRequest(NULL, Object(Config\Cache), false)
#9 C:\xampp\htdocs\happymeds\system\Boot.php(312): CodeIgniter\CodeIgniter->run()
#10 C:\xampp\htdocs\happymeds\system\Boot.php(67): CodeIgniter\Boot::runCodeIgniter(Object(CodeIgniter\CodeIgniter))
#11 C:\xampp\htdocs\happymeds\index.php(56): CodeIgniter\Boot::bootWeb(Object(Config\Paths))
#12 {main}
CRITICAL - 2024-07-23 16:53:36 --> CodeIgniter\Database\Exceptions\DatabaseException: Table 'lammygkk_aranea.product_holdings' doesn't exist
[Method: GET, Route: portfolio]
in SYSTEMPATH\Database\BaseConnection.php on line 676.
 1 SYSTEMPATH\Database\BaseBuilder.php(1629): CodeIgniter\Database\BaseConnection->query('SELECT `product_holdings`.*, `product_data`.`icon`, `product_data`.`ProductName`
FROM `product_holdings`
INNER JOIN `product_data` ON `product_holdings`.`product_id` = `product_data`.`product_id`', [], false)
 2 APPPATH\Models\ProductHoldingsModel.php(18): CodeIgniter\Database\BaseBuilder->get()
 3 APPPATH\Controllers\PartnerController.php(148): App\Models\ProductHoldingsModel->getProductHoldingsWithIcons()
 4 SYSTEMPATH\CodeIgniter.php(933): App\Controllers\PartnerController->Portfolio()
 5 SYSTEMPATH\CodeIgniter.php(509): CodeIgniter\CodeIgniter->runController(Object(App\Controllers\PartnerController))
 6 SYSTEMPATH\CodeIgniter.php(355): CodeIgniter\CodeIgniter->handleRequest(null, Object(Config\Cache), false)
 7 SYSTEMPATH\Boot.php(312): CodeIgniter\CodeIgniter->run()
 8 SYSTEMPATH\Boot.php(67): CodeIgniter\Boot::runCodeIgniter(Object(CodeIgniter\CodeIgniter))
 9 FCPATH\index.php(56): CodeIgniter\Boot::bootWeb(Object(Config\Paths))
CRITICAL - 2024-07-23 16:53:36 --> [Caused by] CodeIgniter\Database\Exceptions\DatabaseException: Table 'lammygkk_aranea.product_holdings' doesn't exist
in SYSTEMPATH\Database\MySQLi\Connection.php on line 313.
 1 SYSTEMPATH\Database\BaseConnection.php(722): CodeIgniter\Database\MySQLi\Connection->execute('SELECT `product_holdings`.*, `product_data`.`icon`, `product_data`.`ProductName`
FROM `product_holdings`
INNER JOIN `product_data` ON `product_holdings`.`product_id` = `product_data`.`product_id`')
 2 SYSTEMPATH\Database\BaseConnection.php(636): CodeIgniter\Database\BaseConnection->simpleQuery('SELECT `product_holdings`.*, `product_data`.`icon`, `product_data`.`ProductName`
FROM `product_holdings`
INNER JOIN `product_data` ON `product_holdings`.`product_id` = `product_data`.`product_id`')
 3 SYSTEMPATH\Database\BaseBuilder.php(1629): CodeIgniter\Database\BaseConnection->query('SELECT `product_holdings`.*, `product_data`.`icon`, `product_data`.`ProductName`
FROM `product_holdings`
INNER JOIN `product_data` ON `product_holdings`.`product_id` = `product_data`.`product_id`', [], false)
 4 APPPATH\Models\ProductHoldingsModel.php(18): CodeIgniter\Database\BaseBuilder->get()
 5 APPPATH\Controllers\PartnerController.php(148): App\Models\ProductHoldingsModel->getProductHoldingsWithIcons()
 6 SYSTEMPATH\CodeIgniter.php(933): App\Controllers\PartnerController->Portfolio()
 7 SYSTEMPATH\CodeIgniter.php(509): CodeIgniter\CodeIgniter->runController(Object(App\Controllers\PartnerController))
 8 SYSTEMPATH\CodeIgniter.php(355): CodeIgniter\CodeIgniter->handleRequest(null, Object(Config\Cache), false)
 9 SYSTEMPATH\Boot.php(312): CodeIgniter\CodeIgniter->run()
10 SYSTEMPATH\Boot.php(67): CodeIgniter\Boot::runCodeIgniter(Object(CodeIgniter\CodeIgniter))
11 FCPATH\index.php(56): CodeIgniter\Boot::bootWeb(Object(Config\Paths))
CRITICAL - 2024-07-23 16:53:36 --> [Caused by] mysqli_sql_exception: Table 'lammygkk_aranea.product_holdings' doesn't exist
in SYSTEMPATH\Database\MySQLi\Connection.php on line 308.
 1 SYSTEMPATH\Database\MySQLi\Connection.php(308): mysqli->query('SELECT `product_holdings`.*, `product_data`.`icon`, `product_data`.`ProductName`
FROM `product_holdings`
INNER JOIN `product_data` ON `product_holdings`.`product_id` = `product_data`.`product_id`', 0)
 2 SYSTEMPATH\Database\BaseConnection.php(722): CodeIgniter\Database\MySQLi\Connection->execute('SELECT `product_holdings`.*, `product_data`.`icon`, `product_data`.`ProductName`
FROM `product_holdings`
INNER JOIN `product_data` ON `product_holdings`.`product_id` = `product_data`.`product_id`')
 3 SYSTEMPATH\Database\BaseConnection.php(636): CodeIgniter\Database\BaseConnection->simpleQuery('SELECT `product_holdings`.*, `product_data`.`icon`, `product_data`.`ProductName`
FROM `product_holdings`
INNER JOIN `product_data` ON `product_holdings`.`product_id` = `product_data`.`product_id`')
 4 SYSTEMPATH\Database\BaseBuilder.php(1629): CodeIgniter\Database\BaseConnection->query('SELECT `product_holdings`.*, `product_data`.`icon`, `product_data`.`ProductName`
FROM `product_holdings`
INNER JOIN `product_data` ON `product_holdings`.`product_id` = `product_data`.`product_id`', [], false)
 5 APPPATH\Models\ProductHoldingsModel.php(18): CodeIgniter\Database\BaseBuilder->get()
 6 APPPATH\Controllers\PartnerController.php(148): App\Models\ProductHoldingsModel->getProductHoldingsWithIcons()
 7 SYSTEMPATH\CodeIgniter.php(933): App\Controllers\PartnerController->Portfolio()
 8 SYSTEMPATH\CodeIgniter.php(509): CodeIgniter\CodeIgniter->runController(Object(App\Controllers\PartnerController))
 9 SYSTEMPATH\CodeIgniter.php(355): CodeIgniter\CodeIgniter->handleRequest(null, Object(Config\Cache), false)
10 SYSTEMPATH\Boot.php(312): CodeIgniter\CodeIgniter->run()
11 SYSTEMPATH\Boot.php(67): CodeIgniter\Boot::runCodeIgniter(Object(CodeIgniter\CodeIgniter))
12 FCPATH\index.php(56): CodeIgniter\Boot::bootWeb(Object(Config\Paths))
INFO - 2024-07-23 16:55:40 --> Session: Class initialized using 'CodeIgniter\Session\Handlers\FileHandler' driver.
