INFO - 2024-09-23 17:07:23 --> Session: Class initialized using 'CodeIgniter\Session\Handlers\FileHandler' driver.
INFO - 2024-09-23 17:07:23 --> Session: Class initialized using 'CodeIgniter\Session\Handlers\FileHandler' driver.
INFO - 2024-09-23 17:07:29 --> Session: Class initialized using 'CodeIgniter\Session\Handlers\FileHandler' driver.
INFO - 2024-09-23 17:07:29 --> Session: Class initialized using 'CodeIgniter\Session\Handlers\FileHandler' driver.
INFO - 2024-09-23 17:07:34 --> Session: Class initialized using 'CodeIgniter\Session\Handlers\FileHandler' driver.
INFO - 2024-09-23 17:07:37 --> Session: Class initialized using 'CodeIgniter\Session\Handlers\FileHandler' driver.
ERROR - 2024-09-23 17:07:45 --> Error connecting to the database: mysqli_sql_exception: Access denied for user 'root'@'localhost' (using password: YES) in C:\xampp\htdocs\happymeds\system\Database\MySQLi\Connection.php:186
Stack trace:
#0 C:\xampp\htdocs\happymeds\system\Database\MySQLi\Connection.php(186): mysqli->real_connect('localhost:3306', 'root', Object(SensitiveParameterValue), 'healthcare_aran...', 3306, '', 0)
#1 C:\xampp\htdocs\happymeds\system\Database\BaseConnection.php(421): CodeIgniter\Database\MySQLi\Connection->connect(false)
#2 C:\xampp\htdocs\happymeds\system\Database\BaseConnection.php(604): CodeIgniter\Database\BaseConnection->initialize()
#3 C:\xampp\htdocs\happymeds\system\Database\BaseBuilder.php(1629): CodeIgniter\Database\BaseConnection->query('SELECT *\nFROM `...', Array, false)
#4 C:\xampp\htdocs\happymeds\app\Models\RegistrationModel.php(111): CodeIgniter\Database\BaseBuilder->get()
#5 C:\xampp\htdocs\happymeds\app\Models\RegistrationModel.php(88): App\Models\RegistrationModel->getUserByPhoneOrEmail('demo@gmail.com')
#6 C:\xampp\htdocs\happymeds\app\Controllers\PublicController.php(192): App\Models\RegistrationModel->customerLogin('demo@gmail.com', 'demo')
#7 C:\xampp\htdocs\happymeds\system\CodeIgniter.php(933): App\Controllers\PublicController->loginProcess()
#8 C:\xampp\htdocs\happymeds\system\CodeIgniter.php(509): CodeIgniter\CodeIgniter->runController(Object(App\Controllers\PublicController))
#9 C:\xampp\htdocs\happymeds\system\CodeIgniter.php(355): CodeIgniter\CodeIgniter->handleRequest(NULL, Object(Config\Cache), false)
#10 C:\xampp\htdocs\happymeds\system\Boot.php(312): CodeIgniter\CodeIgniter->run()
#11 C:\xampp\htdocs\happymeds\system\Boot.php(67): CodeIgniter\Boot::runCodeIgniter(Object(CodeIgniter\CodeIgniter))
#12 C:\xampp\htdocs\happymeds\index.php(56): CodeIgniter\Boot::bootWeb(Object(Config\Paths))
#13 {main}

Next CodeIgniter\Database\Exceptions\DatabaseException: Access denied for user '****'@'localhost' (using password: YES) in C:\xampp\htdocs\happymeds\system\Database\MySQLi\Connection.php:231
Stack trace:
#0 C:\xampp\htdocs\happymeds\system\Database\BaseConnection.php(421): CodeIgniter\Database\MySQLi\Connection->connect(false)
#1 C:\xampp\htdocs\happymeds\system\Database\BaseConnection.php(604): CodeIgniter\Database\BaseConnection->initialize()
#2 C:\xampp\htdocs\happymeds\system\Database\BaseBuilder.php(1629): CodeIgniter\Database\BaseConnection->query('SELECT *\nFROM `...', Array, false)
#3 C:\xampp\htdocs\happymeds\app\Models\RegistrationModel.php(111): CodeIgniter\Database\BaseBuilder->get()
#4 C:\xampp\htdocs\happymeds\app\Models\RegistrationModel.php(88): App\Models\RegistrationModel->getUserByPhoneOrEmail('demo@gmail.com')
#5 C:\xampp\htdocs\happymeds\app\Controllers\PublicController.php(192): App\Models\RegistrationModel->customerLogin('demo@gmail.com', 'demo')
#6 C:\xampp\htdocs\happymeds\system\CodeIgniter.php(933): App\Controllers\PublicController->loginProcess()
#7 C:\xampp\htdocs\happymeds\system\CodeIgniter.php(509): CodeIgniter\CodeIgniter->runController(Object(App\Controllers\PublicController))
#8 C:\xampp\htdocs\happymeds\system\CodeIgniter.php(355): CodeIgniter\CodeIgniter->handleRequest(NULL, Object(Config\Cache), false)
#9 C:\xampp\htdocs\happymeds\system\Boot.php(312): CodeIgniter\CodeIgniter->run()
#10 C:\xampp\htdocs\happymeds\system\Boot.php(67): CodeIgniter\Boot::runCodeIgniter(Object(CodeIgniter\CodeIgniter))
#11 C:\xampp\htdocs\happymeds\index.php(56): CodeIgniter\Boot::bootWeb(Object(Config\Paths))
#12 {main}
CRITICAL - 2024-09-23 17:07:45 --> CodeIgniter\Database\Exceptions\DatabaseException: Unable to connect to the database.
Main connection [MySQLi]: Access denied for user '****'@'localhost' (using password: YES)
[Method: POST, Route: login_process]
in SYSTEMPATH\Database\BaseConnection.php on line 457.
 1 SYSTEMPATH\Database\BaseConnection.php(604): CodeIgniter\Database\BaseConnection->initialize()
 2 SYSTEMPATH\Database\BaseBuilder.php(1629): CodeIgniter\Database\BaseConnection->query('SELECT *
FROM `users`
WHERE `phone` = :phone:
OR `email` = :email:', [...], false)
 3 APPPATH\Models\RegistrationModel.php(111): CodeIgniter\Database\BaseBuilder->get()
 4 APPPATH\Models\RegistrationModel.php(88): App\Models\RegistrationModel->getUserByPhoneOrEmail('demo@gmail.com')
 5 APPPATH\Controllers\PublicController.php(192): App\Models\RegistrationModel->customerLogin('demo@gmail.com', 'demo')
 6 SYSTEMPATH\CodeIgniter.php(933): App\Controllers\PublicController->loginProcess()
 7 SYSTEMPATH\CodeIgniter.php(509): CodeIgniter\CodeIgniter->runController(Object(App\Controllers\PublicController))
 8 SYSTEMPATH\CodeIgniter.php(355): CodeIgniter\CodeIgniter->handleRequest(null, Object(Config\Cache), false)
 9 SYSTEMPATH\Boot.php(312): CodeIgniter\CodeIgniter->run()
10 SYSTEMPATH\Boot.php(67): CodeIgniter\Boot::runCodeIgniter(Object(CodeIgniter\CodeIgniter))
11 FCPATH\index.php(56): CodeIgniter\Boot::bootWeb(Object(Config\Paths))
ERROR - 2024-09-23 17:08:21 --> Error connecting to the database: mysqli_sql_exception: Unknown database 'healthcare_aranea' in C:\xampp\htdocs\happymeds\system\Database\MySQLi\Connection.php:186
Stack trace:
#0 C:\xampp\htdocs\happymeds\system\Database\MySQLi\Connection.php(186): mysqli->real_connect('localhost:3306', 'root', Object(SensitiveParameterValue), 'healthcare_aran...', 3306, '', 0)
#1 C:\xampp\htdocs\happymeds\system\Database\BaseConnection.php(421): CodeIgniter\Database\MySQLi\Connection->connect(false)
#2 C:\xampp\htdocs\happymeds\system\Database\BaseConnection.php(604): CodeIgniter\Database\BaseConnection->initialize()
#3 C:\xampp\htdocs\happymeds\system\Database\BaseBuilder.php(1629): CodeIgniter\Database\BaseConnection->query('SELECT *\nFROM `...', Array, false)
#4 C:\xampp\htdocs\happymeds\app\Models\RegistrationModel.php(111): CodeIgniter\Database\BaseBuilder->get()
#5 C:\xampp\htdocs\happymeds\app\Models\RegistrationModel.php(88): App\Models\RegistrationModel->getUserByPhoneOrEmail('demo@gmail.com')
#6 C:\xampp\htdocs\happymeds\app\Controllers\PublicController.php(192): App\Models\RegistrationModel->customerLogin('demo@gmail.com', 'demo')
#7 C:\xampp\htdocs\happymeds\system\CodeIgniter.php(933): App\Controllers\PublicController->loginProcess()
#8 C:\xampp\htdocs\happymeds\system\CodeIgniter.php(509): CodeIgniter\CodeIgniter->runController(Object(App\Controllers\PublicController))
#9 C:\xampp\htdocs\happymeds\system\CodeIgniter.php(355): CodeIgniter\CodeIgniter->handleRequest(NULL, Object(Config\Cache), false)
#10 C:\xampp\htdocs\happymeds\system\Boot.php(312): CodeIgniter\CodeIgniter->run()
#11 C:\xampp\htdocs\happymeds\system\Boot.php(67): CodeIgniter\Boot::runCodeIgniter(Object(CodeIgniter\CodeIgniter))
#12 C:\xampp\htdocs\happymeds\index.php(56): CodeIgniter\Boot::bootWeb(Object(Config\Paths))
#13 {main}

Next CodeIgniter\Database\Exceptions\DatabaseException: Unknown database 'healthcare_aranea' in C:\xampp\htdocs\happymeds\system\Database\MySQLi\Connection.php:231
Stack trace:
#0 C:\xampp\htdocs\happymeds\system\Database\BaseConnection.php(421): CodeIgniter\Database\MySQLi\Connection->connect(false)
#1 C:\xampp\htdocs\happymeds\system\Database\BaseConnection.php(604): CodeIgniter\Database\BaseConnection->initialize()
#2 C:\xampp\htdocs\happymeds\system\Database\BaseBuilder.php(1629): CodeIgniter\Database\BaseConnection->query('SELECT *\nFROM `...', Array, false)
#3 C:\xampp\htdocs\happymeds\app\Models\RegistrationModel.php(111): CodeIgniter\Database\BaseBuilder->get()
#4 C:\xampp\htdocs\happymeds\app\Models\RegistrationModel.php(88): App\Models\RegistrationModel->getUserByPhoneOrEmail('demo@gmail.com')
#5 C:\xampp\htdocs\happymeds\app\Controllers\PublicController.php(192): App\Models\RegistrationModel->customerLogin('demo@gmail.com', 'demo')
#6 C:\xampp\htdocs\happymeds\system\CodeIgniter.php(933): App\Controllers\PublicController->loginProcess()
#7 C:\xampp\htdocs\happymeds\system\CodeIgniter.php(509): CodeIgniter\CodeIgniter->runController(Object(App\Controllers\PublicController))
#8 C:\xampp\htdocs\happymeds\system\CodeIgniter.php(355): CodeIgniter\CodeIgniter->handleRequest(NULL, Object(Config\Cache), false)
#9 C:\xampp\htdocs\happymeds\system\Boot.php(312): CodeIgniter\CodeIgniter->run()
#10 C:\xampp\htdocs\happymeds\system\Boot.php(67): CodeIgniter\Boot::runCodeIgniter(Object(CodeIgniter\CodeIgniter))
#11 C:\xampp\htdocs\happymeds\index.php(56): CodeIgniter\Boot::bootWeb(Object(Config\Paths))
#12 {main}
CRITICAL - 2024-09-23 17:08:21 --> CodeIgniter\Database\Exceptions\DatabaseException: Unable to connect to the database.
Main connection [MySQLi]: Unknown database 'healthcare_aranea'
[Method: POST, Route: login_process]
in SYSTEMPATH\Database\BaseConnection.php on line 457.
 1 SYSTEMPATH\Database\BaseConnection.php(604): CodeIgniter\Database\BaseConnection->initialize()
 2 SYSTEMPATH\Database\BaseBuilder.php(1629): CodeIgniter\Database\BaseConnection->query('SELECT *
FROM `users`
WHERE `phone` = :phone:
OR `email` = :email:', [...], false)
 3 APPPATH\Models\RegistrationModel.php(111): CodeIgniter\Database\BaseBuilder->get()
 4 APPPATH\Models\RegistrationModel.php(88): App\Models\RegistrationModel->getUserByPhoneOrEmail('demo@gmail.com')
 5 APPPATH\Controllers\PublicController.php(192): App\Models\RegistrationModel->customerLogin('demo@gmail.com', 'demo')
 6 SYSTEMPATH\CodeIgniter.php(933): App\Controllers\PublicController->loginProcess()
 7 SYSTEMPATH\CodeIgniter.php(509): CodeIgniter\CodeIgniter->runController(Object(App\Controllers\PublicController))
 8 SYSTEMPATH\CodeIgniter.php(355): CodeIgniter\CodeIgniter->handleRequest(null, Object(Config\Cache), false)
 9 SYSTEMPATH\Boot.php(312): CodeIgniter\CodeIgniter->run()
10 SYSTEMPATH\Boot.php(67): CodeIgniter\Boot::runCodeIgniter(Object(CodeIgniter\CodeIgniter))
11 FCPATH\index.php(56): CodeIgniter\Boot::bootWeb(Object(Config\Paths))
INFO - 2024-09-23 17:08:48 --> Session: Class initialized using 'CodeIgniter\Session\Handlers\FileHandler' driver.
INFO - 2024-09-23 17:08:49 --> Session: Class initialized using 'CodeIgniter\Session\Handlers\FileHandler' driver.
INFO - 2024-09-23 17:22:59 --> Session: Class initialized using 'CodeIgniter\Session\Handlers\FileHandler' driver.
INFO - 2024-09-23 17:23:01 --> Portfolio Data: Array
(
    [userProfile] => Array
        (
            [user_id] => 2
            [user_name] => arjunreddy
            [email] => demo@gmail.com
            [phone] => 7788559966
            [password] => $2y$10$ThvyiQoTKKCLK2EKpoLSL.DoEC21uTepLhBzuBrJ0cx0rfPNKcU8W
            [company_name] => Arjun Reddy
            [otp] => 
            [user_type] => partner
            [created_date] => 2024-06-09 22:24:40
            [firstname] => Arjun
            [lastname] => Reddy
            [designation] => Doctor
            [skills] => MBBS, Cardiology
            [gender] => male
            [dob] => 0000-00-00
            [country] => india
            [city] => krasnodar
            [about_me] => Dr. Arjun Reddy, a surgeon of exceptional skill and unwavering dedication, leverages his brilliance in complex procedures to achieve optimal patient outcomes, though his unconventional approach might require further discussion.
            [profile_photo] => 1717954468_b27f872bceb3ceb2bdf5.jpg
            [language] => English,Hindi
            [age] => 34
            [experience] => 12
            [location] => Banglore
            [login_oauth_uid] => -
        )

    [product_holdings] => Array
        (
            [0] => Array
                (
                    [holding_id] => 1
                    [product_id] => 1
                    [product_name] => HealthPlus
                    [holding_value] => 2385.50
                    [change_percentage] => 5.32
                    [week_change] => 4.25
                    [favorite] => 1
                    [icon] => https://cdn-icons-png.flaticon.com/512/2906/2906533.png
                    [ProductName] => ACEBRO-P
                )

            [1] => Array
                (
                    [holding_id] => 2
                    [product_id] => 2
                    [product_name] => CardioCare
                    [holding_value] => 5247.75
                    [change_percentage] => 7.45
                    [week_change] => 6.10
                    [favorite] => 0
                    [icon] => https://cdn.pixabay.com/photo/2017/05/15/23/47/stethoscope-icon-2316460_1280.png
                    [ProductName] => ALSTOCLAV 625
                )

            [2] => Array
                (
                    [holding_id] => 3
                    [product_id] => 3
                    [product_name] => NanoHealth
                    [holding_value] => 7518.20
                    [change_percentage] => -2.15
                    [week_change] => -1.75
                    [favorite] => 1
                    [icon] => https://cdn-icons-png.flaticon.com/512/2873/2873078.png
                    [ProductName] => AMBRO LS
                )

            [3] => Array
                (
                    [holding_id] => 4
                    [product_id] => 4
                    [product_name] => BioTech Innovations
                    [holding_value] => 4021.00
                    [change_percentage] => 3.50
                    [week_change] => 2.95
                    [favorite] => 0
                    [icon] => https://thumb.ac-illust.com/b6/b6d5b82115663429eda41b910d544fd5_t.jpeg
                    [ProductName] => BRO EE
                )

            [4] => Array
                (
                    [holding_id] => 5
                    [product_id] => 5
                    [product_name] => TeleHealth Solutions
                    [holding_value] => 3610.85
                    [change_percentage] => 4.60
                    [week_change] => 3.80
                    [favorite] => 1
                    [icon] => https://cdn-icons-png.flaticon.com/512/3595/3595970.png
                    [ProductName] => BRO P
                )

        )

    [recent_activity_yesterday] => Array
        (
        )

    [recent_activity] => Array
        (
        )

)

INFO - 2024-09-23 17:26:41 --> Session: Class initialized using 'CodeIgniter\Session\Handlers\FileHandler' driver.
INFO - 2024-09-23 17:26:41 --> Portfolio Data: Array
(
    [userProfile] => Array
        (
            [user_id] => 2
            [user_name] => arjunreddy
            [email] => demo@gmail.com
            [phone] => 7788559966
            [password] => $2y$10$ThvyiQoTKKCLK2EKpoLSL.DoEC21uTepLhBzuBrJ0cx0rfPNKcU8W
            [company_name] => Arjun Reddy
            [otp] => 
            [user_type] => partner
            [created_date] => 2024-06-09 22:24:40
            [firstname] => Arjun
            [lastname] => Reddy
            [designation] => Doctor
            [skills] => MBBS, Cardiology
            [gender] => male
            [dob] => 0000-00-00
            [country] => india
            [city] => krasnodar
            [about_me] => Dr. Arjun Reddy, a surgeon of exceptional skill and unwavering dedication, leverages his brilliance in complex procedures to achieve optimal patient outcomes, though his unconventional approach might require further discussion.
            [profile_photo] => 1717954468_b27f872bceb3ceb2bdf5.jpg
            [language] => English,Hindi
            [age] => 34
            [experience] => 12
            [location] => Banglore
            [login_oauth_uid] => -
        )

    [product_holdings] => Array
        (
            [0] => Array
                (
                    [holding_id] => 1
                    [product_id] => 1
                    [product_name] => HealthPlus
                    [holding_value] => 2385.50
                    [change_percentage] => 5.32
                    [week_change] => 4.25
                    [favorite] => 1
                    [user_id] => 0
                    [investment_amount] => 0
                    [date_of_investment] => 2000-01-01 00:00:00
                    [icon] => https://cdn-icons-png.flaticon.com/512/2906/2906533.png
                    [ProductName] => ACEBRO-P
                )

            [1] => Array
                (
                    [holding_id] => 2
                    [product_id] => 2
                    [product_name] => CardioCare
                    [holding_value] => 5247.75
                    [change_percentage] => 7.45
                    [week_change] => 6.10
                    [favorite] => 0
                    [user_id] => 0
                    [investment_amount] => 0
                    [date_of_investment] => 2000-01-01 00:00:00
                    [icon] => https://cdn.pixabay.com/photo/2017/05/15/23/47/stethoscope-icon-2316460_1280.png
                    [ProductName] => ALSTOCLAV 625
                )

            [2] => Array
                (
                    [holding_id] => 3
                    [product_id] => 3
                    [product_name] => NanoHealth
                    [holding_value] => 7518.20
                    [change_percentage] => -2.15
                    [week_change] => -1.75
                    [favorite] => 1
                    [user_id] => 0
                    [investment_amount] => 0
                    [date_of_investment] => 2000-01-01 00:00:00
                    [icon] => https://cdn-icons-png.flaticon.com/512/2873/2873078.png
                    [ProductName] => AMBRO LS
                )

            [3] => Array
                (
                    [holding_id] => 4
                    [product_id] => 4
                    [product_name] => BioTech Innovations
                    [holding_value] => 4021.00
                    [change_percentage] => 3.50
                    [week_change] => 2.95
                    [favorite] => 0
                    [user_id] => 0
                    [investment_amount] => 0
                    [date_of_investment] => 2000-01-01 00:00:00
                    [icon] => https://thumb.ac-illust.com/b6/b6d5b82115663429eda41b910d544fd5_t.jpeg
                    [ProductName] => BRO EE
                )

            [4] => Array
                (
                    [holding_id] => 5
                    [product_id] => 5
                    [product_name] => TeleHealth Solutions
                    [holding_value] => 3610.85
                    [change_percentage] => 4.60
                    [week_change] => 3.80
                    [favorite] => 1
                    [user_id] => 0
                    [investment_amount] => 0
                    [date_of_investment] => 2000-01-01 00:00:00
                    [icon] => https://cdn-icons-png.flaticon.com/512/3595/3595970.png
                    [ProductName] => BRO P
                )

        )

    [recent_activity_yesterday] => Array
        (
        )

    [recent_activity] => Array
        (
        )

)

INFO - 2024-09-23 17:32:16 --> Session: Class initialized using 'CodeIgniter\Session\Handlers\FileHandler' driver.
INFO - 2024-09-23 17:32:17 --> Portfolio Data: Array
(
    [userProfile] => Array
        (
            [user_id] => 2
            [user_name] => arjunreddy
            [email] => demo@gmail.com
            [phone] => 7788559966
            [password] => $2y$10$ThvyiQoTKKCLK2EKpoLSL.DoEC21uTepLhBzuBrJ0cx0rfPNKcU8W
            [company_name] => Arjun Reddy
            [otp] => 
            [user_type] => partner
            [created_date] => 2024-06-09 22:24:40
            [firstname] => Arjun
            [lastname] => Reddy
            [designation] => Doctor
            [skills] => MBBS, Cardiology
            [gender] => male
            [dob] => 0000-00-00
            [country] => india
            [city] => krasnodar
            [about_me] => Dr. Arjun Reddy, a surgeon of exceptional skill and unwavering dedication, leverages his brilliance in complex procedures to achieve optimal patient outcomes, though his unconventional approach might require further discussion.
            [profile_photo] => 1717954468_b27f872bceb3ceb2bdf5.jpg
            [language] => English,Hindi
            [age] => 34
            [experience] => 12
            [location] => Banglore
            [login_oauth_uid] => -
        )

    [product_holdings] => Array
        (
        )

    [recent_activity_yesterday] => Array
        (
        )

    [recent_activity] => Array
        (
        )

)

INFO - 2024-09-23 17:33:43 --> Session: Class initialized using 'CodeIgniter\Session\Handlers\FileHandler' driver.
INFO - 2024-09-23 17:33:43 --> Portfolio Data: Array
(
    [userProfile] => Array
        (
            [user_id] => 2
            [user_name] => arjunreddy
            [email] => demo@gmail.com
            [phone] => 7788559966
            [password] => $2y$10$ThvyiQoTKKCLK2EKpoLSL.DoEC21uTepLhBzuBrJ0cx0rfPNKcU8W
            [company_name] => Arjun Reddy
            [otp] => 
            [user_type] => partner
            [created_date] => 2024-06-09 22:24:40
            [firstname] => Arjun
            [lastname] => Reddy
            [designation] => Doctor
            [skills] => MBBS, Cardiology
            [gender] => male
            [dob] => 0000-00-00
            [country] => india
            [city] => krasnodar
            [about_me] => Dr. Arjun Reddy, a surgeon of exceptional skill and unwavering dedication, leverages his brilliance in complex procedures to achieve optimal patient outcomes, though his unconventional approach might require further discussion.
            [profile_photo] => 1717954468_b27f872bceb3ceb2bdf5.jpg
            [language] => English,Hindi
            [age] => 34
            [experience] => 12
            [location] => Banglore
            [login_oauth_uid] => -
        )

    [product_holdings] => Array
        (
        )

    [recent_activity_yesterday] => Array
        (
        )

    [recent_activity] => Array
        (
        )

)

INFO - 2024-09-23 17:35:45 --> Session: Class initialized using 'CodeIgniter\Session\Handlers\FileHandler' driver.
INFO - 2024-09-23 17:35:45 --> Portfolio Data: Array
(
    [userProfile] => Array
        (
            [user_id] => 2
            [user_name] => arjunreddy
            [email] => demo@gmail.com
            [phone] => 7788559966
            [password] => $2y$10$ThvyiQoTKKCLK2EKpoLSL.DoEC21uTepLhBzuBrJ0cx0rfPNKcU8W
            [company_name] => Arjun Reddy
            [otp] => 
            [user_type] => partner
            [created_date] => 2024-06-09 22:24:40
            [firstname] => Arjun
            [lastname] => Reddy
            [designation] => Doctor
            [skills] => MBBS, Cardiology
            [gender] => male
            [dob] => 0000-00-00
            [country] => india
            [city] => krasnodar
            [about_me] => Dr. Arjun Reddy, a surgeon of exceptional skill and unwavering dedication, leverages his brilliance in complex procedures to achieve optimal patient outcomes, though his unconventional approach might require further discussion.
            [profile_photo] => 1717954468_b27f872bceb3ceb2bdf5.jpg
            [language] => English,Hindi
            [age] => 34
            [experience] => 12
            [location] => Banglore
            [login_oauth_uid] => -
        )

    [product_holdings] => Array
        (
            [0] => Array
                (
                    [holding_id] => 1
                    [product_id] => 1
                    [product_name] => HealthPlus
                    [holding_value] => 2385.50
                    [change_percentage] => 5.32
                    [week_change] => 4.25
                    [favorite] => 1
                    [user_id] => 2
                    [investment_amount] => 0
                    [date_of_investment] => 2000-01-01 00:00:00
                    [icon] => https://cdn-icons-png.flaticon.com/512/2906/2906533.png
                    [ProductName] => ACEBRO-P
                )

            [1] => Array
                (
                    [holding_id] => 3
                    [product_id] => 3
                    [product_name] => NanoHealth
                    [holding_value] => 7518.20
                    [change_percentage] => -2.15
                    [week_change] => -1.75
                    [favorite] => 1
                    [user_id] => 2
                    [investment_amount] => 0
                    [date_of_investment] => 2000-01-01 00:00:00
                    [icon] => https://cdn-icons-png.flaticon.com/512/2873/2873078.png
                    [ProductName] => AMBRO LS
                )

            [2] => Array
                (
                    [holding_id] => 4
                    [product_id] => 4
                    [product_name] => BioTech Innovations
                    [holding_value] => 4021.00
                    [change_percentage] => 3.50
                    [week_change] => 2.95
                    [favorite] => 0
                    [user_id] => 2
                    [investment_amount] => 0
                    [date_of_investment] => 2000-01-01 00:00:00
                    [icon] => https://thumb.ac-illust.com/b6/b6d5b82115663429eda41b910d544fd5_t.jpeg
                    [ProductName] => BRO EE
                )

        )

    [recent_activity_yesterday] => Array
        (
        )

    [recent_activity] => Array
        (
        )

)

INFO - 2024-09-23 17:37:31 --> Session: Class initialized using 'CodeIgniter\Session\Handlers\FileHandler' driver.
INFO - 2024-09-23 17:37:37 --> Session: Class initialized using 'CodeIgniter\Session\Handlers\FileHandler' driver.
INFO - 2024-09-23 17:37:54 --> Session: Class initialized using 'CodeIgniter\Session\Handlers\FileHandler' driver.
