INFO - 2024-07-28 10:52:45 --> Session: Class initialized using 'CodeIgniter\Session\Handlers\FileHandler' driver.
INFO - 2024-07-28 11:01:35 --> Session: Class initialized using 'CodeIgniter\Session\Handlers\FileHandler' driver.
INFO - 2024-07-28 11:16:47 --> Session: Class initialized using 'CodeIgniter\Session\Handlers\FileHandler' driver.
INFO - 2024-07-28 11:16:50 --> Session: Class initialized using 'CodeIgniter\Session\Handlers\FileHandler' driver.
INFO - 2024-07-28 11:16:54 --> Session: Class initialized using 'CodeIgniter\Session\Handlers\FileHandler' driver.
INFO - 2024-07-28 11:16:55 --> Session: Class initialized using 'CodeIgniter\Session\Handlers\FileHandler' driver.
INFO - 2024-07-28 11:19:19 --> Session: Class initialized using 'CodeIgniter\Session\Handlers\FileHandler' driver.
INFO - 2024-07-28 11:27:22 --> Session: Class initialized using 'CodeIgniter\Session\Handlers\FileHandler' driver.
INFO - 2024-07-28 11:27:29 --> Session: Class initialized using 'CodeIgniter\Session\Handlers\FileHandler' driver.
INFO - 2024-07-28 11:28:54 --> Session: Class initialized using 'CodeIgniter\Session\Handlers\FileHandler' driver.
CRITICAL - 2024-07-28 11:28:54 --> ErrorException: Undefined variable $similarProducts
[Method: GET, Route: product_details_view]
in APPPATH\Views\partner\product\product_details_view.php on line 229.
 1 APPPATH\Views\partner\product\product_details_view.php(229): CodeIgniter\Debug\Exceptions->errorHandler(2, 'Undefined variable $similarProducts', 'C:\\xampp\\htdocs\\happymeds\\app\\Views\\partner\\product\\product_details_view.php', 229)
 2 SYSTEMPATH\View\View.php(234): include('C:\\xampp\\htdocs\\happymeds\\app\\Views\\partner\\product\\product_details_view.php')
 3 SYSTEMPATH\View\View.php(237): CodeIgniter\View\View->CodeIgniter\View\{closure}()
 4 SYSTEMPATH\Common.php(1171): CodeIgniter\View\View->render('partner/product/product_details_view', [], true)
 5 APPPATH\Controllers\PartnerController.php(292): view('partner/product/product_details_view', [...])
 6 APPPATH\Controllers\PartnerController.php(271): App\Controllers\PartnerController->App\Controllers\{closure}()
 7 APPPATH\Controllers\PartnerController.php(286): App\Controllers\PartnerController->renderCache('banking_view', Object(Closure))
 8 APPPATH\Controllers\PartnerController.php(126): App\Controllers\PartnerController->renderView('banking_view', 'partner/product/product_details_view', [...])
 9 SYSTEMPATH\CodeIgniter.php(933): App\Controllers\PartnerController->ProductDetailsView()
10 SYSTEMPATH\CodeIgniter.php(509): CodeIgniter\CodeIgniter->runController(Object(App\Controllers\PartnerController))
11 SYSTEMPATH\CodeIgniter.php(355): CodeIgniter\CodeIgniter->handleRequest(null, Object(Config\Cache), false)
12 SYSTEMPATH\Boot.php(312): CodeIgniter\CodeIgniter->run()
13 SYSTEMPATH\Boot.php(67): CodeIgniter\Boot::runCodeIgniter(Object(CodeIgniter\CodeIgniter))
14 FCPATH\index.php(56): CodeIgniter\Boot::bootWeb(Object(Config\Paths))
INFO - 2024-07-28 11:31:16 --> Session: Class initialized using 'CodeIgniter\Session\Handlers\FileHandler' driver.
CRITICAL - 2024-07-28 11:31:16 --> ErrorException: Undefined variable $product_data
[Method: GET, Route: product_details_view]
in APPPATH\Views\partner\product\product_details_view.php on line 229.
 1 APPPATH\Views\partner\product\product_details_view.php(229): CodeIgniter\Debug\Exceptions->errorHandler(2, 'Undefined variable $product_data', 'C:\\xampp\\htdocs\\happymeds\\app\\Views\\partner\\product\\product_details_view.php', 229)
 2 SYSTEMPATH\View\View.php(234): include('C:\\xampp\\htdocs\\happymeds\\app\\Views\\partner\\product\\product_details_view.php')
 3 SYSTEMPATH\View\View.php(237): CodeIgniter\View\View->CodeIgniter\View\{closure}()
 4 SYSTEMPATH\Common.php(1171): CodeIgniter\View\View->render('partner/product/product_details_view', [], true)
 5 APPPATH\Controllers\PartnerController.php(292): view('partner/product/product_details_view', [...])
 6 APPPATH\Controllers\PartnerController.php(271): App\Controllers\PartnerController->App\Controllers\{closure}()
 7 APPPATH\Controllers\PartnerController.php(286): App\Controllers\PartnerController->renderCache('banking_view', Object(Closure))
 8 APPPATH\Controllers\PartnerController.php(126): App\Controllers\PartnerController->renderView('banking_view', 'partner/product/product_details_view', [...])
 9 SYSTEMPATH\CodeIgniter.php(933): App\Controllers\PartnerController->ProductDetailsView()
10 SYSTEMPATH\CodeIgniter.php(509): CodeIgniter\CodeIgniter->runController(Object(App\Controllers\PartnerController))
11 SYSTEMPATH\CodeIgniter.php(355): CodeIgniter\CodeIgniter->handleRequest(null, Object(Config\Cache), false)
12 SYSTEMPATH\Boot.php(312): CodeIgniter\CodeIgniter->run()
13 SYSTEMPATH\Boot.php(67): CodeIgniter\Boot::runCodeIgniter(Object(CodeIgniter\CodeIgniter))
14 FCPATH\index.php(56): CodeIgniter\Boot::bootWeb(Object(Config\Paths))
INFO - 2024-07-28 11:31:21 --> Session: Class initialized using 'CodeIgniter\Session\Handlers\FileHandler' driver.
CRITICAL - 2024-07-28 11:31:21 --> ErrorException: Undefined variable $product_data
[Method: GET, Route: product_details_view]
in APPPATH\Views\partner\product\product_details_view.php on line 229.
 1 APPPATH\Views\partner\product\product_details_view.php(229): CodeIgniter\Debug\Exceptions->errorHandler(2, 'Undefined variable $product_data', 'C:\\xampp\\htdocs\\happymeds\\app\\Views\\partner\\product\\product_details_view.php', 229)
 2 SYSTEMPATH\View\View.php(234): include('C:\\xampp\\htdocs\\happymeds\\app\\Views\\partner\\product\\product_details_view.php')
 3 SYSTEMPATH\View\View.php(237): CodeIgniter\View\View->CodeIgniter\View\{closure}()
 4 SYSTEMPATH\Common.php(1171): CodeIgniter\View\View->render('partner/product/product_details_view', [], true)
 5 APPPATH\Controllers\PartnerController.php(292): view('partner/product/product_details_view', [...])
 6 APPPATH\Controllers\PartnerController.php(271): App\Controllers\PartnerController->App\Controllers\{closure}()
 7 APPPATH\Controllers\PartnerController.php(286): App\Controllers\PartnerController->renderCache('banking_view', Object(Closure))
 8 APPPATH\Controllers\PartnerController.php(126): App\Controllers\PartnerController->renderView('banking_view', 'partner/product/product_details_view', [...])
 9 SYSTEMPATH\CodeIgniter.php(933): App\Controllers\PartnerController->ProductDetailsView()
10 SYSTEMPATH\CodeIgniter.php(509): CodeIgniter\CodeIgniter->runController(Object(App\Controllers\PartnerController))
11 SYSTEMPATH\CodeIgniter.php(355): CodeIgniter\CodeIgniter->handleRequest(null, Object(Config\Cache), false)
12 SYSTEMPATH\Boot.php(312): CodeIgniter\CodeIgniter->run()
13 SYSTEMPATH\Boot.php(67): CodeIgniter\Boot::runCodeIgniter(Object(CodeIgniter\CodeIgniter))
14 FCPATH\index.php(56): CodeIgniter\Boot::bootWeb(Object(Config\Paths))
INFO - 2024-07-28 11:33:16 --> Session: Class initialized using 'CodeIgniter\Session\Handlers\FileHandler' driver.
INFO - 2024-07-28 11:33:20 --> Session: Class initialized using 'CodeIgniter\Session\Handlers\FileHandler' driver.
CRITICAL - 2024-07-28 11:33:20 --> ErrorException: Undefined variable $product_data
[Method: GET, Route: product_details_view]
in APPPATH\Views\partner\product\product_details_view.php on line 229.
 1 APPPATH\Views\partner\product\product_details_view.php(229): CodeIgniter\Debug\Exceptions->errorHandler(2, 'Undefined variable $product_data', 'C:\\xampp\\htdocs\\happymeds\\app\\Views\\partner\\product\\product_details_view.php', 229)
 2 SYSTEMPATH\View\View.php(234): include('C:\\xampp\\htdocs\\happymeds\\app\\Views\\partner\\product\\product_details_view.php')
 3 SYSTEMPATH\View\View.php(237): CodeIgniter\View\View->CodeIgniter\View\{closure}()
 4 SYSTEMPATH\Common.php(1171): CodeIgniter\View\View->render('partner/product/product_details_view', [], true)
 5 APPPATH\Controllers\PartnerController.php(292): view('partner/product/product_details_view', [...])
 6 APPPATH\Controllers\PartnerController.php(271): App\Controllers\PartnerController->App\Controllers\{closure}()
 7 APPPATH\Controllers\PartnerController.php(286): App\Controllers\PartnerController->renderCache('banking_view', Object(Closure))
 8 APPPATH\Controllers\PartnerController.php(126): App\Controllers\PartnerController->renderView('banking_view', 'partner/product/product_details_view', [...], [...])
 9 SYSTEMPATH\CodeIgniter.php(933): App\Controllers\PartnerController->ProductDetailsView()
10 SYSTEMPATH\CodeIgniter.php(509): CodeIgniter\CodeIgniter->runController(Object(App\Controllers\PartnerController))
11 SYSTEMPATH\CodeIgniter.php(355): CodeIgniter\CodeIgniter->handleRequest(null, Object(Config\Cache), false)
12 SYSTEMPATH\Boot.php(312): CodeIgniter\CodeIgniter->run()
13 SYSTEMPATH\Boot.php(67): CodeIgniter\Boot::runCodeIgniter(Object(CodeIgniter\CodeIgniter))
14 FCPATH\index.php(56): CodeIgniter\Boot::bootWeb(Object(Config\Paths))
INFO - 2024-07-28 11:33:24 --> Session: Class initialized using 'CodeIgniter\Session\Handlers\FileHandler' driver.
INFO - 2024-07-28 11:33:25 --> Session: Class initialized using 'CodeIgniter\Session\Handlers\FileHandler' driver.
INFO - 2024-07-28 11:33:29 --> Session: Class initialized using 'CodeIgniter\Session\Handlers\FileHandler' driver.
CRITICAL - 2024-07-28 11:33:30 --> ErrorException: Undefined variable $product_data
[Method: GET, Route: product_details_view]
in APPPATH\Views\partner\product\product_details_view.php on line 229.
 1 APPPATH\Views\partner\product\product_details_view.php(229): CodeIgniter\Debug\Exceptions->errorHandler(2, 'Undefined variable $product_data', 'C:\\xampp\\htdocs\\happymeds\\app\\Views\\partner\\product\\product_details_view.php', 229)
 2 SYSTEMPATH\View\View.php(234): include('C:\\xampp\\htdocs\\happymeds\\app\\Views\\partner\\product\\product_details_view.php')
 3 SYSTEMPATH\View\View.php(237): CodeIgniter\View\View->CodeIgniter\View\{closure}()
 4 SYSTEMPATH\Common.php(1171): CodeIgniter\View\View->render('partner/product/product_details_view', [], true)
 5 APPPATH\Controllers\PartnerController.php(292): view('partner/product/product_details_view', [...])
 6 APPPATH\Controllers\PartnerController.php(271): App\Controllers\PartnerController->App\Controllers\{closure}()
 7 APPPATH\Controllers\PartnerController.php(286): App\Controllers\PartnerController->renderCache('banking_view', Object(Closure))
 8 APPPATH\Controllers\PartnerController.php(126): App\Controllers\PartnerController->renderView('banking_view', 'partner/product/product_details_view', [...], [...])
 9 SYSTEMPATH\CodeIgniter.php(933): App\Controllers\PartnerController->ProductDetailsView()
10 SYSTEMPATH\CodeIgniter.php(509): CodeIgniter\CodeIgniter->runController(Object(App\Controllers\PartnerController))
11 SYSTEMPATH\CodeIgniter.php(355): CodeIgniter\CodeIgniter->handleRequest(null, Object(Config\Cache), false)
12 SYSTEMPATH\Boot.php(312): CodeIgniter\CodeIgniter->run()
13 SYSTEMPATH\Boot.php(67): CodeIgniter\Boot::runCodeIgniter(Object(CodeIgniter\CodeIgniter))
14 FCPATH\index.php(56): CodeIgniter\Boot::bootWeb(Object(Config\Paths))
INFO - 2024-07-28 11:34:17 --> Session: Class initialized using 'CodeIgniter\Session\Handlers\FileHandler' driver.
CRITICAL - 2024-07-28 11:34:17 --> ErrorException: Undefined variable $data
[Method: GET, Route: product_details_view]
in APPPATH\Views\partner\product\product_details_view.php on line 229.
 1 APPPATH\Views\partner\product\product_details_view.php(229): CodeIgniter\Debug\Exceptions->errorHandler(2, 'Undefined variable $data', 'C:\\xampp\\htdocs\\happymeds\\app\\Views\\partner\\product\\product_details_view.php', 229)
 2 SYSTEMPATH\View\View.php(234): include('C:\\xampp\\htdocs\\happymeds\\app\\Views\\partner\\product\\product_details_view.php')
 3 SYSTEMPATH\View\View.php(237): CodeIgniter\View\View->CodeIgniter\View\{closure}()
 4 SYSTEMPATH\Common.php(1171): CodeIgniter\View\View->render('partner/product/product_details_view', [], true)
 5 APPPATH\Controllers\PartnerController.php(292): view('partner/product/product_details_view', [...])
 6 APPPATH\Controllers\PartnerController.php(271): App\Controllers\PartnerController->App\Controllers\{closure}()
 7 APPPATH\Controllers\PartnerController.php(286): App\Controllers\PartnerController->renderCache('banking_view', Object(Closure))
 8 APPPATH\Controllers\PartnerController.php(126): App\Controllers\PartnerController->renderView('banking_view', 'partner/product/product_details_view', [...], [...])
 9 SYSTEMPATH\CodeIgniter.php(933): App\Controllers\PartnerController->ProductDetailsView()
10 SYSTEMPATH\CodeIgniter.php(509): CodeIgniter\CodeIgniter->runController(Object(App\Controllers\PartnerController))
11 SYSTEMPATH\CodeIgniter.php(355): CodeIgniter\CodeIgniter->handleRequest(null, Object(Config\Cache), false)
12 SYSTEMPATH\Boot.php(312): CodeIgniter\CodeIgniter->run()
13 SYSTEMPATH\Boot.php(67): CodeIgniter\Boot::runCodeIgniter(Object(CodeIgniter\CodeIgniter))
14 FCPATH\index.php(56): CodeIgniter\Boot::bootWeb(Object(Config\Paths))
INFO - 2024-07-28 11:34:22 --> Session: Class initialized using 'CodeIgniter\Session\Handlers\FileHandler' driver.
INFO - 2024-07-28 11:34:27 --> Session: Class initialized using 'CodeIgniter\Session\Handlers\FileHandler' driver.
INFO - 2024-07-28 11:34:32 --> Session: Class initialized using 'CodeIgniter\Session\Handlers\FileHandler' driver.
CRITICAL - 2024-07-28 11:34:32 --> ErrorException: Undefined variable $data
[Method: GET, Route: product_details_view]
in APPPATH\Views\partner\product\product_details_view.php on line 229.
 1 APPPATH\Views\partner\product\product_details_view.php(229): CodeIgniter\Debug\Exceptions->errorHandler(2, 'Undefined variable $data', 'C:\\xampp\\htdocs\\happymeds\\app\\Views\\partner\\product\\product_details_view.php', 229)
 2 SYSTEMPATH\View\View.php(234): include('C:\\xampp\\htdocs\\happymeds\\app\\Views\\partner\\product\\product_details_view.php')
 3 SYSTEMPATH\View\View.php(237): CodeIgniter\View\View->CodeIgniter\View\{closure}()
 4 SYSTEMPATH\Common.php(1171): CodeIgniter\View\View->render('partner/product/product_details_view', [], true)
 5 APPPATH\Controllers\PartnerController.php(292): view('partner/product/product_details_view', [...])
 6 APPPATH\Controllers\PartnerController.php(271): App\Controllers\PartnerController->App\Controllers\{closure}()
 7 APPPATH\Controllers\PartnerController.php(286): App\Controllers\PartnerController->renderCache('banking_view', Object(Closure))
 8 APPPATH\Controllers\PartnerController.php(126): App\Controllers\PartnerController->renderView('banking_view', 'partner/product/product_details_view', [...], [...])
 9 SYSTEMPATH\CodeIgniter.php(933): App\Controllers\PartnerController->ProductDetailsView()
10 SYSTEMPATH\CodeIgniter.php(509): CodeIgniter\CodeIgniter->runController(Object(App\Controllers\PartnerController))
11 SYSTEMPATH\CodeIgniter.php(355): CodeIgniter\CodeIgniter->handleRequest(null, Object(Config\Cache), false)
12 SYSTEMPATH\Boot.php(312): CodeIgniter\CodeIgniter->run()
13 SYSTEMPATH\Boot.php(67): CodeIgniter\Boot::runCodeIgniter(Object(CodeIgniter\CodeIgniter))
14 FCPATH\index.php(56): CodeIgniter\Boot::bootWeb(Object(Config\Paths))
INFO - 2024-07-28 11:35:45 --> Session: Class initialized using 'CodeIgniter\Session\Handlers\FileHandler' driver.
INFO - 2024-07-28 11:35:51 --> Session: Class initialized using 'CodeIgniter\Session\Handlers\FileHandler' driver.
INFO - 2024-07-28 11:36:08 --> Session: Class initialized using 'CodeIgniter\Session\Handlers\FileHandler' driver.
INFO - 2024-07-28 11:36:12 --> Session: Class initialized using 'CodeIgniter\Session\Handlers\FileHandler' driver.
CRITICAL - 2024-07-28 11:36:12 --> ErrorException: Undefined variable $productModel
[Method: GET, Route: product_details_view]
in APPPATH\Controllers\PartnerController.php on line 126.
 1 APPPATH\Controllers\PartnerController.php(126): CodeIgniter\Debug\Exceptions->errorHandler(2, 'Undefined variable $productModel', 'C:\\xampp\\htdocs\\happymeds\\app\\Controllers\\PartnerController.php', 126)
 2 SYSTEMPATH\CodeIgniter.php(933): App\Controllers\PartnerController->ProductDetailsView()
 3 SYSTEMPATH\CodeIgniter.php(509): CodeIgniter\CodeIgniter->runController(Object(App\Controllers\PartnerController))
 4 SYSTEMPATH\CodeIgniter.php(355): CodeIgniter\CodeIgniter->handleRequest(null, Object(Config\Cache), false)
 5 SYSTEMPATH\Boot.php(312): CodeIgniter\CodeIgniter->run()
 6 SYSTEMPATH\Boot.php(67): CodeIgniter\Boot::runCodeIgniter(Object(CodeIgniter\CodeIgniter))
 7 FCPATH\index.php(56): CodeIgniter\Boot::bootWeb(Object(Config\Paths))
INFO - 2024-07-28 11:37:20 --> Session: Class initialized using 'CodeIgniter\Session\Handlers\FileHandler' driver.
CRITICAL - 2024-07-28 11:37:20 --> ErrorException: Undefined array key "category_id"
[Method: GET, Route: product_details_view]
in APPPATH\Controllers\PartnerController.php on line 126.
 1 APPPATH\Controllers\PartnerController.php(126): CodeIgniter\Debug\Exceptions->errorHandler(2, 'Undefined array key "category_id"', 'C:\\xampp\\htdocs\\happymeds\\app\\Controllers\\PartnerController.php', 126)
 2 SYSTEMPATH\CodeIgniter.php(933): App\Controllers\PartnerController->ProductDetailsView()
 3 SYSTEMPATH\CodeIgniter.php(509): CodeIgniter\CodeIgniter->runController(Object(App\Controllers\PartnerController))
 4 SYSTEMPATH\CodeIgniter.php(355): CodeIgniter\CodeIgniter->handleRequest(null, Object(Config\Cache), false)
 5 SYSTEMPATH\Boot.php(312): CodeIgniter\CodeIgniter->run()
 6 SYSTEMPATH\Boot.php(67): CodeIgniter\Boot::runCodeIgniter(Object(CodeIgniter\CodeIgniter))
 7 FCPATH\index.php(56): CodeIgniter\Boot::bootWeb(Object(Config\Paths))
INFO - 2024-07-28 11:37:41 --> Session: Class initialized using 'CodeIgniter\Session\Handlers\FileHandler' driver.
ERROR - 2024-07-28 11:37:41 --> mysqli_sql_exception: Unknown column 'id' in 'where clause' in C:\xampp\htdocs\happymeds\system\Database\MySQLi\Connection.php:308
Stack trace:
#0 C:\xampp\htdocs\happymeds\system\Database\MySQLi\Connection.php(308): mysqli->query('SELECT *\nFROM `...', 0)
#1 C:\xampp\htdocs\happymeds\system\Database\BaseConnection.php(722): CodeIgniter\Database\MySQLi\Connection->execute('SELECT *\nFROM `...')
#2 C:\xampp\htdocs\happymeds\system\Database\BaseConnection.php(636): CodeIgniter\Database\BaseConnection->simpleQuery('SELECT *\nFROM `...')
#3 C:\xampp\htdocs\happymeds\system\Database\BaseBuilder.php(1629): CodeIgniter\Database\BaseConnection->query('SELECT *\nFROM `...', Array, false)
#4 C:\xampp\htdocs\happymeds\system\Model.php(275): CodeIgniter\Database\BaseBuilder->get()
#5 C:\xampp\htdocs\happymeds\system\BaseModel.php(676): CodeIgniter\Model->doFindAll(0, 0)
#6 C:\xampp\htdocs\happymeds\app\Controllers\PartnerController.php(127): CodeIgniter\BaseModel->findAll()
#7 C:\xampp\htdocs\happymeds\system\CodeIgniter.php(933): App\Controllers\PartnerController->ProductDetailsView()
#8 C:\xampp\htdocs\happymeds\system\CodeIgniter.php(509): CodeIgniter\CodeIgniter->runController(Object(App\Controllers\PartnerController))
#9 C:\xampp\htdocs\happymeds\system\CodeIgniter.php(355): CodeIgniter\CodeIgniter->handleRequest(NULL, Object(Config\Cache), false)
#10 C:\xampp\htdocs\happymeds\system\Boot.php(312): CodeIgniter\CodeIgniter->run()
#11 C:\xampp\htdocs\happymeds\system\Boot.php(67): CodeIgniter\Boot::runCodeIgniter(Object(CodeIgniter\CodeIgniter))
#12 C:\xampp\htdocs\happymeds\index.php(56): CodeIgniter\Boot::bootWeb(Object(Config\Paths))
#13 {main}
CRITICAL - 2024-07-28 11:37:41 --> CodeIgniter\Database\Exceptions\DatabaseException: Unknown column 'id' in 'where clause'
[Method: GET, Route: product_details_view]
in SYSTEMPATH\Database\BaseConnection.php on line 676.
 1 SYSTEMPATH\Database\BaseBuilder.php(1629): CodeIgniter\Database\BaseConnection->query('SELECT *
FROM `product_data`
WHERE `id` != :id:', [...], false)
 2 SYSTEMPATH\Model.php(275): CodeIgniter\Database\BaseBuilder->get()
 3 SYSTEMPATH\BaseModel.php(676): CodeIgniter\Model->doFindAll(0, 0)
 4 APPPATH\Controllers\PartnerController.php(127): CodeIgniter\BaseModel->findAll()
 5 SYSTEMPATH\CodeIgniter.php(933): App\Controllers\PartnerController->ProductDetailsView()
 6 SYSTEMPATH\CodeIgniter.php(509): CodeIgniter\CodeIgniter->runController(Object(App\Controllers\PartnerController))
 7 SYSTEMPATH\CodeIgniter.php(355): CodeIgniter\CodeIgniter->handleRequest(null, Object(Config\Cache), false)
 8 SYSTEMPATH\Boot.php(312): CodeIgniter\CodeIgniter->run()
 9 SYSTEMPATH\Boot.php(67): CodeIgniter\Boot::runCodeIgniter(Object(CodeIgniter\CodeIgniter))
10 FCPATH\index.php(56): CodeIgniter\Boot::bootWeb(Object(Config\Paths))
CRITICAL - 2024-07-28 11:37:41 --> [Caused by] CodeIgniter\Database\Exceptions\DatabaseException: Unknown column 'id' in 'where clause'
in SYSTEMPATH\Database\MySQLi\Connection.php on line 313.
 1 SYSTEMPATH\Database\BaseConnection.php(722): CodeIgniter\Database\MySQLi\Connection->execute('SELECT *
FROM `product_data`
WHERE `id` != \'1\'')
 2 SYSTEMPATH\Database\BaseConnection.php(636): CodeIgniter\Database\BaseConnection->simpleQuery('SELECT *
FROM `product_data`
WHERE `id` != \'1\'')
 3 SYSTEMPATH\Database\BaseBuilder.php(1629): CodeIgniter\Database\BaseConnection->query('SELECT *
FROM `product_data`
WHERE `id` != :id:', [...], false)
 4 SYSTEMPATH\Model.php(275): CodeIgniter\Database\BaseBuilder->get()
 5 SYSTEMPATH\BaseModel.php(676): CodeIgniter\Model->doFindAll(0, 0)
 6 APPPATH\Controllers\PartnerController.php(127): CodeIgniter\BaseModel->findAll()
 7 SYSTEMPATH\CodeIgniter.php(933): App\Controllers\PartnerController->ProductDetailsView()
 8 SYSTEMPATH\CodeIgniter.php(509): CodeIgniter\CodeIgniter->runController(Object(App\Controllers\PartnerController))
 9 SYSTEMPATH\CodeIgniter.php(355): CodeIgniter\CodeIgniter->handleRequest(null, Object(Config\Cache), false)
10 SYSTEMPATH\Boot.php(312): CodeIgniter\CodeIgniter->run()
11 SYSTEMPATH\Boot.php(67): CodeIgniter\Boot::runCodeIgniter(Object(CodeIgniter\CodeIgniter))
12 FCPATH\index.php(56): CodeIgniter\Boot::bootWeb(Object(Config\Paths))
CRITICAL - 2024-07-28 11:37:41 --> [Caused by] mysqli_sql_exception: Unknown column 'id' in 'where clause'
in SYSTEMPATH\Database\MySQLi\Connection.php on line 308.
 1 SYSTEMPATH\Database\MySQLi\Connection.php(308): mysqli->query('SELECT *
FROM `product_data`
WHERE `id` != \'1\'', 0)
 2 SYSTEMPATH\Database\BaseConnection.php(722): CodeIgniter\Database\MySQLi\Connection->execute('SELECT *
FROM `product_data`
WHERE `id` != \'1\'')
 3 SYSTEMPATH\Database\BaseConnection.php(636): CodeIgniter\Database\BaseConnection->simpleQuery('SELECT *
FROM `product_data`
WHERE `id` != \'1\'')
 4 SYSTEMPATH\Database\BaseBuilder.php(1629): CodeIgniter\Database\BaseConnection->query('SELECT *
FROM `product_data`
WHERE `id` != :id:', [...], false)
 5 SYSTEMPATH\Model.php(275): CodeIgniter\Database\BaseBuilder->get()
 6 SYSTEMPATH\BaseModel.php(676): CodeIgniter\Model->doFindAll(0, 0)
 7 APPPATH\Controllers\PartnerController.php(127): CodeIgniter\BaseModel->findAll()
 8 SYSTEMPATH\CodeIgniter.php(933): App\Controllers\PartnerController->ProductDetailsView()
 9 SYSTEMPATH\CodeIgniter.php(509): CodeIgniter\CodeIgniter->runController(Object(App\Controllers\PartnerController))
10 SYSTEMPATH\CodeIgniter.php(355): CodeIgniter\CodeIgniter->handleRequest(null, Object(Config\Cache), false)
11 SYSTEMPATH\Boot.php(312): CodeIgniter\CodeIgniter->run()
12 SYSTEMPATH\Boot.php(67): CodeIgniter\Boot::runCodeIgniter(Object(CodeIgniter\CodeIgniter))
13 FCPATH\index.php(56): CodeIgniter\Boot::bootWeb(Object(Config\Paths))
INFO - 2024-07-28 11:37:59 --> Session: Class initialized using 'CodeIgniter\Session\Handlers\FileHandler' driver.
CRITICAL - 2024-07-28 11:37:59 --> ErrorException: Undefined variable $data
[Method: GET, Route: product_details_view]
in APPPATH\Views\partner\product\product_details_view.php on line 229.
 1 APPPATH\Views\partner\product\product_details_view.php(229): CodeIgniter\Debug\Exceptions->errorHandler(2, 'Undefined variable $data', 'C:\\xampp\\htdocs\\happymeds\\app\\Views\\partner\\product\\product_details_view.php', 229)
 2 SYSTEMPATH\View\View.php(234): include('C:\\xampp\\htdocs\\happymeds\\app\\Views\\partner\\product\\product_details_view.php')
 3 SYSTEMPATH\View\View.php(237): CodeIgniter\View\View->CodeIgniter\View\{closure}()
 4 SYSTEMPATH\Common.php(1171): CodeIgniter\View\View->render('partner/product/product_details_view', [], true)
 5 APPPATH\Controllers\PartnerController.php(299): view('partner/product/product_details_view', [...])
 6 APPPATH\Controllers\PartnerController.php(278): App\Controllers\PartnerController->App\Controllers\{closure}()
 7 APPPATH\Controllers\PartnerController.php(293): App\Controllers\PartnerController->renderCache('banking_view', Object(Closure))
 8 APPPATH\Controllers\PartnerController.php(130): App\Controllers\PartnerController->renderView('banking_view', 'partner/product/product_details_view', [...])
 9 SYSTEMPATH\CodeIgniter.php(933): App\Controllers\PartnerController->ProductDetailsView()
10 SYSTEMPATH\CodeIgniter.php(509): CodeIgniter\CodeIgniter->runController(Object(App\Controllers\PartnerController))
11 SYSTEMPATH\CodeIgniter.php(355): CodeIgniter\CodeIgniter->handleRequest(null, Object(Config\Cache), false)
12 SYSTEMPATH\Boot.php(312): CodeIgniter\CodeIgniter->run()
13 SYSTEMPATH\Boot.php(67): CodeIgniter\Boot::runCodeIgniter(Object(CodeIgniter\CodeIgniter))
14 FCPATH\index.php(56): CodeIgniter\Boot::bootWeb(Object(Config\Paths))
INFO - 2024-07-28 11:38:15 --> Session: Class initialized using 'CodeIgniter\Session\Handlers\FileHandler' driver.
CRITICAL - 2024-07-28 11:38:15 --> ErrorException: Undefined array key "image"
[Method: GET, Route: product_details_view]
in APPPATH\Views\partner\product\product_details_view.php on line 235.
 1 APPPATH\Views\partner\product\product_details_view.php(235): CodeIgniter\Debug\Exceptions->errorHandler(2, 'Undefined array key "image"', 'C:\\xampp\\htdocs\\happymeds\\app\\Views\\partner\\product\\product_details_view.php', 235)
 2 SYSTEMPATH\View\View.php(234): include('C:\\xampp\\htdocs\\happymeds\\app\\Views\\partner\\product\\product_details_view.php')
 3 SYSTEMPATH\View\View.php(237): CodeIgniter\View\View->CodeIgniter\View\{closure}()
 4 SYSTEMPATH\Common.php(1171): CodeIgniter\View\View->render('partner/product/product_details_view', [], true)
 5 APPPATH\Controllers\PartnerController.php(299): view('partner/product/product_details_view', [...])
 6 APPPATH\Controllers\PartnerController.php(278): App\Controllers\PartnerController->App\Controllers\{closure}()
 7 APPPATH\Controllers\PartnerController.php(293): App\Controllers\PartnerController->renderCache('banking_view', Object(Closure))
 8 APPPATH\Controllers\PartnerController.php(130): App\Controllers\PartnerController->renderView('banking_view', 'partner/product/product_details_view', [...])
 9 SYSTEMPATH\CodeIgniter.php(933): App\Controllers\PartnerController->ProductDetailsView()
10 SYSTEMPATH\CodeIgniter.php(509): CodeIgniter\CodeIgniter->runController(Object(App\Controllers\PartnerController))
11 SYSTEMPATH\CodeIgniter.php(355): CodeIgniter\CodeIgniter->handleRequest(null, Object(Config\Cache), false)
12 SYSTEMPATH\Boot.php(312): CodeIgniter\CodeIgniter->run()
13 SYSTEMPATH\Boot.php(67): CodeIgniter\Boot::runCodeIgniter(Object(CodeIgniter\CodeIgniter))
14 FCPATH\index.php(56): CodeIgniter\Boot::bootWeb(Object(Config\Paths))
INFO - 2024-07-28 11:38:50 --> Session: Class initialized using 'CodeIgniter\Session\Handlers\FileHandler' driver.
CRITICAL - 2024-07-28 11:38:50 --> ErrorException: Undefined array key "name"
[Method: GET, Route: product_details_view]
in APPPATH\Views\partner\product\product_details_view.php on line 235.
 1 APPPATH\Views\partner\product\product_details_view.php(235): CodeIgniter\Debug\Exceptions->errorHandler(2, 'Undefined array key "name"', 'C:\\xampp\\htdocs\\happymeds\\app\\Views\\partner\\product\\product_details_view.php', 235)
 2 SYSTEMPATH\View\View.php(234): include('C:\\xampp\\htdocs\\happymeds\\app\\Views\\partner\\product\\product_details_view.php')
 3 SYSTEMPATH\View\View.php(237): CodeIgniter\View\View->CodeIgniter\View\{closure}()
 4 SYSTEMPATH\Common.php(1171): CodeIgniter\View\View->render('partner/product/product_details_view', [], true)
 5 APPPATH\Controllers\PartnerController.php(299): view('partner/product/product_details_view', [...])
 6 APPPATH\Controllers\PartnerController.php(278): App\Controllers\PartnerController->App\Controllers\{closure}()
 7 APPPATH\Controllers\PartnerController.php(293): App\Controllers\PartnerController->renderCache('banking_view', Object(Closure))
 8 APPPATH\Controllers\PartnerController.php(130): App\Controllers\PartnerController->renderView('banking_view', 'partner/product/product_details_view', [...])
 9 SYSTEMPATH\CodeIgniter.php(933): App\Controllers\PartnerController->ProductDetailsView()
10 SYSTEMPATH\CodeIgniter.php(509): CodeIgniter\CodeIgniter->runController(Object(App\Controllers\PartnerController))
11 SYSTEMPATH\CodeIgniter.php(355): CodeIgniter\CodeIgniter->handleRequest(null, Object(Config\Cache), false)
12 SYSTEMPATH\Boot.php(312): CodeIgniter\CodeIgniter->run()
13 SYSTEMPATH\Boot.php(67): CodeIgniter\Boot::runCodeIgniter(Object(CodeIgniter\CodeIgniter))
14 FCPATH\index.php(56): CodeIgniter\Boot::bootWeb(Object(Config\Paths))
INFO - 2024-07-28 11:40:54 --> Session: Class initialized using 'CodeIgniter\Session\Handlers\FileHandler' driver.
CRITICAL - 2024-07-28 11:40:54 --> ErrorException: Undefined array key "name"
[Method: GET, Route: product_details_view]
in APPPATH\Views\partner\product\product_details_view.php on line 235.
 1 APPPATH\Views\partner\product\product_details_view.php(235): CodeIgniter\Debug\Exceptions->errorHandler(2, 'Undefined array key "name"', 'C:\\xampp\\htdocs\\happymeds\\app\\Views\\partner\\product\\product_details_view.php', 235)
 2 SYSTEMPATH\View\View.php(234): include('C:\\xampp\\htdocs\\happymeds\\app\\Views\\partner\\product\\product_details_view.php')
 3 SYSTEMPATH\View\View.php(237): CodeIgniter\View\View->CodeIgniter\View\{closure}()
 4 SYSTEMPATH\Common.php(1171): CodeIgniter\View\View->render('partner/product/product_details_view', [], true)
 5 APPPATH\Controllers\PartnerController.php(299): view('partner/product/product_details_view', [...])
 6 APPPATH\Controllers\PartnerController.php(278): App\Controllers\PartnerController->App\Controllers\{closure}()
 7 APPPATH\Controllers\PartnerController.php(293): App\Controllers\PartnerController->renderCache('banking_view', Object(Closure))
 8 APPPATH\Controllers\PartnerController.php(130): App\Controllers\PartnerController->renderView('banking_view', 'partner/product/product_details_view', [...])
 9 SYSTEMPATH\CodeIgniter.php(933): App\Controllers\PartnerController->ProductDetailsView()
10 SYSTEMPATH\CodeIgniter.php(509): CodeIgniter\CodeIgniter->runController(Object(App\Controllers\PartnerController))
11 SYSTEMPATH\CodeIgniter.php(355): CodeIgniter\CodeIgniter->handleRequest(null, Object(Config\Cache), false)
12 SYSTEMPATH\Boot.php(312): CodeIgniter\CodeIgniter->run()
13 SYSTEMPATH\Boot.php(67): CodeIgniter\Boot::runCodeIgniter(Object(CodeIgniter\CodeIgniter))
14 FCPATH\index.php(56): CodeIgniter\Boot::bootWeb(Object(Config\Paths))
INFO - 2024-07-28 11:41:12 --> Session: Class initialized using 'CodeIgniter\Session\Handlers\FileHandler' driver.
CRITICAL - 2024-07-28 11:41:12 --> ErrorException: Undefined array key "discount_price"
[Method: GET, Route: product_details_view]
in APPPATH\Views\partner\product\product_details_view.php on line 244.
 1 APPPATH\Views\partner\product\product_details_view.php(244): CodeIgniter\Debug\Exceptions->errorHandler(2, 'Undefined array key "discount_price"', 'C:\\xampp\\htdocs\\happymeds\\app\\Views\\partner\\product\\product_details_view.php', 244)
 2 SYSTEMPATH\View\View.php(234): include('C:\\xampp\\htdocs\\happymeds\\app\\Views\\partner\\product\\product_details_view.php')
 3 SYSTEMPATH\View\View.php(237): CodeIgniter\View\View->CodeIgniter\View\{closure}()
 4 SYSTEMPATH\Common.php(1171): CodeIgniter\View\View->render('partner/product/product_details_view', [], true)
 5 APPPATH\Controllers\PartnerController.php(299): view('partner/product/product_details_view', [...])
 6 APPPATH\Controllers\PartnerController.php(278): App\Controllers\PartnerController->App\Controllers\{closure}()
 7 APPPATH\Controllers\PartnerController.php(293): App\Controllers\PartnerController->renderCache('banking_view', Object(Closure))
 8 APPPATH\Controllers\PartnerController.php(130): App\Controllers\PartnerController->renderView('banking_view', 'partner/product/product_details_view', [...])
 9 SYSTEMPATH\CodeIgniter.php(933): App\Controllers\PartnerController->ProductDetailsView()
10 SYSTEMPATH\CodeIgniter.php(509): CodeIgniter\CodeIgniter->runController(Object(App\Controllers\PartnerController))
11 SYSTEMPATH\CodeIgniter.php(355): CodeIgniter\CodeIgniter->handleRequest(null, Object(Config\Cache), false)
12 SYSTEMPATH\Boot.php(312): CodeIgniter\CodeIgniter->run()
13 SYSTEMPATH\Boot.php(67): CodeIgniter\Boot::runCodeIgniter(Object(CodeIgniter\CodeIgniter))
14 FCPATH\index.php(56): CodeIgniter\Boot::bootWeb(Object(Config\Paths))
INFO - 2024-07-28 11:41:39 --> Session: Class initialized using 'CodeIgniter\Session\Handlers\FileHandler' driver.
INFO - 2024-07-28 11:43:11 --> Session: Class initialized using 'CodeIgniter\Session\Handlers\FileHandler' driver.
INFO - 2024-07-28 11:44:34 --> Session: Class initialized using 'CodeIgniter\Session\Handlers\FileHandler' driver.
INFO - 2024-07-28 11:44:51 --> Session: Class initialized using 'CodeIgniter\Session\Handlers\FileHandler' driver.
INFO - 2024-07-28 11:44:58 --> Session: Class initialized using 'CodeIgniter\Session\Handlers\FileHandler' driver.
INFO - 2024-07-28 11:46:54 --> Session: Class initialized using 'CodeIgniter\Session\Handlers\FileHandler' driver.
INFO - 2024-07-28 11:48:15 --> Session: Class initialized using 'CodeIgniter\Session\Handlers\FileHandler' driver.
INFO - 2024-07-28 11:48:30 --> Session: Class initialized using 'CodeIgniter\Session\Handlers\FileHandler' driver.
INFO - 2024-07-28 11:53:43 --> Session: Class initialized using 'CodeIgniter\Session\Handlers\FileHandler' driver.
INFO - 2024-07-28 11:54:38 --> Session: Class initialized using 'CodeIgniter\Session\Handlers\FileHandler' driver.
INFO - 2024-07-28 11:55:21 --> Session: Class initialized using 'CodeIgniter\Session\Handlers\FileHandler' driver.
INFO - 2024-07-28 12:21:31 --> Session: Class initialized using 'CodeIgniter\Session\Handlers\FileHandler' driver.
INFO - 2024-07-28 12:21:38 --> Session: Class initialized using 'CodeIgniter\Session\Handlers\FileHandler' driver.
INFO - 2024-07-28 12:21:43 --> Session: Class initialized using 'CodeIgniter\Session\Handlers\FileHandler' driver.
INFO - 2024-07-28 12:21:49 --> Session: Class initialized using 'CodeIgniter\Session\Handlers\FileHandler' driver.
INFO - 2024-07-28 12:21:49 --> Session: Class initialized using 'CodeIgniter\Session\Handlers\FileHandler' driver.
INFO - 2024-07-28 12:26:06 --> Session: Class initialized using 'CodeIgniter\Session\Handlers\FileHandler' driver.
INFO - 2024-07-28 12:26:07 --> Session: Class initialized using 'CodeIgniter\Session\Handlers\FileHandler' driver.
INFO - 2024-07-28 12:26:11 --> Session: Class initialized using 'CodeIgniter\Session\Handlers\FileHandler' driver.
INFO - 2024-07-28 12:26:12 --> Session: Class initialized using 'CodeIgniter\Session\Handlers\FileHandler' driver.
CRITICAL - 2024-07-28 12:26:12 --> Error: Class "App\Controllers\Log" not found
[Method: GET, Route: partner_home]
in APPPATH\Controllers\PartnerController.php on line 297.
 1 APPPATH\Controllers\PartnerController.php(278): App\Controllers\PartnerController->App\Controllers\{closure}()
 2 APPPATH\Controllers\PartnerController.php(293): App\Controllers\PartnerController->renderCache('partner_home_view', Object(Closure))
 3 APPPATH\Controllers\PartnerController.php(44): App\Controllers\PartnerController->renderView('partner_home_view', 'partner/partner_home', [...])
 4 SYSTEMPATH\CodeIgniter.php(933): App\Controllers\PartnerController->partnerHome()
 5 SYSTEMPATH\CodeIgniter.php(509): CodeIgniter\CodeIgniter->runController(Object(App\Controllers\PartnerController))
 6 SYSTEMPATH\CodeIgniter.php(355): CodeIgniter\CodeIgniter->handleRequest(null, Object(Config\Cache), false)
 7 SYSTEMPATH\Boot.php(312): CodeIgniter\CodeIgniter->run()
 8 SYSTEMPATH\Boot.php(67): CodeIgniter\Boot::runCodeIgniter(Object(CodeIgniter\CodeIgniter))
 9 FCPATH\index.php(56): CodeIgniter\Boot::bootWeb(Object(Config\Paths))
INFO - 2024-07-28 12:27:09 --> Session: Class initialized using 'CodeIgniter\Session\Handlers\FileHandler' driver.
CRITICAL - 2024-07-28 12:27:09 --> ErrorException: Undefined variable $e
[Method: GET, Route: partner_home]
in APPPATH\Controllers\PartnerController.php on line 297.
 1 APPPATH\Controllers\PartnerController.php(297): CodeIgniter\Debug\Exceptions->errorHandler(2, 'Undefined variable $e', 'C:\\xampp\\htdocs\\happymeds\\app\\Controllers\\PartnerController.php', 297)
 2 APPPATH\Controllers\PartnerController.php(278): App\Controllers\PartnerController->App\Controllers\{closure}()
 3 APPPATH\Controllers\PartnerController.php(293): App\Controllers\PartnerController->renderCache('partner_home_view', Object(Closure))
 4 APPPATH\Controllers\PartnerController.php(44): App\Controllers\PartnerController->renderView('partner_home_view', 'partner/partner_home', [...])
 5 SYSTEMPATH\CodeIgniter.php(933): App\Controllers\PartnerController->partnerHome()
 6 SYSTEMPATH\CodeIgniter.php(509): CodeIgniter\CodeIgniter->runController(Object(App\Controllers\PartnerController))
 7 SYSTEMPATH\CodeIgniter.php(355): CodeIgniter\CodeIgniter->handleRequest(null, Object(Config\Cache), false)
 8 SYSTEMPATH\Boot.php(312): CodeIgniter\CodeIgniter->run()
 9 SYSTEMPATH\Boot.php(67): CodeIgniter\Boot::runCodeIgniter(Object(CodeIgniter\CodeIgniter))
10 FCPATH\index.php(56): CodeIgniter\Boot::bootWeb(Object(Config\Paths))
INFO - 2024-07-28 12:28:00 --> Session: Class initialized using 'CodeIgniter\Session\Handlers\FileHandler' driver.
CRITICAL - 2024-07-28 12:28:00 --> ErrorException: Array to string conversion
[Method: GET, Route: partner_home]
in APPPATH\Controllers\PartnerController.php on line 297.
 1 APPPATH\Controllers\PartnerController.php(297): CodeIgniter\Debug\Exceptions->errorHandler(2, 'Array to string conversion', 'C:\\xampp\\htdocs\\happymeds\\app\\Controllers\\PartnerController.php', 297)
 2 APPPATH\Controllers\PartnerController.php(278): App\Controllers\PartnerController->App\Controllers\{closure}()
 3 APPPATH\Controllers\PartnerController.php(293): App\Controllers\PartnerController->renderCache('partner_home_view', Object(Closure))
 4 APPPATH\Controllers\PartnerController.php(44): App\Controllers\PartnerController->renderView('partner_home_view', 'partner/partner_home', [...])
 5 SYSTEMPATH\CodeIgniter.php(933): App\Controllers\PartnerController->partnerHome()
 6 SYSTEMPATH\CodeIgniter.php(509): CodeIgniter\CodeIgniter->runController(Object(App\Controllers\PartnerController))
 7 SYSTEMPATH\CodeIgniter.php(355): CodeIgniter\CodeIgniter->handleRequest(null, Object(Config\Cache), false)
 8 SYSTEMPATH\Boot.php(312): CodeIgniter\CodeIgniter->run()
 9 SYSTEMPATH\Boot.php(67): CodeIgniter\Boot::runCodeIgniter(Object(CodeIgniter\CodeIgniter))
10 FCPATH\index.php(56): CodeIgniter\Boot::bootWeb(Object(Config\Paths))
INFO - 2024-07-28 12:28:12 --> Session: Class initialized using 'CodeIgniter\Session\Handlers\FileHandler' driver.
ERROR - 2024-07-28 12:28:12 --> userData
INFO - 2024-07-28 12:30:48 --> Session: Class initialized using 'CodeIgniter\Session\Handlers\FileHandler' driver.
ERROR - 2024-07-28 12:30:48 --> userData: Array
(
    [user_id] => 2
    [user_name] => arjunreddy
    [email] => demo@gmail.com
    [phone] => 7788559966
    [password] => $2y$10$ThvyiQoTKKCLK2EKpoLSL.DoEC21uTepLhBzuBrJ0cx0rfPNKcU8W
    [company_name] => Arjun Reddy
    [otp] => 
    [user_type] => partner
    [created_date] => 2024-06-09 22:24:40
    [firstname] => Arjun
    [lastname] => Reddy
    [designation] => Doctor
    [skills] => MBBS, Cardiology
    [gender] => male
    [dob] => 0000-00-00
    [country] => india
    [city] => krasnodar
    [about_me] => Dr. Arjun Reddy, a surgeon of exceptional skill and unwavering dedication, leverages his brilliance in complex procedures to achieve optimal patient outcomes, though his unconventional approach might require further discussion.
    [profile_photo] => 1717954468_b27f872bceb3ceb2bdf5.jpg
    [language] => English,Hindi
    [age] => 34
    [experience] => 12
    [location] => Banglore
)

INFO - 2024-07-28 12:35:58 --> Session: Class initialized using 'CodeIgniter\Session\Handlers\FileHandler' driver.
INFO - 2024-07-28 12:36:39 --> Session: Class initialized using 'CodeIgniter\Session\Handlers\FileHandler' driver.
INFO - 2024-07-28 12:38:22 --> Session: Class initialized using 'CodeIgniter\Session\Handlers\FileHandler' driver.
ERROR - 2024-07-28 12:38:22 --> mysqli_sql_exception: Table 'lammygkk_aranea.bank_account_details' doesn't exist in C:\xampp\htdocs\happymeds\system\Database\MySQLi\Connection.php:308
Stack trace:
#0 C:\xampp\htdocs\happymeds\system\Database\MySQLi\Connection.php(308): mysqli->query('SELECT *\nFROM `...', 0)
#1 C:\xampp\htdocs\happymeds\system\Database\BaseConnection.php(722): CodeIgniter\Database\MySQLi\Connection->execute('SELECT *\nFROM `...')
#2 C:\xampp\htdocs\happymeds\system\Database\BaseConnection.php(636): CodeIgniter\Database\BaseConnection->simpleQuery('SELECT *\nFROM `...')
#3 C:\xampp\htdocs\happymeds\system\Database\BaseBuilder.php(1629): CodeIgniter\Database\BaseConnection->query('SELECT *\nFROM `...', Array, false)
#4 C:\xampp\htdocs\happymeds\system\Model.php(319): CodeIgniter\Database\BaseBuilder->get()
#5 C:\xampp\htdocs\happymeds\system\BaseModel.php(714): CodeIgniter\Model->doFirst()
#6 C:\xampp\htdocs\happymeds\app\Controllers\PartnerController.php(179): CodeIgniter\BaseModel->first()
#7 C:\xampp\htdocs\happymeds\system\CodeIgniter.php(933): App\Controllers\PartnerController->partnerProfile()
#8 C:\xampp\htdocs\happymeds\system\CodeIgniter.php(509): CodeIgniter\CodeIgniter->runController(Object(App\Controllers\PartnerController))
#9 C:\xampp\htdocs\happymeds\system\CodeIgniter.php(355): CodeIgniter\CodeIgniter->handleRequest(NULL, Object(Config\Cache), false)
#10 C:\xampp\htdocs\happymeds\system\Boot.php(312): CodeIgniter\CodeIgniter->run()
#11 C:\xampp\htdocs\happymeds\system\Boot.php(67): CodeIgniter\Boot::runCodeIgniter(Object(CodeIgniter\CodeIgniter))
#12 C:\xampp\htdocs\happymeds\index.php(56): CodeIgniter\Boot::bootWeb(Object(Config\Paths))
#13 {main}
CRITICAL - 2024-07-28 12:38:22 --> CodeIgniter\Database\Exceptions\DatabaseException: Table 'lammygkk_aranea.bank_account_details' doesn't exist
[Method: GET, Route: partner_profile]
in SYSTEMPATH\Database\BaseConnection.php on line 676.
 1 SYSTEMPATH\Database\BaseBuilder.php(1629): CodeIgniter\Database\BaseConnection->query('SELECT *
FROM `bank_account_details`
WHERE `user_id` = :user_id:
 LIMIT 1', [...], false)
 2 SYSTEMPATH\Model.php(319): CodeIgniter\Database\BaseBuilder->get()
 3 SYSTEMPATH\BaseModel.php(714): CodeIgniter\Model->doFirst()
 4 APPPATH\Controllers\PartnerController.php(179): CodeIgniter\BaseModel->first()
 5 SYSTEMPATH\CodeIgniter.php(933): App\Controllers\PartnerController->partnerProfile()
 6 SYSTEMPATH\CodeIgniter.php(509): CodeIgniter\CodeIgniter->runController(Object(App\Controllers\PartnerController))
 7 SYSTEMPATH\CodeIgniter.php(355): CodeIgniter\CodeIgniter->handleRequest(null, Object(Config\Cache), false)
 8 SYSTEMPATH\Boot.php(312): CodeIgniter\CodeIgniter->run()
 9 SYSTEMPATH\Boot.php(67): CodeIgniter\Boot::runCodeIgniter(Object(CodeIgniter\CodeIgniter))
10 FCPATH\index.php(56): CodeIgniter\Boot::bootWeb(Object(Config\Paths))
CRITICAL - 2024-07-28 12:38:22 --> [Caused by] CodeIgniter\Database\Exceptions\DatabaseException: Table 'lammygkk_aranea.bank_account_details' doesn't exist
in SYSTEMPATH\Database\MySQLi\Connection.php on line 313.
 1 SYSTEMPATH\Database\BaseConnection.php(722): CodeIgniter\Database\MySQLi\Connection->execute('SELECT *
FROM `bank_account_details`
WHERE `user_id` = 2
 LIMIT 1')
 2 SYSTEMPATH\Database\BaseConnection.php(636): CodeIgniter\Database\BaseConnection->simpleQuery('SELECT *
FROM `bank_account_details`
WHERE `user_id` = 2
 LIMIT 1')
 3 SYSTEMPATH\Database\BaseBuilder.php(1629): CodeIgniter\Database\BaseConnection->query('SELECT *
FROM `bank_account_details`
WHERE `user_id` = :user_id:
 LIMIT 1', [...], false)
 4 SYSTEMPATH\Model.php(319): CodeIgniter\Database\BaseBuilder->get()
 5 SYSTEMPATH\BaseModel.php(714): CodeIgniter\Model->doFirst()
 6 APPPATH\Controllers\PartnerController.php(179): CodeIgniter\BaseModel->first()
 7 SYSTEMPATH\CodeIgniter.php(933): App\Controllers\PartnerController->partnerProfile()
 8 SYSTEMPATH\CodeIgniter.php(509): CodeIgniter\CodeIgniter->runController(Object(App\Controllers\PartnerController))
 9 SYSTEMPATH\CodeIgniter.php(355): CodeIgniter\CodeIgniter->handleRequest(null, Object(Config\Cache), false)
10 SYSTEMPATH\Boot.php(312): CodeIgniter\CodeIgniter->run()
11 SYSTEMPATH\Boot.php(67): CodeIgniter\Boot::runCodeIgniter(Object(CodeIgniter\CodeIgniter))
12 FCPATH\index.php(56): CodeIgniter\Boot::bootWeb(Object(Config\Paths))
CRITICAL - 2024-07-28 12:38:22 --> [Caused by] mysqli_sql_exception: Table 'lammygkk_aranea.bank_account_details' doesn't exist
in SYSTEMPATH\Database\MySQLi\Connection.php on line 308.
 1 SYSTEMPATH\Database\MySQLi\Connection.php(308): mysqli->query('SELECT *
FROM `bank_account_details`
WHERE `user_id` = 2
 LIMIT 1', 0)
 2 SYSTEMPATH\Database\BaseConnection.php(722): CodeIgniter\Database\MySQLi\Connection->execute('SELECT *
FROM `bank_account_details`
WHERE `user_id` = 2
 LIMIT 1')
 3 SYSTEMPATH\Database\BaseConnection.php(636): CodeIgniter\Database\BaseConnection->simpleQuery('SELECT *
FROM `bank_account_details`
WHERE `user_id` = 2
 LIMIT 1')
 4 SYSTEMPATH\Database\BaseBuilder.php(1629): CodeIgniter\Database\BaseConnection->query('SELECT *
FROM `bank_account_details`
WHERE `user_id` = :user_id:
 LIMIT 1', [...], false)
 5 SYSTEMPATH\Model.php(319): CodeIgniter\Database\BaseBuilder->get()
 6 SYSTEMPATH\BaseModel.php(714): CodeIgniter\Model->doFirst()
 7 APPPATH\Controllers\PartnerController.php(179): CodeIgniter\BaseModel->first()
 8 SYSTEMPATH\CodeIgniter.php(933): App\Controllers\PartnerController->partnerProfile()
 9 SYSTEMPATH\CodeIgniter.php(509): CodeIgniter\CodeIgniter->runController(Object(App\Controllers\PartnerController))
10 SYSTEMPATH\CodeIgniter.php(355): CodeIgniter\CodeIgniter->handleRequest(null, Object(Config\Cache), false)
11 SYSTEMPATH\Boot.php(312): CodeIgniter\CodeIgniter->run()
12 SYSTEMPATH\Boot.php(67): CodeIgniter\Boot::runCodeIgniter(Object(CodeIgniter\CodeIgniter))
13 FCPATH\index.php(56): CodeIgniter\Boot::bootWeb(Object(Config\Paths))
INFO - 2024-07-28 12:42:00 --> Session: Class initialized using 'CodeIgniter\Session\Handlers\FileHandler' driver.
INFO - 2024-07-28 12:44:15 --> Session: Class initialized using 'CodeIgniter\Session\Handlers\FileHandler' driver.
INFO - 2024-07-28 12:44:40 --> Session: Class initialized using 'CodeIgniter\Session\Handlers\FileHandler' driver.
INFO - 2024-07-28 12:44:43 --> Session: Class initialized using 'CodeIgniter\Session\Handlers\FileHandler' driver.
INFO - 2024-07-28 12:44:54 --> Session: Class initialized using 'CodeIgniter\Session\Handlers\FileHandler' driver.
INFO - 2024-07-28 12:45:09 --> Session: Class initialized using 'CodeIgniter\Session\Handlers\FileHandler' driver.
INFO - 2024-07-28 12:45:17 --> Session: Class initialized using 'CodeIgniter\Session\Handlers\FileHandler' driver.
INFO - 2024-07-28 12:47:11 --> Session: Class initialized using 'CodeIgniter\Session\Handlers\FileHandler' driver.
INFO - 2024-07-28 12:47:24 --> Session: Class initialized using 'CodeIgniter\Session\Handlers\FileHandler' driver.
INFO - 2024-07-28 12:50:08 --> Session: Class initialized using 'CodeIgniter\Session\Handlers\FileHandler' driver.
INFO - 2024-07-28 12:50:17 --> Session: Class initialized using 'CodeIgniter\Session\Handlers\FileHandler' driver.
INFO - 2024-07-28 12:50:58 --> Session: Class initialized using 'CodeIgniter\Session\Handlers\FileHandler' driver.
INFO - 2024-07-28 12:51:16 --> Session: Class initialized using 'CodeIgniter\Session\Handlers\FileHandler' driver.
INFO - 2024-07-28 12:59:30 --> Session: Class initialized using 'CodeIgniter\Session\Handlers\FileHandler' driver.
